#
# There is insufficient memory for the Java Runtime Environment to continue.
# Native memory allocation (malloc) failed to allocate 2044816 bytes for Chunk::new
# Possible reasons:
#   The system is out of physical RAM or swap space
#   The process is running with CompressedOops enabled, and the Java Heap may be blocking the growth of the native heap
# Possible solutions:
#   Reduce memory load on the system
#   Increase physical memory or swap space
#   Check if swap backing store is full
#   Decrease Java heap size (-Xmx/-Xms)
#   Decrease number of Java threads
#   Decrease Java thread stack sizes (-Xss)
#   Set larger code cache with -XX:ReservedCodeCacheSize=
#   JVM is running with Unscaled Compressed Oops mode in which the Java heap is
#     placed in the first 4GB address space. The Java Heap base address is the
#     maximum limit for the native heap growth. Please use -XX:HeapBaseMinAddress
#     to set the Java Heap base and to place the Java Heap above 4GB virtual address.
# This output file may be truncated or incomplete.
#
#  Out of Memory Error (./src/hotspot/share/memory/arena.cpp:197), pid=4668, tid=10440
#
# JRE version: OpenJDK Runtime Environment (11.0.11+9) (build 11.0.11+9-b60-7590822)
# Java VM: OpenJDK 64-Bit Server VM (11.0.11+9-b60-7590822, mixed mode, tiered, compressed oops, g1 gc, windows-amd64)
# No core dump will be written. Minidumps are not enabled by default on client versions of Windows
#

---------------  S U M M A R Y ------------

Command Line: --add-opens=java.base/java.util=ALL-UNNAMED --add-opens=java.base/java.lang=ALL-UNNAMED --add-opens=java.base/java.lang.invoke=ALL-UNNAMED --add-opens=java.base/java.util=ALL-UNNAMED --add-opens=java.prefs/java.util.prefs=ALL-UNNAMED --add-opens=java.prefs/java.util.prefs=ALL-UNNAMED --add-opens=java.base/java.nio.charset=ALL-UNNAMED --add-opens=java.base/java.net=ALL-UNNAMED --add-opens=java.base/java.util.concurrent.atomic=ALL-UNNAMED -Xmx2048m -Dfile.encoding=UTF-8 -Duser.country=US -Duser.language=en -Duser.variant org.gradle.launcher.daemon.bootstrap.GradleDaemon 7.3.3

Host: Intel(R) Core(TM) i5-9400F CPU @ 2.90GHz, 6 cores, 15G,  Windows 10 , 64 bit Build 19041 (10.0.19041.1466)
Time: Sat Jan 29 11:45:04 2022 Eastern Standard Time elapsed time: 4.274422 seconds (0d 0h 0m 4s)

---------------  T H R E A D  ---------------

Current thread (0x000002e5f8867800):  JavaThread "C2 CompilerThread0" daemon [_thread_in_native, id=10440, stack(0x000000e5fa800000,0x000000e5fa900000)]


Current CompileTask:
C2:   4274 2547       4       jdk.internal.loader.URLClassPath::getResource (74 bytes)

Stack: [0x000000e5fa800000,0x000000e5fa900000]
Native frames: (J=compiled Java code, j=interpreted, Vv=VM code, C=native code)
V  [jvm.dll+0x5f214a]
V  [jvm.dll+0x726fb5]
V  [jvm.dll+0x7285cd]
V  [jvm.dll+0x728c83]
V  [jvm.dll+0x243278]
V  [jvm.dll+0xbc53c]
V  [jvm.dll+0xbca3c]
V  [jvm.dll+0x353e3b]
V  [jvm.dll+0x19895c]
V  [jvm.dll+0x1fc2ee]
V  [jvm.dll+0x1fb3d4]
V  [jvm.dll+0x183d6c]
V  [jvm.dll+0x209a57]
V  [jvm.dll+0x2082a1]
V  [jvm.dll+0x6ef58f]
V  [jvm.dll+0x6e80b5]
V  [jvm.dll+0x5f1036]
C  [ucrtbase.dll+0x21bb2]
C  [KERNEL32.DLL+0x17034]
C  [ntdll.dll+0x52651]


---------------  P R O C E S S  ---------------

Threads class SMR info:
_java_thread_list=0x000002e5fe6edb20, length=31, elements={
0x000002e5ddf34000, 0x000002e5f7f89000, 0x000002e5f7f8a000, 0x000002e5f885f800,
0x000002e5f8862800, 0x000002e5f8864800, 0x000002e5f8867800, 0x000002e5f8869000,
0x000002e5f886c000, 0x000002e5f89d8000, 0x000002e5fac38800, 0x000002e5f9877800,
0x000002e5f8e8f000, 0x000002e5fb1fc000, 0x000002e5fa25e000, 0x000002e5fa198800,
0x000002e5f9cb4000, 0x000002e5faf5a000, 0x000002e5fbba3800, 0x000002e5fb500800,
0x000002e5fb501800, 0x000002e5fb503800, 0x000002e5fb503000, 0x000002e5fb502000,
0x000002e5fc27c800, 0x000002e5fb504800, 0x000002e5fb4ff000, 0x000002e5fb505800,
0x000002e5fb4ff800, 0x000002e5fbf22000, 0x000002e5fbf23000
}

Java Threads: ( => current thread )
  0x000002e5ddf34000 JavaThread "main" [_thread_blocked, id=6448, stack(0x000000e5f9c00000,0x000000e5f9d00000)]
  0x000002e5f7f89000 JavaThread "Reference Handler" daemon [_thread_blocked, id=9764, stack(0x000000e5fa300000,0x000000e5fa400000)]
  0x000002e5f7f8a000 JavaThread "Finalizer" daemon [_thread_blocked, id=7680, stack(0x000000e5fa400000,0x000000e5fa500000)]
  0x000002e5f885f800 JavaThread "Signal Dispatcher" daemon [_thread_blocked, id=10688, stack(0x000000e5fa500000,0x000000e5fa600000)]
  0x000002e5f8862800 JavaThread "Attach Listener" daemon [_thread_blocked, id=19552, stack(0x000000e5fa600000,0x000000e5fa700000)]
  0x000002e5f8864800 JavaThread "Service Thread" daemon [_thread_blocked, id=2512, stack(0x000000e5fa700000,0x000000e5fa800000)]
=>0x000002e5f8867800 JavaThread "C2 CompilerThread0" daemon [_thread_in_native, id=10440, stack(0x000000e5fa800000,0x000000e5fa900000)]
  0x000002e5f8869000 JavaThread "C1 CompilerThread0" daemon [_thread_blocked, id=8616, stack(0x000000e5fa900000,0x000000e5faa00000)]
  0x000002e5f886c000 JavaThread "Sweeper thread" daemon [_thread_blocked, id=14680, stack(0x000000e5faa00000,0x000000e5fab00000)]
  0x000002e5f89d8000 JavaThread "Common-Cleaner" daemon [_thread_blocked, id=19324, stack(0x000000e5fab00000,0x000000e5fac00000)]
  0x000002e5fac38800 JavaThread "Daemon health stats" [_thread_blocked, id=17492, stack(0x000000e5fb500000,0x000000e5fb600000)]
  0x000002e5f9877800 JavaThread "Incoming local TCP Connector on port 65525" [_thread_in_native, id=9432, stack(0x000000e5fad00000,0x000000e5fae00000)]
  0x000002e5f8e8f000 JavaThread "Daemon periodic checks" [_thread_blocked, id=11692, stack(0x000000e5fb600000,0x000000e5fb700000)]
  0x000002e5fb1fc000 JavaThread "Daemon" [_thread_blocked, id=13848, stack(0x000000e5fb700000,0x000000e5fb800000)]
  0x000002e5fa25e000 JavaThread "Handler for socket connection from /127.0.0.1:65525 to /127.0.0.1:65526" [_thread_in_native, id=16896, stack(0x000000e5fb800000,0x000000e5fb900000)]
  0x000002e5fa198800 JavaThread "Cancel handler" [_thread_blocked, id=17904, stack(0x000000e5fb900000,0x000000e5fba00000)]
  0x000002e5f9cb4000 JavaThread "Daemon worker" [_thread_in_native, id=19760, stack(0x000000e5fba00000,0x000000e5fbb00000)]
  0x000002e5faf5a000 JavaThread "Asynchronous log dispatcher for DefaultDaemonConnection: socket connection from /127.0.0.1:65525 to /127.0.0.1:65526" [_thread_blocked, id=14816, stack(0x000000e5fbb00000,0x000000e5fbc00000)]
  0x000002e5fbba3800 JavaThread "Stdin handler" [_thread_blocked, id=3032, stack(0x000000e5fbc00000,0x000000e5fbd00000)]
  0x000002e5fb500800 JavaThread "Daemon client event forwarder" [_thread_blocked, id=19168, stack(0x000000e5fbd00000,0x000000e5fbe00000)]
  0x000002e5fb501800 JavaThread "Cache worker for journal cache (C:\Users\mohit\.gradle\caches\journal-1)" [_thread_blocked, id=19856, stack(0x000000e5fbe00000,0x000000e5fbf00000)]
  0x000002e5fb503800 JavaThread "File lock request listener" [_thread_in_native, id=13880, stack(0x000000e5fbf00000,0x000000e5fc000000)]
  0x000002e5fb503000 JavaThread "Cache worker for file hash cache (C:\Users\mohit\.gradle\caches\7.3.3\fileHashes)" [_thread_blocked, id=15320, stack(0x000000e5fc000000,0x000000e5fc100000)]
  0x000002e5fb502000 JavaThread "Cache worker for file hash cache (C:\Users\mohit\Documents\GitHub\ScoutingRadar2022\.gradle\7.3.3\fileHashes)" [_thread_blocked, id=6920, stack(0x000000e5fc200000,0x000000e5fc300000)]
  0x000002e5fc27c800 JavaThread "C2 CompilerThread1" daemon [_thread_in_native, id=4116, stack(0x000000e5fc300000,0x000000e5fc400000)]
  0x000002e5fb504800 JavaThread "File watcher server" daemon [_thread_in_native, id=1904, stack(0x000000e5fc400000,0x000000e5fc500000)]
  0x000002e5fb4ff000 JavaThread "File watcher consumer" daemon [_thread_blocked, id=11552, stack(0x000000e5fc500000,0x000000e5fc600000)]
  0x000002e5fb505800 JavaThread "Cache worker for checksums cache (C:\Users\mohit\Documents\GitHub\ScoutingRadar2022\.gradle\7.3.3\checksums)" [_thread_blocked, id=13936, stack(0x000000e5fc600000,0x000000e5fc700000)]
  0x000002e5fb4ff800 JavaThread "Cache worker for cache directory md-supplier (C:\Users\mohit\.gradle\caches\7.3.3\md-supplier)" [_thread_blocked, id=18108, stack(0x000000e5fc700000,0x000000e5fc800000)]
  0x000002e5fbf22000 JavaThread "Cache worker for cache directory md-rule (C:\Users\mohit\.gradle\caches\7.3.3\md-rule)" [_thread_blocked, id=16364, stack(0x000000e5fc800000,0x000000e5fc900000)]
  0x000002e5fbf23000 JavaThread "Cache worker for execution history cache (C:\Users\mohit\.gradle\caches\7.3.3\executionHistory)" [_thread_blocked, id=17588, stack(0x000000e5fc900000,0x000000e5fca00000)]

Other Threads:
  0x000002e5f8817800 VMThread "VM Thread" [stack: 0x000000e5fa200000,0x000000e5fa300000] [id=19568]
  0x000002e5f8a06800 WatcherThread [stack: 0x000000e5fac00000,0x000000e5fad00000] [id=19028]
  0x000002e5ddf4b800 GCTaskThread "GC Thread#0" [stack: 0x000000e5f9d00000,0x000000e5f9e00000] [id=11060]
  0x000002e5f9933800 GCTaskThread "GC Thread#1" [stack: 0x000000e5fae00000,0x000000e5faf00000] [id=5944]
  0x000002e5f8d92000 GCTaskThread "GC Thread#2" [stack: 0x000000e5faf00000,0x000000e5fb000000] [id=4900]
  0x000002e5f965d000 GCTaskThread "GC Thread#3" [stack: 0x000000e5fb000000,0x000000e5fb100000] [id=20108]
  0x000002e5f9216000 GCTaskThread "GC Thread#4" [stack: 0x000000e5fb100000,0x000000e5fb200000] [id=9676]
  0x000002e5f98b7800 GCTaskThread "GC Thread#5" [stack: 0x000000e5fb200000,0x000000e5fb300000] [id=20296]
  0x000002e5ddf7d800 ConcurrentGCThread "G1 Main Marker" [stack: 0x000000e5f9e00000,0x000000e5f9f00000] [id=17356]
  0x000002e5ddf7f000 ConcurrentGCThread "G1 Conc#0" [stack: 0x000000e5f9f00000,0x000000e5fa000000] [id=17256]
  0x000002e5f98ba000 ConcurrentGCThread "G1 Conc#1" [stack: 0x000000e5fc100000,0x000000e5fc200000] [id=6424]
  0x000002e5f7e44000 ConcurrentGCThread "G1 Refine#0" [stack: 0x000000e5fa000000,0x000000e5fa100000] [id=1068]
  0x000002e5f94ee800 ConcurrentGCThread "G1 Refine#1" [stack: 0x000000e5fb300000,0x000000e5fb400000] [id=20008]
  0x000002e5fa197800 ConcurrentGCThread "G1 Refine#2" [stack: 0x000000e5fb400000,0x000000e5fb500000] [id=3684]
  0x000002e5f7e45000 ConcurrentGCThread "G1 Young RemSet Sampling" [stack: 0x000000e5fa100000,0x000000e5fa200000] [id=11224]

Threads with active compile tasks:
C2 CompilerThread0   4305 2547       4       jdk.internal.loader.URLClassPath::getResource (74 bytes)
C2 CompilerThread1   4305 2546  s!   4       jdk.internal.loader.URLClassPath::getLoader (194 bytes)

VM state:not at safepoint (normal execution)

VM Mutex/Monitor currently owned by a thread: None

Heap address: 0x0000000080000000, size: 2048 MB, Compressed Oops mode: 32-bit
Narrow klass base: 0x0000000000000000, Narrow klass shift: 3
Compressed class space size: 1073741824 Address: 0x0000000100000000

Heap:
 garbage-first heap   total 262144K, used 24966K [0x0000000080000000, 0x0000000100000000)
  region size 1024K, 12 young (12288K), 9 survivors (9216K)
 Metaspace       used 35463K, capacity 36257K, committed 36480K, reserved 1081344K
  class space    used 4620K, capacity 4935K, committed 4992K, reserved 1048576K
Heap Regions: E=young(eden), S=young(survivor), O=old, HS=humongous(starts), HC=humongous(continues), CS=collection set, F=free, A=archive, TAMS=top-at-mark-start (previous, next)
|   0|0x0000000080000000, 0x0000000080100000, 0x0000000080100000|100%| O|  |TAMS 0x0000000080100000, 0x0000000080000000| Untracked 
|   1|0x0000000080100000, 0x0000000080200000, 0x0000000080200000|100%| O|  |TAMS 0x0000000080200000, 0x0000000080100000| Untracked 
|   2|0x0000000080200000, 0x0000000080300000, 0x0000000080300000|100%| O|  |TAMS 0x0000000080300000, 0x0000000080200000| Untracked 
|   3|0x0000000080300000, 0x0000000080400000, 0x0000000080400000|100%|HS|  |TAMS 0x0000000080400000, 0x0000000080300000| Complete 
|   4|0x0000000080400000, 0x0000000080500000, 0x0000000080500000|100%|HC|  |TAMS 0x0000000080500000, 0x0000000080400000| Complete 
|   5|0x0000000080500000, 0x0000000080600000, 0x0000000080600000|100%|HC|  |TAMS 0x0000000080600000, 0x0000000080500000| Complete 
|   6|0x0000000080600000, 0x0000000080700000, 0x0000000080700000|100%| O|  |TAMS 0x0000000080700000, 0x0000000080600000| Untracked 
|   7|0x0000000080700000, 0x0000000080800000, 0x0000000080800000|100%| O|  |TAMS 0x0000000080800000, 0x0000000080700000| Untracked 
|   8|0x0000000080800000, 0x0000000080900000, 0x0000000080900000|100%| O|  |TAMS 0x0000000080900000, 0x0000000080800000| Untracked 
|   9|0x0000000080900000, 0x0000000080a00000, 0x0000000080a00000|100%| O|  |TAMS 0x0000000080a00000, 0x0000000080900000| Untracked 
|  10|0x0000000080a00000, 0x0000000080b00000, 0x0000000080b00000|100%| O|  |TAMS 0x0000000080b00000, 0x0000000080a00000| Untracked 
|  11|0x0000000080b00000, 0x0000000080c00000, 0x0000000080c00000|100%| O|  |TAMS 0x0000000080c00000, 0x0000000080b00000| Untracked 
|  12|0x0000000080c00000, 0x0000000080d00000, 0x0000000080d00000|100%| O|  |TAMS 0x0000000080d00000, 0x0000000080c00000| Untracked 
|  13|0x0000000080d00000, 0x0000000080dbbc00, 0x0000000080e00000| 73%| O|  |TAMS 0x0000000080dbbc00, 0x0000000080d00000| Untracked 
|  14|0x0000000080e00000, 0x0000000080e00000, 0x0000000080f00000|  0%| F|  |TAMS 0x0000000080e00000, 0x0000000080e00000| Untracked 
|  15|0x0000000080f00000, 0x0000000080f00000, 0x0000000081000000|  0%| F|  |TAMS 0x0000000080f00000, 0x0000000080f00000| Untracked 
|  16|0x0000000081000000, 0x0000000081000000, 0x0000000081100000|  0%| F|  |TAMS 0x0000000081000000, 0x0000000081000000| Untracked 
|  17|0x0000000081100000, 0x0000000081100000, 0x0000000081200000|  0%| F|  |TAMS 0x0000000081100000, 0x0000000081100000| Untracked 
|  18|0x0000000081200000, 0x0000000081200000, 0x0000000081300000|  0%| F|  |TAMS 0x0000000081200000, 0x0000000081200000| Untracked 
|  19|0x0000000081300000, 0x0000000081300000, 0x0000000081400000|  0%| F|  |TAMS 0x0000000081300000, 0x0000000081300000| Untracked 
|  20|0x0000000081400000, 0x0000000081400000, 0x0000000081500000|  0%| F|  |TAMS 0x0000000081400000, 0x0000000081400000| Untracked 
|  21|0x0000000081500000, 0x0000000081500000, 0x0000000081600000|  0%| F|  |TAMS 0x0000000081500000, 0x0000000081500000| Untracked 
|  22|0x0000000081600000, 0x0000000081600000, 0x0000000081700000|  0%| F|  |TAMS 0x0000000081600000, 0x0000000081600000| Untracked 
|  23|0x0000000081700000, 0x0000000081700000, 0x0000000081800000|  0%| F|  |TAMS 0x0000000081700000, 0x0000000081700000| Untracked 
|  24|0x0000000081800000, 0x0000000081800000, 0x0000000081900000|  0%| F|  |TAMS 0x0000000081800000, 0x0000000081800000| Untracked 
|  25|0x0000000081900000, 0x0000000081900000, 0x0000000081a00000|  0%| F|  |TAMS 0x0000000081900000, 0x0000000081900000| Untracked 
|  26|0x0000000081a00000, 0x0000000081a00000, 0x0000000081b00000|  0%| F|  |TAMS 0x0000000081a00000, 0x0000000081a00000| Untracked 
|  27|0x0000000081b00000, 0x0000000081b00000, 0x0000000081c00000|  0%| F|  |TAMS 0x0000000081b00000, 0x0000000081b00000| Untracked 
|  28|0x0000000081c00000, 0x0000000081c00000, 0x0000000081d00000|  0%| F|  |TAMS 0x0000000081c00000, 0x0000000081c00000| Untracked 
|  29|0x0000000081d00000, 0x0000000081d00000, 0x0000000081e00000|  0%| F|  |TAMS 0x0000000081d00000, 0x0000000081d00000| Untracked 
|  30|0x0000000081e00000, 0x0000000081e00000, 0x0000000081f00000|  0%| F|  |TAMS 0x0000000081e00000, 0x0000000081e00000| Untracked 
|  31|0x0000000081f00000, 0x0000000081f00000, 0x0000000082000000|  0%| F|  |TAMS 0x0000000081f00000, 0x0000000081f00000| Untracked 
|  32|0x0000000082000000, 0x0000000082000000, 0x0000000082100000|  0%| F|  |TAMS 0x0000000082000000, 0x0000000082000000| Untracked 
|  33|0x0000000082100000, 0x0000000082100000, 0x0000000082200000|  0%| F|  |TAMS 0x0000000082100000, 0x0000000082100000| Untracked 
|  34|0x0000000082200000, 0x0000000082200000, 0x0000000082300000|  0%| F|  |TAMS 0x0000000082200000, 0x0000000082200000| Untracked 
|  35|0x0000000082300000, 0x0000000082300000, 0x0000000082400000|  0%| F|  |TAMS 0x0000000082300000, 0x0000000082300000| Untracked 
|  36|0x0000000082400000, 0x0000000082400000, 0x0000000082500000|  0%| F|  |TAMS 0x0000000082400000, 0x0000000082400000| Untracked 
|  37|0x0000000082500000, 0x0000000082500000, 0x0000000082600000|  0%| F|  |TAMS 0x0000000082500000, 0x0000000082500000| Untracked 
|  38|0x0000000082600000, 0x0000000082600000, 0x0000000082700000|  0%| F|  |TAMS 0x0000000082600000, 0x0000000082600000| Untracked 
|  39|0x0000000082700000, 0x0000000082700000, 0x0000000082800000|  0%| F|  |TAMS 0x0000000082700000, 0x0000000082700000| Untracked 
|  40|0x0000000082800000, 0x0000000082800000, 0x0000000082900000|  0%| F|  |TAMS 0x0000000082800000, 0x0000000082800000| Untracked 
|  41|0x0000000082900000, 0x0000000082900000, 0x0000000082a00000|  0%| F|  |TAMS 0x0000000082900000, 0x0000000082900000| Untracked 
|  42|0x0000000082a00000, 0x0000000082a00000, 0x0000000082b00000|  0%| F|  |TAMS 0x0000000082a00000, 0x0000000082a00000| Untracked 
|  43|0x0000000082b00000, 0x0000000082b00000, 0x0000000082c00000|  0%| F|  |TAMS 0x0000000082b00000, 0x0000000082b00000| Untracked 
|  44|0x0000000082c00000, 0x0000000082c00000, 0x0000000082d00000|  0%| F|  |TAMS 0x0000000082c00000, 0x0000000082c00000| Untracked 
|  45|0x0000000082d00000, 0x0000000082d00000, 0x0000000082e00000|  0%| F|  |TAMS 0x0000000082d00000, 0x0000000082d00000| Untracked 
|  46|0x0000000082e00000, 0x0000000082e00000, 0x0000000082f00000|  0%| F|  |TAMS 0x0000000082e00000, 0x0000000082e00000| Untracked 
|  47|0x0000000082f00000, 0x0000000082f00000, 0x0000000083000000|  0%| F|  |TAMS 0x0000000082f00000, 0x0000000082f00000| Untracked 
|  48|0x0000000083000000, 0x0000000083000000, 0x0000000083100000|  0%| F|  |TAMS 0x0000000083000000, 0x0000000083000000| Untracked 
|  49|0x0000000083100000, 0x0000000083100000, 0x0000000083200000|  0%| F|  |TAMS 0x0000000083100000, 0x0000000083100000| Untracked 
|  50|0x0000000083200000, 0x0000000083200000, 0x0000000083300000|  0%| F|  |TAMS 0x0000000083200000, 0x0000000083200000| Untracked 
|  51|0x0000000083300000, 0x0000000083300000, 0x0000000083400000|  0%| F|  |TAMS 0x0000000083300000, 0x0000000083300000| Untracked 
|  52|0x0000000083400000, 0x0000000083400000, 0x0000000083500000|  0%| F|  |TAMS 0x0000000083400000, 0x0000000083400000| Untracked 
|  53|0x0000000083500000, 0x0000000083500000, 0x0000000083600000|  0%| F|  |TAMS 0x0000000083500000, 0x0000000083500000| Untracked 
|  54|0x0000000083600000, 0x0000000083600000, 0x0000000083700000|  0%| F|  |TAMS 0x0000000083600000, 0x0000000083600000| Untracked 
|  55|0x0000000083700000, 0x0000000083700000, 0x0000000083800000|  0%| F|  |TAMS 0x0000000083700000, 0x0000000083700000| Untracked 
|  56|0x0000000083800000, 0x0000000083800000, 0x0000000083900000|  0%| F|  |TAMS 0x0000000083800000, 0x0000000083800000| Untracked 
|  57|0x0000000083900000, 0x0000000083900000, 0x0000000083a00000|  0%| F|  |TAMS 0x0000000083900000, 0x0000000083900000| Untracked 
|  58|0x0000000083a00000, 0x0000000083a00000, 0x0000000083b00000|  0%| F|  |TAMS 0x0000000083a00000, 0x0000000083a00000| Untracked 
|  59|0x0000000083b00000, 0x0000000083b00000, 0x0000000083c00000|  0%| F|  |TAMS 0x0000000083b00000, 0x0000000083b00000| Untracked 
|  60|0x0000000083c00000, 0x0000000083c00000, 0x0000000083d00000|  0%| F|  |TAMS 0x0000000083c00000, 0x0000000083c00000| Untracked 
|  61|0x0000000083d00000, 0x0000000083d00000, 0x0000000083e00000|  0%| F|  |TAMS 0x0000000083d00000, 0x0000000083d00000| Untracked 
|  62|0x0000000083e00000, 0x0000000083e00000, 0x0000000083f00000|  0%| F|  |TAMS 0x0000000083e00000, 0x0000000083e00000| Untracked 
|  63|0x0000000083f00000, 0x0000000083f00000, 0x0000000084000000|  0%| F|  |TAMS 0x0000000083f00000, 0x0000000083f00000| Untracked 
|  64|0x0000000084000000, 0x0000000084000000, 0x0000000084100000|  0%| F|  |TAMS 0x0000000084000000, 0x0000000084000000| Untracked 
|  65|0x0000000084100000, 0x0000000084100000, 0x0000000084200000|  0%| F|  |TAMS 0x0000000084100000, 0x0000000084100000| Untracked 
|  66|0x0000000084200000, 0x0000000084200000, 0x0000000084300000|  0%| F|  |TAMS 0x0000000084200000, 0x0000000084200000| Untracked 
|  67|0x0000000084300000, 0x0000000084300000, 0x0000000084400000|  0%| F|  |TAMS 0x0000000084300000, 0x0000000084300000| Untracked 
|  68|0x0000000084400000, 0x0000000084400000, 0x0000000084500000|  0%| F|  |TAMS 0x0000000084400000, 0x0000000084400000| Untracked 
|  69|0x0000000084500000, 0x0000000084500000, 0x0000000084600000|  0%| F|  |TAMS 0x0000000084500000, 0x0000000084500000| Untracked 
|  70|0x0000000084600000, 0x0000000084600000, 0x0000000084700000|  0%| F|  |TAMS 0x0000000084600000, 0x0000000084600000| Untracked 
|  71|0x0000000084700000, 0x0000000084700000, 0x0000000084800000|  0%| F|  |TAMS 0x0000000084700000, 0x0000000084700000| Untracked 
|  72|0x0000000084800000, 0x0000000084800000, 0x0000000084900000|  0%| F|  |TAMS 0x0000000084800000, 0x0000000084800000| Untracked 
|  73|0x0000000084900000, 0x0000000084900000, 0x0000000084a00000|  0%| F|  |TAMS 0x0000000084900000, 0x0000000084900000| Untracked 
|  74|0x0000000084a00000, 0x0000000084a00000, 0x0000000084b00000|  0%| F|  |TAMS 0x0000000084a00000, 0x0000000084a00000| Untracked 
|  75|0x0000000084b00000, 0x0000000084b00000, 0x0000000084c00000|  0%| F|  |TAMS 0x0000000084b00000, 0x0000000084b00000| Untracked 
|  76|0x0000000084c00000, 0x0000000084c00000, 0x0000000084d00000|  0%| F|  |TAMS 0x0000000084c00000, 0x0000000084c00000| Untracked 
|  77|0x0000000084d00000, 0x0000000084d00000, 0x0000000084e00000|  0%| F|  |TAMS 0x0000000084d00000, 0x0000000084d00000| Untracked 
|  78|0x0000000084e00000, 0x0000000084e00000, 0x0000000084f00000|  0%| F|  |TAMS 0x0000000084e00000, 0x0000000084e00000| Untracked 
|  79|0x0000000084f00000, 0x0000000084f00000, 0x0000000085000000|  0%| F|  |TAMS 0x0000000084f00000, 0x0000000084f00000| Untracked 
|  80|0x0000000085000000, 0x0000000085000000, 0x0000000085100000|  0%| F|  |TAMS 0x0000000085000000, 0x0000000085000000| Untracked 
|  81|0x0000000085100000, 0x0000000085100000, 0x0000000085200000|  0%| F|  |TAMS 0x0000000085100000, 0x0000000085100000| Untracked 
|  82|0x0000000085200000, 0x0000000085200000, 0x0000000085300000|  0%| F|  |TAMS 0x0000000085200000, 0x0000000085200000| Untracked 
|  83|0x0000000085300000, 0x0000000085300000, 0x0000000085400000|  0%| F|  |TAMS 0x0000000085300000, 0x0000000085300000| Untracked 
|  84|0x0000000085400000, 0x0000000085400000, 0x0000000085500000|  0%| F|  |TAMS 0x0000000085400000, 0x0000000085400000| Untracked 
|  85|0x0000000085500000, 0x0000000085500000, 0x0000000085600000|  0%| F|  |TAMS 0x0000000085500000, 0x0000000085500000| Untracked 
|  86|0x0000000085600000, 0x0000000085600000, 0x0000000085700000|  0%| F|  |TAMS 0x0000000085600000, 0x0000000085600000| Untracked 
|  87|0x0000000085700000, 0x0000000085700000, 0x0000000085800000|  0%| F|  |TAMS 0x0000000085700000, 0x0000000085700000| Untracked 
|  88|0x0000000085800000, 0x0000000085800000, 0x0000000085900000|  0%| F|  |TAMS 0x0000000085800000, 0x0000000085800000| Untracked 
|  89|0x0000000085900000, 0x0000000085900000, 0x0000000085a00000|  0%| F|  |TAMS 0x0000000085900000, 0x0000000085900000| Untracked 
|  90|0x0000000085a00000, 0x0000000085a00000, 0x0000000085b00000|  0%| F|  |TAMS 0x0000000085a00000, 0x0000000085a00000| Untracked 
|  91|0x0000000085b00000, 0x0000000085b00000, 0x0000000085c00000|  0%| F|  |TAMS 0x0000000085b00000, 0x0000000085b00000| Untracked 
|  92|0x0000000085c00000, 0x0000000085c00000, 0x0000000085d00000|  0%| F|  |TAMS 0x0000000085c00000, 0x0000000085c00000| Untracked 
|  93|0x0000000085d00000, 0x0000000085d00000, 0x0000000085e00000|  0%| F|  |TAMS 0x0000000085d00000, 0x0000000085d00000| Untracked 
|  94|0x0000000085e00000, 0x0000000085e00000, 0x0000000085f00000|  0%| F|  |TAMS 0x0000000085e00000, 0x0000000085e00000| Untracked 
|  95|0x0000000085f00000, 0x0000000085f00000, 0x0000000086000000|  0%| F|  |TAMS 0x0000000085f00000, 0x0000000085f00000| Untracked 
|  96|0x0000000086000000, 0x0000000086000000, 0x0000000086100000|  0%| F|  |TAMS 0x0000000086000000, 0x0000000086000000| Untracked 
|  97|0x0000000086100000, 0x0000000086100000, 0x0000000086200000|  0%| F|  |TAMS 0x0000000086100000, 0x0000000086100000| Untracked 
|  98|0x0000000086200000, 0x0000000086200000, 0x0000000086300000|  0%| F|  |TAMS 0x0000000086200000, 0x0000000086200000| Untracked 
|  99|0x0000000086300000, 0x0000000086300000, 0x0000000086400000|  0%| F|  |TAMS 0x0000000086300000, 0x0000000086300000| Untracked 
| 100|0x0000000086400000, 0x0000000086400000, 0x0000000086500000|  0%| F|  |TAMS 0x0000000086400000, 0x0000000086400000| Untracked 
| 101|0x0000000086500000, 0x0000000086500000, 0x0000000086600000|  0%| F|  |TAMS 0x0000000086500000, 0x0000000086500000| Untracked 
| 102|0x0000000086600000, 0x0000000086600000, 0x0000000086700000|  0%| F|  |TAMS 0x0000000086600000, 0x0000000086600000| Untracked 
| 103|0x0000000086700000, 0x0000000086700000, 0x0000000086800000|  0%| F|  |TAMS 0x0000000086700000, 0x0000000086700000| Untracked 
| 104|0x0000000086800000, 0x0000000086800000, 0x0000000086900000|  0%| F|  |TAMS 0x0000000086800000, 0x0000000086800000| Untracked 
| 105|0x0000000086900000, 0x0000000086900000, 0x0000000086a00000|  0%| F|  |TAMS 0x0000000086900000, 0x0000000086900000| Untracked 
| 106|0x0000000086a00000, 0x0000000086a00000, 0x0000000086b00000|  0%| F|  |TAMS 0x0000000086a00000, 0x0000000086a00000| Untracked 
| 107|0x0000000086b00000, 0x0000000086b00000, 0x0000000086c00000|  0%| F|  |TAMS 0x0000000086b00000, 0x0000000086b00000| Untracked 
| 108|0x0000000086c00000, 0x0000000086c00000, 0x0000000086d00000|  0%| F|  |TAMS 0x0000000086c00000, 0x0000000086c00000| Untracked 
| 109|0x0000000086d00000, 0x0000000086d00000, 0x0000000086e00000|  0%| F|  |TAMS 0x0000000086d00000, 0x0000000086d00000| Untracked 
| 110|0x0000000086e00000, 0x0000000086e00000, 0x0000000086f00000|  0%| F|  |TAMS 0x0000000086e00000, 0x0000000086e00000| Untracked 
| 111|0x0000000086f00000, 0x0000000086f00000, 0x0000000087000000|  0%| F|  |TAMS 0x0000000086f00000, 0x0000000086f00000| Untracked 
| 112|0x0000000087000000, 0x0000000087000000, 0x0000000087100000|  0%| F|  |TAMS 0x0000000087000000, 0x0000000087000000| Untracked 
| 113|0x0000000087100000, 0x0000000087100000, 0x0000000087200000|  0%| F|  |TAMS 0x0000000087100000, 0x0000000087100000| Untracked 
| 114|0x0000000087200000, 0x0000000087200000, 0x0000000087300000|  0%| F|  |TAMS 0x0000000087200000, 0x0000000087200000| Untracked 
| 115|0x0000000087300000, 0x0000000087300000, 0x0000000087400000|  0%| F|  |TAMS 0x0000000087300000, 0x0000000087300000| Untracked 
| 116|0x0000000087400000, 0x0000000087400000, 0x0000000087500000|  0%| F|  |TAMS 0x0000000087400000, 0x0000000087400000| Untracked 
| 117|0x0000000087500000, 0x0000000087500000, 0x0000000087600000|  0%| F|  |TAMS 0x0000000087500000, 0x0000000087500000| Untracked 
| 118|0x0000000087600000, 0x0000000087600000, 0x0000000087700000|  0%| F|  |TAMS 0x0000000087600000, 0x0000000087600000| Untracked 
| 119|0x0000000087700000, 0x0000000087700000, 0x0000000087800000|  0%| F|  |TAMS 0x0000000087700000, 0x0000000087700000| Untracked 
| 120|0x0000000087800000, 0x0000000087800000, 0x0000000087900000|  0%| F|  |TAMS 0x0000000087800000, 0x0000000087800000| Untracked 
| 121|0x0000000087900000, 0x0000000087900000, 0x0000000087a00000|  0%| F|  |TAMS 0x0000000087900000, 0x0000000087900000| Untracked 
| 122|0x0000000087a00000, 0x0000000087a00000, 0x0000000087b00000|  0%| F|  |TAMS 0x0000000087a00000, 0x0000000087a00000| Untracked 
| 123|0x0000000087b00000, 0x0000000087b00000, 0x0000000087c00000|  0%| F|  |TAMS 0x0000000087b00000, 0x0000000087b00000| Untracked 
| 124|0x0000000087c00000, 0x0000000087c00000, 0x0000000087d00000|  0%| F|  |TAMS 0x0000000087c00000, 0x0000000087c00000| Untracked 
| 125|0x0000000087d00000, 0x0000000087d00000, 0x0000000087e00000|  0%| F|  |TAMS 0x0000000087d00000, 0x0000000087d00000| Untracked 
| 126|0x0000000087e00000, 0x0000000087e00000, 0x0000000087f00000|  0%| F|  |TAMS 0x0000000087e00000, 0x0000000087e00000| Untracked 
| 127|0x0000000087f00000, 0x0000000087f00000, 0x0000000088000000|  0%| F|  |TAMS 0x0000000087f00000, 0x0000000087f00000| Untracked 
| 128|0x0000000088000000, 0x0000000088000000, 0x0000000088100000|  0%| F|  |TAMS 0x0000000088000000, 0x0000000088000000| Untracked 
| 129|0x0000000088100000, 0x0000000088100000, 0x0000000088200000|  0%| F|  |TAMS 0x0000000088100000, 0x0000000088100000| Untracked 
| 130|0x0000000088200000, 0x0000000088200000, 0x0000000088300000|  0%| F|  |TAMS 0x0000000088200000, 0x0000000088200000| Untracked 
| 131|0x0000000088300000, 0x0000000088300000, 0x0000000088400000|  0%| F|  |TAMS 0x0000000088300000, 0x0000000088300000| Untracked 
| 132|0x0000000088400000, 0x0000000088400000, 0x0000000088500000|  0%| F|  |TAMS 0x0000000088400000, 0x0000000088400000| Untracked 
| 133|0x0000000088500000, 0x0000000088500000, 0x0000000088600000|  0%| F|  |TAMS 0x0000000088500000, 0x0000000088500000| Untracked 
| 134|0x0000000088600000, 0x0000000088600000, 0x0000000088700000|  0%| F|  |TAMS 0x0000000088600000, 0x0000000088600000| Untracked 
| 135|0x0000000088700000, 0x0000000088700000, 0x0000000088800000|  0%| F|  |TAMS 0x0000000088700000, 0x0000000088700000| Untracked 
| 136|0x0000000088800000, 0x0000000088800000, 0x0000000088900000|  0%| F|  |TAMS 0x0000000088800000, 0x0000000088800000| Untracked 
| 137|0x0000000088900000, 0x0000000088900000, 0x0000000088a00000|  0%| F|  |TAMS 0x0000000088900000, 0x0000000088900000| Untracked 
| 138|0x0000000088a00000, 0x0000000088a00000, 0x0000000088b00000|  0%| F|  |TAMS 0x0000000088a00000, 0x0000000088a00000| Untracked 
| 139|0x0000000088b00000, 0x0000000088b00000, 0x0000000088c00000|  0%| F|  |TAMS 0x0000000088b00000, 0x0000000088b00000| Untracked 
| 140|0x0000000088c00000, 0x0000000088c00000, 0x0000000088d00000|  0%| F|  |TAMS 0x0000000088c00000, 0x0000000088c00000| Untracked 
| 141|0x0000000088d00000, 0x0000000088d00000, 0x0000000088e00000|  0%| F|  |TAMS 0x0000000088d00000, 0x0000000088d00000| Untracked 
| 142|0x0000000088e00000, 0x0000000088e00000, 0x0000000088f00000|  0%| F|  |TAMS 0x0000000088e00000, 0x0000000088e00000| Untracked 
| 143|0x0000000088f00000, 0x0000000088f00000, 0x0000000089000000|  0%| F|  |TAMS 0x0000000088f00000, 0x0000000088f00000| Untracked 
| 144|0x0000000089000000, 0x0000000089000000, 0x0000000089100000|  0%| F|  |TAMS 0x0000000089000000, 0x0000000089000000| Untracked 
| 145|0x0000000089100000, 0x0000000089100000, 0x0000000089200000|  0%| F|  |TAMS 0x0000000089100000, 0x0000000089100000| Untracked 
| 146|0x0000000089200000, 0x0000000089200000, 0x0000000089300000|  0%| F|  |TAMS 0x0000000089200000, 0x0000000089200000| Untracked 
| 147|0x0000000089300000, 0x0000000089300000, 0x0000000089400000|  0%| F|  |TAMS 0x0000000089300000, 0x0000000089300000| Untracked 
| 148|0x0000000089400000, 0x0000000089400000, 0x0000000089500000|  0%| F|  |TAMS 0x0000000089400000, 0x0000000089400000| Untracked 
| 149|0x0000000089500000, 0x0000000089500000, 0x0000000089600000|  0%| F|  |TAMS 0x0000000089500000, 0x0000000089500000| Untracked 
| 150|0x0000000089600000, 0x0000000089600000, 0x0000000089700000|  0%| F|  |TAMS 0x0000000089600000, 0x0000000089600000| Untracked 
| 151|0x0000000089700000, 0x0000000089700000, 0x0000000089800000|  0%| F|  |TAMS 0x0000000089700000, 0x0000000089700000| Untracked 
| 152|0x0000000089800000, 0x0000000089800000, 0x0000000089900000|  0%| F|  |TAMS 0x0000000089800000, 0x0000000089800000| Untracked 
| 153|0x0000000089900000, 0x0000000089900000, 0x0000000089a00000|  0%| F|  |TAMS 0x0000000089900000, 0x0000000089900000| Untracked 
| 154|0x0000000089a00000, 0x0000000089a00000, 0x0000000089b00000|  0%| F|  |TAMS 0x0000000089a00000, 0x0000000089a00000| Untracked 
| 155|0x0000000089b00000, 0x0000000089b00000, 0x0000000089c00000|  0%| F|  |TAMS 0x0000000089b00000, 0x0000000089b00000| Untracked 
| 156|0x0000000089c00000, 0x0000000089c00000, 0x0000000089d00000|  0%| F|  |TAMS 0x0000000089c00000, 0x0000000089c00000| Untracked 
| 157|0x0000000089d00000, 0x0000000089d00000, 0x0000000089e00000|  0%| F|  |TAMS 0x0000000089d00000, 0x0000000089d00000| Untracked 
| 158|0x0000000089e00000, 0x0000000089e00000, 0x0000000089f00000|  0%| F|  |TAMS 0x0000000089e00000, 0x0000000089e00000| Untracked 
| 159|0x0000000089f00000, 0x0000000089f00000, 0x000000008a000000|  0%| F|  |TAMS 0x0000000089f00000, 0x0000000089f00000| Untracked 
| 160|0x000000008a000000, 0x000000008a000000, 0x000000008a100000|  0%| F|  |TAMS 0x000000008a000000, 0x000000008a000000| Untracked 
| 161|0x000000008a100000, 0x000000008a100000, 0x000000008a200000|  0%| F|  |TAMS 0x000000008a100000, 0x000000008a100000| Untracked 
| 162|0x000000008a200000, 0x000000008a200000, 0x000000008a300000|  0%| F|  |TAMS 0x000000008a200000, 0x000000008a200000| Untracked 
| 163|0x000000008a300000, 0x000000008a300000, 0x000000008a400000|  0%| F|  |TAMS 0x000000008a300000, 0x000000008a300000| Untracked 
| 164|0x000000008a400000, 0x000000008a400000, 0x000000008a500000|  0%| F|  |TAMS 0x000000008a400000, 0x000000008a400000| Untracked 
| 165|0x000000008a500000, 0x000000008a500000, 0x000000008a600000|  0%| F|  |TAMS 0x000000008a500000, 0x000000008a500000| Untracked 
| 166|0x000000008a600000, 0x000000008a600000, 0x000000008a700000|  0%| F|  |TAMS 0x000000008a600000, 0x000000008a600000| Untracked 
| 167|0x000000008a700000, 0x000000008a700000, 0x000000008a800000|  0%| F|  |TAMS 0x000000008a700000, 0x000000008a700000| Untracked 
| 168|0x000000008a800000, 0x000000008a800000, 0x000000008a900000|  0%| F|  |TAMS 0x000000008a800000, 0x000000008a800000| Untracked 
| 169|0x000000008a900000, 0x000000008a900000, 0x000000008aa00000|  0%| F|  |TAMS 0x000000008a900000, 0x000000008a900000| Untracked 
| 170|0x000000008aa00000, 0x000000008aa00000, 0x000000008ab00000|  0%| F|  |TAMS 0x000000008aa00000, 0x000000008aa00000| Untracked 
| 171|0x000000008ab00000, 0x000000008ab00000, 0x000000008ac00000|  0%| F|  |TAMS 0x000000008ab00000, 0x000000008ab00000| Untracked 
| 172|0x000000008ac00000, 0x000000008ac00000, 0x000000008ad00000|  0%| F|  |TAMS 0x000000008ac00000, 0x000000008ac00000| Untracked 
| 173|0x000000008ad00000, 0x000000008ad00000, 0x000000008ae00000|  0%| F|  |TAMS 0x000000008ad00000, 0x000000008ad00000| Untracked 
| 174|0x000000008ae00000, 0x000000008ae00000, 0x000000008af00000|  0%| F|  |TAMS 0x000000008ae00000, 0x000000008ae00000| Untracked 
| 175|0x000000008af00000, 0x000000008af00000, 0x000000008b000000|  0%| F|  |TAMS 0x000000008af00000, 0x000000008af00000| Untracked 
| 176|0x000000008b000000, 0x000000008b000000, 0x000000008b100000|  0%| F|  |TAMS 0x000000008b000000, 0x000000008b000000| Untracked 
| 177|0x000000008b100000, 0x000000008b100000, 0x000000008b200000|  0%| F|  |TAMS 0x000000008b100000, 0x000000008b100000| Untracked 
| 178|0x000000008b200000, 0x000000008b200000, 0x000000008b300000|  0%| F|  |TAMS 0x000000008b200000, 0x000000008b200000| Untracked 
| 179|0x000000008b300000, 0x000000008b300000, 0x000000008b400000|  0%| F|  |TAMS 0x000000008b300000, 0x000000008b300000| Untracked 
| 180|0x000000008b400000, 0x000000008b400000, 0x000000008b500000|  0%| F|  |TAMS 0x000000008b400000, 0x000000008b400000| Untracked 
| 181|0x000000008b500000, 0x000000008b500000, 0x000000008b600000|  0%| F|  |TAMS 0x000000008b500000, 0x000000008b500000| Untracked 
| 182|0x000000008b600000, 0x000000008b600000, 0x000000008b700000|  0%| F|  |TAMS 0x000000008b600000, 0x000000008b600000| Untracked 
| 183|0x000000008b700000, 0x000000008b700000, 0x000000008b800000|  0%| F|  |TAMS 0x000000008b700000, 0x000000008b700000| Untracked 
| 184|0x000000008b800000, 0x000000008b800000, 0x000000008b900000|  0%| F|  |TAMS 0x000000008b800000, 0x000000008b800000| Untracked 
| 185|0x000000008b900000, 0x000000008b900000, 0x000000008ba00000|  0%| F|  |TAMS 0x000000008b900000, 0x000000008b900000| Untracked 
| 186|0x000000008ba00000, 0x000000008ba00000, 0x000000008bb00000|  0%| F|  |TAMS 0x000000008ba00000, 0x000000008ba00000| Untracked 
| 187|0x000000008bb00000, 0x000000008bb00000, 0x000000008bc00000|  0%| F|  |TAMS 0x000000008bb00000, 0x000000008bb00000| Untracked 
| 188|0x000000008bc00000, 0x000000008bc00000, 0x000000008bd00000|  0%| F|  |TAMS 0x000000008bc00000, 0x000000008bc00000| Untracked 
| 189|0x000000008bd00000, 0x000000008bd00000, 0x000000008be00000|  0%| F|  |TAMS 0x000000008bd00000, 0x000000008bd00000| Untracked 
| 190|0x000000008be00000, 0x000000008be00000, 0x000000008bf00000|  0%| F|  |TAMS 0x000000008be00000, 0x000000008be00000| Untracked 
| 191|0x000000008bf00000, 0x000000008bf00000, 0x000000008c000000|  0%| F|  |TAMS 0x000000008bf00000, 0x000000008bf00000| Untracked 
| 192|0x000000008c000000, 0x000000008c000000, 0x000000008c100000|  0%| F|  |TAMS 0x000000008c000000, 0x000000008c000000| Untracked 
| 193|0x000000008c100000, 0x000000008c100000, 0x000000008c200000|  0%| F|  |TAMS 0x000000008c100000, 0x000000008c100000| Untracked 
| 194|0x000000008c200000, 0x000000008c200000, 0x000000008c300000|  0%| F|  |TAMS 0x000000008c200000, 0x000000008c200000| Untracked 
| 195|0x000000008c300000, 0x000000008c300000, 0x000000008c400000|  0%| F|  |TAMS 0x000000008c300000, 0x000000008c300000| Untracked 
| 196|0x000000008c400000, 0x000000008c400000, 0x000000008c500000|  0%| F|  |TAMS 0x000000008c400000, 0x000000008c400000| Untracked 
| 197|0x000000008c500000, 0x000000008c500000, 0x000000008c600000|  0%| F|  |TAMS 0x000000008c500000, 0x000000008c500000| Untracked 
| 198|0x000000008c600000, 0x000000008c6a5d30, 0x000000008c700000| 64%| S|CS|TAMS 0x000000008c600000, 0x000000008c600000| Complete 
| 199|0x000000008c700000, 0x000000008c800000, 0x000000008c800000|100%| S|CS|TAMS 0x000000008c700000, 0x000000008c700000| Complete 
| 200|0x000000008c800000, 0x000000008c900000, 0x000000008c900000|100%| S|CS|TAMS 0x000000008c800000, 0x000000008c800000| Complete 
| 201|0x000000008c900000, 0x000000008ca00000, 0x000000008ca00000|100%| S|CS|TAMS 0x000000008c900000, 0x000000008c900000| Complete 
| 202|0x000000008ca00000, 0x000000008cb00000, 0x000000008cb00000|100%| S|CS|TAMS 0x000000008ca00000, 0x000000008ca00000| Complete 
| 203|0x000000008cb00000, 0x000000008cc00000, 0x000000008cc00000|100%| S|CS|TAMS 0x000000008cb00000, 0x000000008cb00000| Complete 
| 204|0x000000008cc00000, 0x000000008cd00000, 0x000000008cd00000|100%| S|CS|TAMS 0x000000008cc00000, 0x000000008cc00000| Complete 
| 205|0x000000008cd00000, 0x000000008ce00000, 0x000000008ce00000|100%| S|CS|TAMS 0x000000008cd00000, 0x000000008cd00000| Complete 
| 206|0x000000008ce00000, 0x000000008cf00000, 0x000000008cf00000|100%| S|CS|TAMS 0x000000008ce00000, 0x000000008ce00000| Complete 
| 207|0x000000008cf00000, 0x000000008cf00000, 0x000000008d000000|  0%| F|  |TAMS 0x000000008cf00000, 0x000000008cf00000| Untracked 
| 208|0x000000008d000000, 0x000000008d000000, 0x000000008d100000|  0%| F|  |TAMS 0x000000008d000000, 0x000000008d000000| Untracked 
| 209|0x000000008d100000, 0x000000008d100000, 0x000000008d200000|  0%| F|  |TAMS 0x000000008d100000, 0x000000008d100000| Untracked 
| 210|0x000000008d200000, 0x000000008d200000, 0x000000008d300000|  0%| F|  |TAMS 0x000000008d200000, 0x000000008d200000| Untracked 
| 211|0x000000008d300000, 0x000000008d300000, 0x000000008d400000|  0%| F|  |TAMS 0x000000008d300000, 0x000000008d300000| Untracked 
| 212|0x000000008d400000, 0x000000008d400000, 0x000000008d500000|  0%| F|  |TAMS 0x000000008d400000, 0x000000008d400000| Untracked 
| 213|0x000000008d500000, 0x000000008d500000, 0x000000008d600000|  0%| F|  |TAMS 0x000000008d500000, 0x000000008d500000| Untracked 
| 214|0x000000008d600000, 0x000000008d600000, 0x000000008d700000|  0%| F|  |TAMS 0x000000008d600000, 0x000000008d600000| Untracked 
| 215|0x000000008d700000, 0x000000008d700000, 0x000000008d800000|  0%| F|  |TAMS 0x000000008d700000, 0x000000008d700000| Untracked 
| 216|0x000000008d800000, 0x000000008d800000, 0x000000008d900000|  0%| F|  |TAMS 0x000000008d800000, 0x000000008d800000| Untracked 
| 217|0x000000008d900000, 0x000000008d900000, 0x000000008da00000|  0%| F|  |TAMS 0x000000008d900000, 0x000000008d900000| Untracked 
| 218|0x000000008da00000, 0x000000008da00000, 0x000000008db00000|  0%| F|  |TAMS 0x000000008da00000, 0x000000008da00000| Untracked 
| 219|0x000000008db00000, 0x000000008db00000, 0x000000008dc00000|  0%| F|  |TAMS 0x000000008db00000, 0x000000008db00000| Untracked 
| 220|0x000000008dc00000, 0x000000008dc00000, 0x000000008dd00000|  0%| F|  |TAMS 0x000000008dc00000, 0x000000008dc00000| Untracked 
| 221|0x000000008dd00000, 0x000000008dd00000, 0x000000008de00000|  0%| F|  |TAMS 0x000000008dd00000, 0x000000008dd00000| Untracked 
| 222|0x000000008de00000, 0x000000008de00000, 0x000000008df00000|  0%| F|  |TAMS 0x000000008de00000, 0x000000008de00000| Untracked 
| 223|0x000000008df00000, 0x000000008df00000, 0x000000008e000000|  0%| F|  |TAMS 0x000000008df00000, 0x000000008df00000| Untracked 
| 224|0x000000008e000000, 0x000000008e000000, 0x000000008e100000|  0%| F|  |TAMS 0x000000008e000000, 0x000000008e000000| Untracked 
| 225|0x000000008e100000, 0x000000008e100000, 0x000000008e200000|  0%| F|  |TAMS 0x000000008e100000, 0x000000008e100000| Untracked 
| 226|0x000000008e200000, 0x000000008e200000, 0x000000008e300000|  0%| F|  |TAMS 0x000000008e200000, 0x000000008e200000| Untracked 
| 227|0x000000008e300000, 0x000000008e300000, 0x000000008e400000|  0%| F|  |TAMS 0x000000008e300000, 0x000000008e300000| Untracked 
| 228|0x000000008e400000, 0x000000008e400000, 0x000000008e500000|  0%| F|  |TAMS 0x000000008e400000, 0x000000008e400000| Untracked 
| 229|0x000000008e500000, 0x000000008e500000, 0x000000008e600000|  0%| F|  |TAMS 0x000000008e500000, 0x000000008e500000| Untracked 
| 230|0x000000008e600000, 0x000000008e600000, 0x000000008e700000|  0%| F|  |TAMS 0x000000008e600000, 0x000000008e600000| Untracked 
| 231|0x000000008e700000, 0x000000008e700000, 0x000000008e800000|  0%| F|  |TAMS 0x000000008e700000, 0x000000008e700000| Untracked 
| 232|0x000000008e800000, 0x000000008e800000, 0x000000008e900000|  0%| F|  |TAMS 0x000000008e800000, 0x000000008e800000| Untracked 
| 233|0x000000008e900000, 0x000000008e900000, 0x000000008ea00000|  0%| F|  |TAMS 0x000000008e900000, 0x000000008e900000| Untracked 
| 234|0x000000008ea00000, 0x000000008ea00000, 0x000000008eb00000|  0%| F|  |TAMS 0x000000008ea00000, 0x000000008ea00000| Untracked 
| 235|0x000000008eb00000, 0x000000008eb00000, 0x000000008ec00000|  0%| F|  |TAMS 0x000000008eb00000, 0x000000008eb00000| Untracked 
| 236|0x000000008ec00000, 0x000000008ec00000, 0x000000008ed00000|  0%| F|  |TAMS 0x000000008ec00000, 0x000000008ec00000| Untracked 
| 237|0x000000008ed00000, 0x000000008ed00000, 0x000000008ee00000|  0%| F|  |TAMS 0x000000008ed00000, 0x000000008ed00000| Untracked 
| 238|0x000000008ee00000, 0x000000008ee00000, 0x000000008ef00000|  0%| F|  |TAMS 0x000000008ee00000, 0x000000008ee00000| Untracked 
| 239|0x000000008ef00000, 0x000000008ef00000, 0x000000008f000000|  0%| F|  |TAMS 0x000000008ef00000, 0x000000008ef00000| Untracked 
| 240|0x000000008f000000, 0x000000008f000000, 0x000000008f100000|  0%| F|  |TAMS 0x000000008f000000, 0x000000008f000000| Untracked 
| 241|0x000000008f100000, 0x000000008f100000, 0x000000008f200000|  0%| F|  |TAMS 0x000000008f100000, 0x000000008f100000| Untracked 
| 242|0x000000008f200000, 0x000000008f200000, 0x000000008f300000|  0%| F|  |TAMS 0x000000008f200000, 0x000000008f200000| Untracked 
| 243|0x000000008f300000, 0x000000008f300000, 0x000000008f400000|  0%| F|  |TAMS 0x000000008f300000, 0x000000008f300000| Untracked 
| 244|0x000000008f400000, 0x000000008f400000, 0x000000008f500000|  0%| F|  |TAMS 0x000000008f400000, 0x000000008f400000| Untracked 
| 245|0x000000008f500000, 0x000000008f500000, 0x000000008f600000|  0%| F|  |TAMS 0x000000008f500000, 0x000000008f500000| Untracked 
| 246|0x000000008f600000, 0x000000008f600000, 0x000000008f700000|  0%| F|  |TAMS 0x000000008f600000, 0x000000008f600000| Untracked 
| 247|0x000000008f700000, 0x000000008f700000, 0x000000008f800000|  0%| F|  |TAMS 0x000000008f700000, 0x000000008f700000| Untracked 
| 248|0x000000008f800000, 0x000000008f800000, 0x000000008f900000|  0%| F|  |TAMS 0x000000008f800000, 0x000000008f800000| Untracked 
| 249|0x000000008f900000, 0x000000008f900000, 0x000000008fa00000|  0%| F|  |TAMS 0x000000008f900000, 0x000000008f900000| Untracked 
| 250|0x000000008fa00000, 0x000000008fa00000, 0x000000008fb00000|  0%| F|  |TAMS 0x000000008fa00000, 0x000000008fa00000| Untracked 
| 251|0x000000008fb00000, 0x000000008fb00000, 0x000000008fc00000|  0%| F|  |TAMS 0x000000008fb00000, 0x000000008fb00000| Untracked 
| 252|0x000000008fc00000, 0x000000008fc80800, 0x000000008fd00000| 50%| E|  |TAMS 0x000000008fc00000, 0x000000008fc00000| Complete 
| 253|0x000000008fd00000, 0x000000008fe00000, 0x000000008fe00000|100%| E|CS|TAMS 0x000000008fd00000, 0x000000008fd00000| Complete 
| 254|0x000000008fe00000, 0x000000008ff00000, 0x000000008ff00000|100%| E|CS|TAMS 0x000000008fe00000, 0x000000008fe00000| Complete 
| 255|0x000000008ff00000, 0x0000000090000000, 0x0000000090000000|100%| E|CS|TAMS 0x000000008ff00000, 0x000000008ff00000| Complete 

Card table byte_map: [0x000002e5f0f30000,0x000002e5f1330000] _byte_map_base: 0x000002e5f0b30000

Marking Bits (Prev, Next): (CMBitMap*) 0x000002e5ddf74b48, (CMBitMap*) 0x000002e5ddf74b80
 Prev Bits: [0x000002e5f1730000, 0x000002e5f3730000)
 Next Bits: [0x000002e5f3730000, 0x000002e5f5730000)

Polling page: 0x000002e5dbe10000

Metaspace:

Usage:
  Non-class:     30.71 MB capacity,    30.22 MB ( 98%) used,   434.16 KB (  1%) free+waste,    75.25 KB ( <1%) overhead. 
      Class:      4.85 MB capacity,     4.54 MB ( 94%) used,   279.59 KB (  6%) free+waste,    37.00 KB ( <1%) overhead. 
       Both:     35.56 MB capacity,    34.76 MB ( 98%) used,   713.76 KB (  2%) free+waste,   112.25 KB ( <1%) overhead. 

Virtual space:
  Non-class space:       32.00 MB reserved,      30.75 MB ( 96%) committed 
      Class space:        1.00 GB reserved,       4.88 MB ( <1%) committed 
             Both:        1.03 GB reserved,      35.63 MB (  3%) committed 

Chunk freelists:
   Non-Class:  38.00 KB
       Class:  25.00 KB
        Both:  63.00 KB

MaxMetaspaceSize: 17179869184.00 GB
CompressedClassSpaceSize: 1.00 GB

CodeHeap 'non-profiled nmethods': size=120064Kb used=1397Kb max_used=1397Kb free=118667Kb
 bounds [0x000002e5e94e0000, 0x000002e5e9750000, 0x000002e5f0a20000]
CodeHeap 'profiled nmethods': size=120000Kb used=5852Kb max_used=5852Kb free=114147Kb
 bounds [0x000002e5e1fb0000, 0x000002e5e2570000, 0x000002e5e94e0000]
CodeHeap 'non-nmethods': size=5696Kb used=1174Kb max_used=1204Kb free=4521Kb
 bounds [0x000002e5e1a20000, 0x000002e5e1c90000, 0x000002e5e1fb0000]
 total_blobs=3345 nmethods=2821 adapters=434
 compilation: enabled
              stopped_count=0, restarted_count=0
 full_count=0

Compilation events (20 events):
Event: 4.243 Thread 0x000002e5f8869000 nmethod 2753 0x000002e5e963a210 code [0x000002e5e963a3c0, 0x000002e5e963a478]
Event: 4.243 Thread 0x000002e5f8869000 2754       2       org.codehaus.groovy.runtime.metaclass.MetaMethodIndex::isMatchingMethod (61 bytes)
Event: 4.244 Thread 0x000002e5f8869000 nmethod 2754 0x000002e5e2548d90 code [0x000002e5e2548f60, 0x000002e5e25491b8]
Event: 4.246 Thread 0x000002e5f8869000 2755       2       java.util.Arrays::binarySearch (10 bytes)
Event: 4.246 Thread 0x000002e5f8869000 nmethod 2755 0x000002e5e2549390 code [0x000002e5e2549540, 0x000002e5e2549648]
Event: 4.247 Thread 0x000002e5f8869000 2756       2       groovy.lang.MetaClassImpl$1MOPIter::methodNameAction (325 bytes)
Event: 4.248 Thread 0x000002e5f8869000 nmethod 2756 0x000002e5e2549710 code [0x000002e5e2549a00, 0x000002e5e254a4f8]
Event: 4.248 Thread 0x000002e5f8869000 2757       2       java.util.Arrays::binarySearch0 (95 bytes)
Event: 4.248 Thread 0x000002e5f8869000 nmethod 2757 0x000002e5e254ac10 code [0x000002e5e254ade0, 0x000002e5e254b038]
Event: 4.248 Thread 0x000002e5f8869000 2758       2       org.codehaus.groovy.reflection.CachedClass::getSuperClassDistance (41 bytes)
Event: 4.249 Thread 0x000002e5f8869000 nmethod 2758 0x000002e5e254b210 code [0x000002e5e254b3c0, 0x000002e5e254b588]
Event: 4.249 Thread 0x000002e5f8869000 2759       2       groovy.lang.MetaMethod::getMopName (105 bytes)
Event: 4.249 Thread 0x000002e5f8869000 nmethod 2759 0x000002e5e254b690 code [0x000002e5e254b940, 0x000002e5e254c0e8]
Event: 4.261 Thread 0x000002e5f8869000 2760       2       java.lang.invoke.MethodHandleNatives$CallSiteContext::run (5 bytes)
Event: 4.261 Thread 0x000002e5f8869000 nmethod 2760 0x000002e5e254c490 code [0x000002e5e254c640, 0x000002e5e254c748]
Event: 4.270 Thread 0x000002e5f8869000 2762       2       java.lang.invoke.BoundMethodHandle::editor (8 bytes)
Event: 4.270 Thread 0x000002e5f8869000 nmethod 2762 0x000002e5e254c810 code [0x000002e5e254c9c0, 0x000002e5e254cb88]
Event: 4.271 Thread 0x000002e5f8869000 2763       2       java.lang.invoke.BoundMethodHandle::rebind (14 bytes)
Event: 4.271 Thread 0x000002e5f8869000 nmethod 2763 0x000002e5e254cc90 code [0x000002e5e254ce80, 0x000002e5e254d1a8]
Event: 4.271 Thread 0x000002e5f8869000 2764       2       java.lang.invoke.BoundMethodHandle::tooComplex (27 bytes)

GC Heap History (12 events):
Event: 0.813 GC heap before
{Heap before GC invocations=0 (full 0):
 garbage-first heap   total 262144K, used 28672K [0x0000000080000000, 0x0000000100000000)
  region size 1024K, 22 young (22528K), 0 survivors (0K)
 Metaspace       used 9633K, capacity 9824K, committed 10112K, reserved 1058816K
  class space    used 997K, capacity 1069K, committed 1152K, reserved 1048576K
}
Event: 0.864 GC heap after
{Heap after GC invocations=1 (full 0):
 garbage-first heap   total 262144K, used 9298K [0x0000000080000000, 0x0000000100000000)
  region size 1024K, 3 young (3072K), 3 survivors (3072K)
 Metaspace       used 9633K, capacity 9824K, committed 10112K, reserved 1058816K
  class space    used 997K, capacity 1069K, committed 1152K, reserved 1048576K
}
Event: 1.273 GC heap before
{Heap before GC invocations=1 (full 0):
 garbage-first heap   total 262144K, used 54354K [0x0000000080000000, 0x0000000100000000)
  region size 1024K, 47 young (48128K), 3 survivors (3072K)
 Metaspace       used 10977K, capacity 11317K, committed 11520K, reserved 1058816K
  class space    used 1156K, capacity 1247K, committed 1280K, reserved 1048576K
}
Event: 1.277 GC heap after
{Heap after GC invocations=2 (full 0):
 garbage-first heap   total 262144K, used 13748K [0x0000000080000000, 0x0000000100000000)
  region size 1024K, 6 young (6144K), 6 survivors (6144K)
 Metaspace       used 10977K, capacity 11317K, committed 11520K, reserved 1058816K
  class space    used 1156K, capacity 1247K, committed 1280K, reserved 1048576K
}
Event: 2.801 GC heap before
{Heap before GC invocations=2 (full 0):
 garbage-first heap   total 262144K, used 60852K [0x0000000080000000, 0x0000000100000000)
  region size 1024K, 52 young (53248K), 6 survivors (6144K)
 Metaspace       used 19397K, capacity 19811K, committed 19968K, reserved 1067008K
  class space    used 2379K, capacity 2504K, committed 2560K, reserved 1048576K
}
Event: 2.804 GC heap after
{Heap after GC invocations=3 (full 0):
 garbage-first heap   total 262144K, used 16933K [0x0000000080000000, 0x0000000100000000)
  region size 1024K, 3 young (3072K), 3 survivors (3072K)
 Metaspace       used 19397K, capacity 19811K, committed 19968K, reserved 1067008K
  class space    used 2379K, capacity 2504K, committed 2560K, reserved 1048576K
}
Event: 2.916 GC heap before
{Heap before GC invocations=3 (full 0):
 garbage-first heap   total 262144K, used 29221K [0x0000000080000000, 0x0000000100000000)
  region size 1024K, 16 young (16384K), 3 survivors (3072K)
 Metaspace       used 20740K, capacity 21149K, committed 21296K, reserved 1069056K
  class space    used 2561K, capacity 2716K, committed 2816K, reserved 1048576K
}
Event: 2.919 GC heap after
{Heap after GC invocations=4 (full 0):
 garbage-first heap   total 262144K, used 17446K [0x0000000080000000, 0x0000000100000000)
  region size 1024K, 4 young (4096K), 4 survivors (4096K)
 Metaspace       used 20740K, capacity 21149K, committed 21296K, reserved 1069056K
  class space    used 2561K, capacity 2716K, committed 2816K, reserved 1048576K
}
Event: 3.534 GC heap before
{Heap before GC invocations=5 (full 0):
 garbage-first heap   total 262144K, used 81958K [0x0000000080000000, 0x0000000100000000)
  region size 1024K, 67 young (68608K), 4 survivors (4096K)
 Metaspace       used 27239K, capacity 27841K, committed 27904K, reserved 1073152K
  class space    used 3580K, capacity 3809K, committed 3840K, reserved 1048576K
}
Event: 3.539 GC heap after
{Heap after GC invocations=6 (full 0):
 garbage-first heap   total 262144K, used 19577K [0x0000000080000000, 0x0000000100000000)
  region size 1024K, 6 young (6144K), 6 survivors (6144K)
 Metaspace       used 27239K, capacity 27841K, committed 27904K, reserved 1073152K
  class space    used 3580K, capacity 3809K, committed 3840K, reserved 1048576K
}
Event: 4.252 GC heap before
{Heap before GC invocations=6 (full 0):
 garbage-first heap   total 262144K, used 68729K [0x0000000080000000, 0x0000000100000000)
  region size 1024K, 55 young (56320K), 6 survivors (6144K)
 Metaspace       used 35085K, capacity 35806K, committed 35840K, reserved 1081344K
  class space    used 4564K, capacity 4848K, committed 4864K, reserved 1048576K
}
Event: 4.257 GC heap after
{Heap after GC invocations=7 (full 0):
 garbage-first heap   total 262144K, used 22918K [0x0000000080000000, 0x0000000100000000)
  region size 1024K, 9 young (9216K), 9 survivors (9216K)
 Metaspace       used 35085K, capacity 35806K, committed 35840K, reserved 1081344K
  class space    used 4564K, capacity 4848K, committed 4864K, reserved 1048576K
}

Deoptimization events (20 events):
Event: 3.658 Thread 0x000002e5f9cb4000 Uncommon trap: trap_request=0xffffff4d fr.pc=0x000002e5e95ad34c relative=0x000000000000020c
Event: 3.658 Thread 0x000002e5f9cb4000 Uncommon trap: reason=unstable_if action=reinterpret pc=0x000002e5e95ad34c method=java.util.HashMap.hash(Ljava/lang/Object;)I @ 1 c2
Event: 3.658 Thread 0x000002e5f9cb4000 DEOPT PACKING pc=0x000002e5e95ad34c sp=0x000000e5fbaf9060
Event: 3.658 Thread 0x000002e5f9cb4000 DEOPT UNPACKING pc=0x000002e5e1a4662f sp=0x000000e5fbaf8f98 mode 2
Event: 3.856 Thread 0x000002e5f9cb4000 DEOPT PACKING pc=0x000002e5e23a4bf9 sp=0x000000e5fbaf90e0
Event: 3.856 Thread 0x000002e5f9cb4000 DEOPT UNPACKING pc=0x000002e5e1a46dde sp=0x000000e5fbaf8628 mode 0
Event: 3.884 Thread 0x000002e5f9cb4000 Uncommon trap: trap_request=0xffffff4d fr.pc=0x000002e5e961c1e4 relative=0x00000000000001a4
Event: 3.884 Thread 0x000002e5f9cb4000 Uncommon trap: reason=unstable_if action=reinterpret pc=0x000002e5e961c1e4 method=java.util.regex.Pattern$BmpCharProperty.match(Ljava/util/regex/Matcher;ILjava/lang/CharSequence;)Z @ 39 c2
Event: 3.884 Thread 0x000002e5f9cb4000 DEOPT PACKING pc=0x000002e5e961c1e4 sp=0x000000e5fbaf9a20
Event: 3.884 Thread 0x000002e5f9cb4000 DEOPT UNPACKING pc=0x000002e5e1a4662f sp=0x000000e5fbaf99d0 mode 2
Event: 3.922 Thread 0x000002e5f9cb4000 Uncommon trap: trap_request=0xffffff4d fr.pc=0x000002e5e95b49b0 relative=0x0000000000000230
Event: 3.922 Thread 0x000002e5f9cb4000 Uncommon trap: reason=unstable_if action=reinterpret pc=0x000002e5e95b49b0 method=java.util.HashMap.putVal(ILjava/lang/Object;Ljava/lang/Object;ZZ)Ljava/lang/Object; @ 162 c2
Event: 3.922 Thread 0x000002e5f9cb4000 DEOPT PACKING pc=0x000002e5e95b49b0 sp=0x000000e5fbafaad0
Event: 3.922 Thread 0x000002e5f9cb4000 DEOPT UNPACKING pc=0x000002e5e1a4662f sp=0x000000e5fbafa9e0 mode 2
Event: 4.151 Thread 0x000002e5f9cb4000 Uncommon trap: trap_request=0xffffff4d fr.pc=0x000002e5e95d4610 relative=0x00000000000051d0
Event: 4.151 Thread 0x000002e5f9cb4000 Uncommon trap: reason=unstable_if action=reinterpret pc=0x000002e5e95d4610 method=jdk.internal.loader.BuiltinClassLoader.loadClassOrNull(Ljava/lang/String;Z)Ljava/lang/Class; @ 42 c2
Event: 4.151 Thread 0x000002e5f9cb4000 DEOPT PACKING pc=0x000002e5e95d4610 sp=0x000000e5fbaf5620
Event: 4.151 Thread 0x000002e5f9cb4000 DEOPT UNPACKING pc=0x000002e5e1a4662f sp=0x000000e5fbaf54b0 mode 2
Event: 4.156 Thread 0x000002e5f9cb4000 DEOPT PACKING pc=0x000002e5e2448891 sp=0x000000e5fbaf97e0
Event: 4.156 Thread 0x000002e5f9cb4000 DEOPT UNPACKING pc=0x000002e5e1a46dde sp=0x000000e5fbaf8cc0 mode 0

Classes redefined (0 events):
No events

Internal exceptions (20 events):
Event: 3.372 Thread 0x000002e5f9cb4000 Exception <a 'java/lang/NoSuchMethodError'{0x000000008c92a0e0}: 'void java.lang.invoke.DirectMethodHandle$Holder.invokeStatic(java.lang.Object, java.lang.Object, java.lang.Object, java.lang.Object)'> (0x000000008c92a0e0) thrown at [./src/hotspot/share/interpreter/linkResolver.cpp, line 773]
Event: 3.379 Thread 0x000002e5f9cb4000 Exception <a 'java/lang/NoSuchMethodError'{0x000000008c959518}: 'java.lang.Object java.lang.invoke.DirectMethodHandle$Holder.invokeVirtual(java.lang.Object, java.lang.Object, java.lang.Object)'> (0x000000008c959518) thrown at [./src/hotspot/share/interpreter/linkResolver.cpp, line 773]
Event: 3.382 Thread 0x000002e5f9cb4000 Exception <a 'java/lang/NoSuchMethodError'{0x000000008c9820d0}: 'int java.lang.invoke.DirectMethodHandle$Holder.invokeVirtual(java.lang.Object, java.lang.Object)'> (0x000000008c9820d0) thrown at [./src/hotspot/share/interpreter/linkResolver.cpp, line 773]
Event: 3.390 Thread 0x000002e5f9cb4000 Exception <a 'java/lang/NoSuchMethodError'{0x000000008c9bc2b0}: 'int java.lang.invoke.DirectMethodHandle$Holder.invokeVirtual(java.lang.Object, java.lang.Object, java.lang.Object)'> (0x000000008c9bc2b0) thrown at [./src/hotspot/share/interpreter/linkResolver.cpp, line 773]
Event: 3.411 Thread 0x000002e5f9cb4000 Exception <a 'java/lang/NoSuchMethodError'{0x000000008c71efd0}: 'void java.lang.invoke.DirectMethodHandle$Holder.invokeSpecial(java.lang.Object, java.lang.Object)'> (0x000000008c71efd0) thrown at [./src/hotspot/share/interpreter/linkResolver.cpp, line 773]
Event: 3.528 Thread 0x000002e5f9cb4000 Exception <a 'java/lang/NoSuchMethodError'{0x000000008bd3de68}: 'java.lang.Object java.lang.invoke.DirectMethodHandle$Holder.invokeSpecialIFC(java.lang.Object, java.lang.Object, java.lang.Object, java.lang.Object)'> (0x000000008bd3de68) thrown at [./src/hotspot/share/interpreter/linkResolver.cpp, line 773]
Event: 3.544 Thread 0x000002e5f9cb4000 Exception <a 'java/lang/NoSuchMethodError'{0x000000008ffb2890}: 'java.lang.Object java.lang.invoke.DirectMethodHandle$Holder.invokeSpecial(java.lang.Object, java.lang.Object, java.lang.Object, java.lang.Object, java.lang.Object, java.lang.Object, java.lang.Object, java.lang.Object, java.lang.Object, java.lang.Object, java.lang.Object, java.lang.Object, java.lang.Object)'> (0x000000008ffb2890) thrown at [./src/hotspot/share/interpreter/linkResolver.cpp, line 773]
Event: 3.544 Thread 0x000002e5f9cb4000 Exception <a 'java/lang/NoSuchMethodError'{0x000000008ffc36f0}: 'java.lang.Object java.lang.invoke.DirectMethodHandle$Holder.invokeSpecial(java.lang.Object, java.lang.Object, java.lang.Object, java.lang.Object, java.lang.Object, java.lang.Object, java.lang.Object, java.lang.Object, java.lang.Object, java.lang.Object, java.lang.Object, java.lang.Object)'> (0x000000008ffc36f0) thrown at [./src/hotspot/share/interpreter/linkResolver.cpp, line 773]
Event: 3.545 Thread 0x000002e5f9cb4000 Exception <a 'java/lang/NoSuchMethodError'{0x000000008ffc8818}: 'java.lang.Object java.lang.invoke.Invokers$Holder.linkToTargetMethod(java.lang.Object, java.lang.Object, java.lang.Object, java.lang.Object, java.lang.Object, java.lang.Object, java.lang.Object, java.lang.Object, java.lang.Object, java.lang.Object, java.lang.Object)'> (0x000000008ffc8818) thrown at [./src/hotspot/share/interpreter/linkResolver.cpp, line 773]
Event: 3.559 Thread 0x000002e5f9cb4000 Exception <a 'java/lang/NoSuchMethodError'{0x000000008fd2abf0}: 'java.lang.Object java.lang.invoke.DirectMethodHandle$Holder.invokeSpecial(java.lang.Object, java.lang.Object, java.lang.Object, java.lang.Object, java.lang.Object, java.lang.Object, java.lang.Object, java.lang.Object, java.lang.Object, java.lang.Object, java.lang.Object, java.lang.Object, java.lang.Object, java.lang.Object)'> (0x000000008fd2abf0) thrown at [./src/hotspot/share/interpreter/linkResolver.cpp, line 773]
Event: 3.560 Thread 0x000002e5f9cb4000 Exception <a 'java/lang/NoSuchMethodError'{0x000000008fd3c268}: 'java.lang.Object java.lang.invoke.Invokers$Holder.linkToTargetMethod(java.lang.Object, java.lang.Object, java.lang.Object, java.lang.Object, java.lang.Object, java.lang.Object, java.lang.Object, java.lang.Object, java.lang.Object, java.lang.Object, java.lang.Object, java.lang.Object)'> (0x000000008fd3c268) thrown at [./src/hotspot/share/interpreter/linkResolver.cpp, line 773]
Event: 3.571 Thread 0x000002e5f9cb4000 Exception <a 'java/lang/NoSuchMethodError'{0x000000008fc26830}: 'java.lang.Object java.lang.invoke.DirectMethodHandle$Holder.invokeStaticInit(java.lang.Object, java.lang.Object, java.lang.Object, java.lang.Object)'> (0x000000008fc26830) thrown at [./src/hotspot/share/interpreter/linkResolver.cpp, line 773]
Event: 3.658 Thread 0x000002e5f9cb4000 Implicit null exception at 0x000002e5e95ad175 to 0x000002e5e95ad33c
Event: 3.765 Thread 0x000002e5f9cb4000 Exception <a 'java/lang/NoSuchMethodError'{0x000000008eb74e40}: 'java.lang.Object java.lang.invoke.Invokers$Holder.linkToTargetMethod(java.lang.Object, java.lang.Object, java.lang.Object, java.lang.Object, java.lang.Object, java.lang.Object, java.lang.Object, java.lang.Object)'> (0x000000008eb74e40) thrown at [./src/hotspot/share/interpreter/linkResolver.cpp, line 773]
Event: 3.769 Thread 0x000002e5f9cb4000 Exception <a 'java/lang/NoSuchMethodError'{0x000000008ebc3278}: 'java.lang.Object java.lang.invoke.Invokers$Holder.linkToTargetMethod(java.lang.Object, java.lang.Object, java.lang.Object, java.lang.Object, java.lang.Object, java.lang.Object, java.lang.Object)'> (0x000000008ebc3278) thrown at [./src/hotspot/share/interpreter/linkResolver.cpp, line 773]
Event: 3.772 Thread 0x000002e5f9cb4000 Exception <a 'java/lang/IncompatibleClassChangeError'{0x000000008ea041c0}: Found class java.lang.Object, but interface was expected> (0x000000008ea041c0) thrown at [./src/hotspot/share/interpreter/linkResolver.cpp, line 839]
Event: 4.035 Thread 0x000002e5f9cb4000 Exception <a 'java/lang/NoSuchMethodError'{0x000000008d7f9b90}: 'void java.lang.invoke.DirectMethodHandle$Holder.invokeStaticInit(java.lang.Object, java.lang.Object, java.lang.Object)'> (0x000000008d7f9b90) thrown at [./src/hotspot/share/interpreter/linkResolver.cpp, line 773]
Event: 4.036 Thread 0x000002e5f9cb4000 Exception <a 'java/lang/NoSuchMethodError'{0x000000008d601478}: 'void java.lang.invoke.DirectMethodHandle$Holder.invokeStaticInit(java.lang.Object, java.lang.Object, java.lang.Object, java.lang.Object)'> (0x000000008d601478) thrown at [./src/hotspot/share/interpreter/linkResolver.cpp, line 773]
Event: 4.039 Thread 0x000002e5f9cb4000 Exception <a 'java/lang/NoSuchMethodError'{0x000000008d623ad0}: 'void java.lang.invoke.DirectMethodHandle$Holder.invokeStaticInit(java.lang.Object, java.lang.Object, java.lang.Object, java.lang.Object, java.lang.Object)'> (0x000000008d623ad0) thrown at [./src/hotspot/share/interpreter/linkResolver.cpp, line 773]
Event: 4.069 Thread 0x000002e5f9cb4000 Exception <a 'java/lang/NoSuchMethodError'{0x000000008d6827f0}: 'int java.lang.invoke.DirectMethodHandle$Holder.invokeStaticInit(java.lang.Object, java.lang.Object, java.lang.Object, java.lang.Object)'> (0x000000008d6827f0) thrown at [./src/hotspot/share/interpreter/linkResolver.cpp, line 773]

Events (20 events):
Event: 4.249 loading class groovy/lang/MetaClassImpl
Event: 4.249 loading class groovy/lang/MetaClassImpl done
Event: 4.250 loading class java/beans/ThreadGroupContext
Event: 4.250 loading class java/beans/ThreadGroupContext done
Event: 4.250 loading class java/beans/ThreadGroupContext$1
Event: 4.251 loading class java/beans/WeakIdentityMap
Event: 4.251 loading class java/beans/WeakIdentityMap done
Event: 4.251 loading class java/beans/ThreadGroupContext$1 done
Event: 4.251 loading class java/beans/WeakIdentityMap$Entry
Event: 4.251 loading class java/beans/WeakIdentityMap$Entry done
Event: 4.251 loading class com/sun/beans/finder/BeanInfoFinder
Event: 4.252 Executing VM operation: CollectForMetadataAllocation
Event: 4.257 Executing VM operation: CollectForMetadataAllocation done
Event: 4.264 loading class com/sun/beans/finder/InstanceFinder
Event: 4.265 loading class com/sun/beans/finder/InstanceFinder done
Event: 4.265 loading class com/sun/beans/finder/BeanInfoFinder done
Event: 4.265 Executing VM operation: CGC_Operation
Event: 4.268 Executing VM operation: CGC_Operation done
Event: 4.269 Executing VM operation: CGC_Operation
Event: 4.269 Executing VM operation: CGC_Operation done


Dynamic libraries:
0x00007ff70c370000 - 0x00007ff70c37a000 	C:\Program Files\Android\Android Studio\jre\bin\java.exe
0x00007ffbc3810000 - 0x00007ffbc3a05000 	C:\Windows\SYSTEM32\ntdll.dll
0x00007ffb95d80000 - 0x00007ffb95d96000 	C:\Program Files\Avast Software\Avast\aswhook.dll
0x00007ffbc2670000 - 0x00007ffbc272e000 	C:\Windows\System32\KERNEL32.DLL
0x00007ffbc0f20000 - 0x00007ffbc11e8000 	C:\Windows\System32\KERNELBASE.dll
0x00007ffbbe420000 - 0x00007ffbbe4b0000 	C:\Windows\SYSTEM32\apphelp.dll
0x00007ffbc1680000 - 0x00007ffbc1780000 	C:\Windows\System32\ucrtbase.dll
0x00007ffba8640000 - 0x00007ffba8659000 	C:\Program Files\Android\Android Studio\jre\bin\jli.dll
0x00007ffba8660000 - 0x00007ffba8677000 	C:\Program Files\Android\Android Studio\jre\bin\VCRUNTIME140.dll
0x00007ffbc3620000 - 0x00007ffbc37c1000 	C:\Windows\System32\USER32.dll
0x00007ffbb5fa0000 - 0x00007ffbb623a000 	C:\Windows\WinSxS\amd64_microsoft.windows.common-controls_6595b64144ccf1df_6.0.19041.1110_none_60b5254171f9507e\COMCTL32.dll
0x00007ffbc11f0000 - 0x00007ffbc1212000 	C:\Windows\System32\win32u.dll
0x00007ffbc24d0000 - 0x00007ffbc256e000 	C:\Windows\System32\msvcrt.dll
0x00007ffbc1850000 - 0x00007ffbc187b000 	C:\Windows\System32\GDI32.dll
0x00007ffbc1360000 - 0x00007ffbc146d000 	C:\Windows\System32\gdi32full.dll
0x00007ffbc1780000 - 0x00007ffbc181d000 	C:\Windows\System32\msvcp_win.dll
0x00007ffbc2430000 - 0x00007ffbc2460000 	C:\Windows\System32\IMM32.DLL
0x00007ffb87be0000 - 0x00007ffb87c7d000 	C:\Program Files\Android\Android Studio\jre\bin\msvcp140.dll
0x00007ffb3c4c0000 - 0x00007ffb3cf95000 	C:\Program Files\Android\Android Studio\jre\bin\server\jvm.dll
0x00007ffbc19b0000 - 0x00007ffbc1a5e000 	C:\Windows\System32\ADVAPI32.dll
0x00007ffbc1c70000 - 0x00007ffbc1d0c000 	C:\Windows\System32\sechost.dll
0x00007ffbc2300000 - 0x00007ffbc2425000 	C:\Windows\System32\RPCRT4.dll
0x00007ffbc2db0000 - 0x00007ffbc2db8000 	C:\Windows\System32\PSAPI.DLL
0x00007ffbacad0000 - 0x00007ffbacad9000 	C:\Windows\SYSTEM32\WSOCK32.dll
0x00007ffbb9390000 - 0x00007ffbb939a000 	C:\Windows\SYSTEM32\VERSION.dll
0x00007ffbb7300000 - 0x00007ffbb7327000 	C:\Windows\SYSTEM32\WINMM.dll
0x00007ffbc2460000 - 0x00007ffbc24cb000 	C:\Windows\System32\WS2_32.dll
0x00007ffbbf7c0000 - 0x00007ffbbf7d2000 	C:\Windows\SYSTEM32\kernel.appcore.dll
0x00007ffb9a4b0000 - 0x00007ffb9a4c1000 	C:\Program Files\Android\Android Studio\jre\bin\verify.dll
0x00007ffbbec70000 - 0x00007ffbbee54000 	C:\Windows\SYSTEM32\DBGHELP.DLL
0x00007ffbb6940000 - 0x00007ffbb696c000 	C:\Windows\SYSTEM32\dbgcore.DLL
0x00007ffbc12d0000 - 0x00007ffbc1352000 	C:\Windows\System32\bcryptPrimitives.dll
0x00007ffb971b0000 - 0x00007ffb971d9000 	C:\Program Files\Android\Android Studio\jre\bin\java.dll
0x00007ffbbbd40000 - 0x00007ffbbbd4b000 	C:\Program Files\Android\Android Studio\jre\bin\jimage.dll
0x00007ffb97190000 - 0x00007ffb971a8000 	C:\Program Files\Android\Android Studio\jre\bin\zip.dll
0x00007ffbc2dc0000 - 0x00007ffbc3504000 	C:\Windows\System32\SHELL32.dll
0x00007ffbbf010000 - 0x00007ffbbf7a5000 	C:\Windows\SYSTEM32\windows.storage.dll
0x00007ffbc2860000 - 0x00007ffbc2bb5000 	C:\Windows\System32\combase.dll
0x00007ffbc0970000 - 0x00007ffbc099e000 	C:\Windows\SYSTEM32\Wldp.dll
0x00007ffbc3570000 - 0x00007ffbc361d000 	C:\Windows\System32\SHCORE.dll
0x00007ffbc2570000 - 0x00007ffbc25c5000 	C:\Windows\System32\shlwapi.dll
0x00007ffbc0e60000 - 0x00007ffbc0e7f000 	C:\Windows\SYSTEM32\profapi.dll
0x00007ffb97170000 - 0x00007ffb9718a000 	C:\Program Files\Android\Android Studio\jre\bin\net.dll
0x00007ffbb78c0000 - 0x00007ffbb79cc000 	C:\Windows\SYSTEM32\WINHTTP.dll
0x00007ffbc06d0000 - 0x00007ffbc073a000 	C:\Windows\system32\mswsock.dll
0x00007ffb96dd0000 - 0x00007ffb96de4000 	C:\Program Files\Android\Android Studio\jre\bin\nio.dll
0x00007ffb97a60000 - 0x00007ffb97a87000 	C:\Users\mohit\.gradle\native\e1d6ef7f7dcc3fd88c89a11ec53ec762bb8ba0a96d01ffa2cd45eb1d1d8dd5c5\windows-amd64\native-platform.dll
0x00007ffb49750000 - 0x00007ffb49894000 	C:\Users\mohit\.gradle\native\5664cfc778a61ccfe75a443a1ab52a65af34e5dc3c78e0209fed803814484fcb\windows-amd64\native-platform-file-events.dll
0x00007ffbbb310000 - 0x00007ffbbb31a000 	C:\Program Files\Android\Android Studio\jre\bin\management.dll
0x00007ffba9100000 - 0x00007ffba910d000 	C:\Program Files\Android\Android Studio\jre\bin\management_ext.dll
0x00007ffbc08d0000 - 0x00007ffbc08e8000 	C:\Windows\SYSTEM32\CRYPTSP.dll
0x00007ffbbffe0000 - 0x00007ffbc0014000 	C:\Windows\system32\rsaenh.dll
0x00007ffbc1820000 - 0x00007ffbc1847000 	C:\Windows\System32\bcrypt.dll
0x00007ffbc0de0000 - 0x00007ffbc0e0e000 	C:\Windows\SYSTEM32\USERENV.dll
0x00007ffbc08c0000 - 0x00007ffbc08cc000 	C:\Windows\SYSTEM32\CRYPTBASE.dll
0x00007ffbc0370000 - 0x00007ffbc03ab000 	C:\Windows\SYSTEM32\IPHLPAPI.DLL
0x00007ffbc2730000 - 0x00007ffbc2738000 	C:\Windows\System32\NSI.dll
0x00007ffbb9810000 - 0x00007ffbb9827000 	C:\Windows\SYSTEM32\dhcpcsvc6.DLL
0x00007ffbb97f0000 - 0x00007ffbb980d000 	C:\Windows\SYSTEM32\dhcpcsvc.DLL
0x00007ffbc03b0000 - 0x00007ffbc047b000 	C:\Windows\SYSTEM32\DNSAPI.dll

dbghelp: loaded successfully - version: 4.0.5 - missing functions: none
symbol engine: initialized successfully - sym options: 0x614 - pdb path: .;C:\Program Files\Android\Android Studio\jre\bin;C:\Windows\SYSTEM32;C:\Program Files\Avast Software\Avast;C:\Windows\WinSxS\amd64_microsoft.windows.common-controls_6595b64144ccf1df_6.0.19041.1110_none_60b5254171f9507e;C:\Program Files\Android\Android Studio\jre\bin\server;C:\Users\mohit\.gradle\native\e1d6ef7f7dcc3fd88c89a11ec53ec762bb8ba0a96d01ffa2cd45eb1d1d8dd5c5\windows-amd64;C:\Users\mohit\.gradle\native\5664cfc778a61ccfe75a443a1ab52a65af34e5dc3c78e0209fed803814484fcb\windows-amd64

VM Arguments:
jvm_args: --add-opens=java.base/java.util=ALL-UNNAMED --add-opens=java.base/java.lang=ALL-UNNAMED --add-opens=java.base/java.lang.invoke=ALL-UNNAMED --add-opens=java.base/java.util=ALL-UNNAMED --add-opens=java.prefs/java.util.prefs=ALL-UNNAMED --add-opens=java.prefs/java.util.prefs=ALL-UNNAMED --add-opens=java.base/java.nio.charset=ALL-UNNAMED --add-opens=java.base/java.net=ALL-UNNAMED --add-opens=java.base/java.util.concurrent.atomic=ALL-UNNAMED -Xmx2048m -Dfile.encoding=UTF-8 -Duser.country=US -Duser.language=en -Duser.variant 
java_command: org.gradle.launcher.daemon.bootstrap.GradleDaemon 7.3.3
java_class_path (initial): C:\Users\mohit\.gradle\wrapper\dists\gradle-7.3.3-bin\6a41zxkdtcxs8rphpq6y0069z\gradle-7.3.3\lib\gradle-launcher-7.3.3.jar
Launcher Type: SUN_STANDARD

[Global flags]
     intx CICompilerCount                          = 3                                         {product} {ergonomic}
     uint ConcGCThreads                            = 2                                         {product} {ergonomic}
     uint G1ConcRefinementThreads                  = 6                                         {product} {ergonomic}
   size_t G1HeapRegionSize                         = 1048576                                   {product} {ergonomic}
    uintx GCDrainStackTargetSize                   = 64                                        {product} {ergonomic}
   size_t InitialHeapSize                          = 268435456                                 {product} {ergonomic}
   size_t MarkStackSize                            = 4194304                                   {product} {ergonomic}
   size_t MaxHeapSize                              = 2147483648                                {product} {command line}
   size_t MaxNewSize                               = 1287651328                                {product} {ergonomic}
   size_t MinHeapDeltaBytes                        = 1048576                                   {product} {ergonomic}
    uintx NonNMethodCodeHeapSize                   = 5830732                                {pd product} {ergonomic}
    uintx NonProfiledCodeHeapSize                  = 122913754                              {pd product} {ergonomic}
    uintx ProfiledCodeHeapSize                     = 122913754                              {pd product} {ergonomic}
    uintx ReservedCodeCacheSize                    = 251658240                              {pd product} {ergonomic}
     bool SegmentedCodeCache                       = true                                      {product} {ergonomic}
     bool UseCompressedClassPointers               = true                                 {lp64_product} {ergonomic}
     bool UseCompressedOops                        = true                                 {lp64_product} {ergonomic}
     bool UseG1GC                                  = true                                      {product} {ergonomic}
     bool UseLargePagesIndividualAllocation        = false                                  {pd product} {ergonomic}

Logging:
Log output configuration:
 #0: stdout all=warning uptime,level,tags
 #1: stderr all=off uptime,level,tags

Environment Variables:
PATH=C:\Program Files\Common Files\Oracle\Java\javapath;C:\Program Files (x86)\Common Files\Oracle\Java\javapath;C:\Windows\system32;C:\Windows;C:\Windows\System32\Wbem;C:\Windows\System32\WindowsPowerShell\v1.0\;C:\Windows\System32\OpenSSH\;C:\Program Files (x86)\NVIDIA Corporation\PhysX\Common;;C:\Program Files\NVIDIA Corporation\NVIDIA NvDLISR;C:\Program Files\dotnet\;C:\Users\mohit\AppData\Local\Programs\Python\Python39\Scripts\;C:\Users\mohit\AppData\Local\Programs\Python\Python39\;C:\Users\mohit\AppData\Local\Microsoft\WindowsApps;C:\Users\mohit\.dotnet\tools;C:\Users\mohit\AppData\Local\GitHubDesktop\bin
USERNAME=mohit
OS=Windows_NT
PROCESSOR_IDENTIFIER=Intel64 Family 6 Model 158 Stepping 10, GenuineIntel



---------------  S Y S T E M  ---------------

OS: Windows 10 , 64 bit Build 19041 (10.0.19041.1466)
OS uptime: 0 days 17:45 hours

CPU:total 6 (initial active 6) (6 cores per cpu, 1 threads per core) family 6 model 158 stepping 10 microcode 0xd6, cmov, cx8, fxsr, mmx, sse, sse2, sse3, ssse3, sse4.1, sse4.2, popcnt, avx, avx2, aes, clmul, erms, 3dnowpref, lzcnt, tsc, tscinvbit, bmi1, bmi2, adx, fma

Memory: 4k page, system-wide physical 16313M (4534M free)
TotalPageFile size 16313M (AvailPageFile size 6M)
current process WorkingSet (physical memory assigned to process): 243M, peak: 245M
current process commit charge ("private bytes"): 446M, peak: 449M

vm_info: OpenJDK 64-Bit Server VM (11.0.11+9-b60-7590822) for windows-amd64 JRE (11.0.11+9-b60-7590822), built on Jul 29 2021 21:43:44 by "builder" with MS VC++ 14.0 (VS2015)

END.
