#
# There is insufficient memory for the Java Runtime Environment to continue.
# Native memory allocation (malloc) failed to allocate 2063376 bytes for Chunk::new
# Possible reasons:
#   The system is out of physical RAM or swap space
#   The process is running with CompressedOops enabled, and the Java Heap may be blocking the growth of the native heap
# Possible solutions:
#   Reduce memory load on the system
#   Increase physical memory or swap space
#   Check if swap backing store is full
#   Decrease Java heap size (-Xmx/-Xms)
#   Decrease number of Java threads
#   Decrease Java thread stack sizes (-Xss)
#   Set larger code cache with -XX:ReservedCodeCacheSize=
#   JVM is running with Unscaled Compressed Oops mode in which the Java heap is
#     placed in the first 4GB address space. The Java Heap base address is the
#     maximum limit for the native heap growth. Please use -XX:HeapBaseMinAddress
#     to set the Java Heap base and to place the Java Heap above 4GB virtual address.
# This output file may be truncated or incomplete.
#
#  Out of Memory Error (./src/hotspot/share/memory/arena.cpp:197), pid=9084, tid=10616
#
# JRE version: OpenJDK Runtime Environment (11.0.11+9) (build 11.0.11+9-b60-7590822)
# Java VM: OpenJDK 64-Bit Server VM (11.0.11+9-b60-7590822, mixed mode, tiered, compressed oops, g1 gc, windows-amd64)
# No core dump will be written. Minidumps are not enabled by default on client versions of Windows
#

---------------  S U M M A R Y ------------

Command Line: --add-opens=java.base/java.util=ALL-UNNAMED --add-opens=java.base/java.lang=ALL-UNNAMED --add-opens=java.base/java.lang.invoke=ALL-UNNAMED --add-opens=java.base/java.util=ALL-UNNAMED --add-opens=java.prefs/java.util.prefs=ALL-UNNAMED --add-opens=java.prefs/java.util.prefs=ALL-UNNAMED --add-opens=java.base/java.nio.charset=ALL-UNNAMED --add-opens=java.base/java.net=ALL-UNNAMED --add-opens=java.base/java.util.concurrent.atomic=ALL-UNNAMED -Xmx2048m -Dfile.encoding=UTF-8 -Duser.country=US -Duser.language=en -Duser.variant org.gradle.launcher.daemon.bootstrap.GradleDaemon 7.3.3

Host: Intel(R) Core(TM) i5-9400F CPU @ 2.90GHz, 6 cores, 15G,  Windows 10 , 64 bit Build 19041 (10.0.19041.1466)
Time: Sat Jan 29 11:43:55 2022 Eastern Standard Time elapsed time: 2888.059274 seconds (0d 0h 48m 8s)

---------------  T H R E A D  ---------------

Current thread (0x000001f0ce505800):  JavaThread "C2 CompilerThread0" daemon [_thread_in_native, id=10616, stack(0x000000d3a0800000,0x000000d3a0900000)]


Current CompileTask:
C2:2888059 23080   !   4       java.io.ObjectOutputStream::writeObject0 (619 bytes)

Stack: [0x000000d3a0800000,0x000000d3a0900000]
Native frames: (J=compiled Java code, j=interpreted, Vv=VM code, C=native code)
V  [jvm.dll+0x5f214a]
V  [jvm.dll+0x726fb5]
V  [jvm.dll+0x7285cd]
V  [jvm.dll+0x728c83]
V  [jvm.dll+0x243278]
V  [jvm.dll+0xbc53c]
V  [jvm.dll+0xbca3c]
V  [jvm.dll+0x353e7d]
V  [jvm.dll+0x19895c]
V  [jvm.dll+0x1fc2ee]
V  [jvm.dll+0x1fb3d4]
V  [jvm.dll+0x183d6c]
V  [jvm.dll+0x209a57]
V  [jvm.dll+0x2082a1]
V  [jvm.dll+0x6ef58f]
V  [jvm.dll+0x6e80b5]
V  [jvm.dll+0x5f1036]
C  [ucrtbase.dll+0x21bb2]
C  [KERNEL32.DLL+0x17034]
C  [ntdll.dll+0x52651]


---------------  P R O C E S S  ---------------

Threads class SMR info:
_java_thread_list=0x000001f0d7f48980, length=115, elements={
0x000001f0b1c63000, 0x000001f0ce4a2800, 0x000001f0ce4ac000, 0x000001f0ce4fb800,
0x000001f0ce4fe800, 0x000001f0ce502800, 0x000001f0ce505800, 0x000001f0ce519800,
0x000001f0ce51a800, 0x000001f0ce68f800, 0x000001f0d0d25800, 0x000001f0cfee0000,
0x000001f0d130e800, 0x000001f0d1b47800, 0x000001f0d1b48000, 0x000001f0d1b46800,
0x000001f0d2343800, 0x000001f0d2340800, 0x000001f0d233f800, 0x000001f0d2346000,
0x000001f0d2342000, 0x000001f0d2347000, 0x000001f0d2344800, 0x000001f0d2341000,
0x000001f0d234b000, 0x000001f0d234e800, 0x000001f0d650c800, 0x000001f0d64b1800,
0x000001f0d64b8000, 0x000001f0d64b2800, 0x000001f0d64b9800, 0x000001f0d64ba800,
0x000001f0d64bb800, 0x000001f0d64be800, 0x000001f0d64bc000, 0x000001f0d64bd000,
0x000001f0d64bd800, 0x000001f0d64b9000, 0x000001f0d64bf800, 0x000001f0d64c0000,
0x000001f0d650e000, 0x000001f0d650b800, 0x000001f0d650f000, 0x000001f0d6509800,
0x000001f0d6510800, 0x000001f0d650b000, 0x000001f0d6514000, 0x000001f0d6517000,
0x000001f0d6513000, 0x000001f0d6514800, 0x000001f0d6515800, 0x000001f0d6516800,
0x000001f0d6511800, 0x000001f0d2347800, 0x000001f0d2345800, 0x000001f0d2343000,
0x000001f0d234c800, 0x000001f0d2349800, 0x000001f0d234d800, 0x000001f0d234a000,
0x000001f0d1b46000, 0x000001f0d10c1800, 0x000001f0d10bf800, 0x000001f0d10c0800,
0x000001f0d10c4000, 0x000001f0d10bf000, 0x000001f0d10c2000, 0x000001f0d10c3000,
0x000001f0d10be000, 0x000001f0d10c5800, 0x000001f0d10c8000, 0x000001f0d10c4800,
0x000001f0d10c9800, 0x000001f0d10cb000, 0x000001f0d10ca800, 0x000001f0d10c7000,
0x000001f0d10c8800, 0x000001f0d10cc000, 0x000001f0d10c6000, 0x000001f0d10cc800,
0x000001f0d73c8800, 0x000001f0d73cb800, 0x000001f0d73cc800, 0x000001f0d73cd000,
0x000001f0d73c9000, 0x000001f0d73ce000, 0x000001f0d73cf000, 0x000001f0d73cf800,
0x000001f0d73ca000, 0x000001f0d73d0800, 0x000001f0d73ca800, 0x000001f0d73d7000,
0x000001f0d73d1800, 0x000001f0d73d4800, 0x000001f0d73d3800, 0x000001f0d73d5800,
0x000001f0d73d2000, 0x000001f0d73d6000, 0x000001f0d73d3000, 0x000001f0d0e53000,
0x000001f0d0e52000, 0x000001f0d0e55800, 0x000001f0d0e54800, 0x000001f0d0e56000,
0x000001f0d0e57000, 0x000001f0d0e57800, 0x000001f0d0e58800, 0x000001f0d0ff2000,
0x000001f0d0ff4000, 0x000001f0d0ff1800, 0x000001f0d0fef000, 0x000001f0d0fee000,
0x000001f0d0ff3000, 0x000001f0d0fef800, 0x000001f0d0ff4800
}

Java Threads: ( => current thread )
  0x000001f0b1c63000 JavaThread "main" [_thread_blocked, id=15680, stack(0x000000d39fc00000,0x000000d39fd00000)]
  0x000001f0ce4a2800 JavaThread "Reference Handler" daemon [_thread_blocked, id=7132, stack(0x000000d3a0300000,0x000000d3a0400000)]
  0x000001f0ce4ac000 JavaThread "Finalizer" daemon [_thread_blocked, id=3792, stack(0x000000d3a0400000,0x000000d3a0500000)]
  0x000001f0ce4fb800 JavaThread "Signal Dispatcher" daemon [_thread_blocked, id=4740, stack(0x000000d3a0500000,0x000000d3a0600000)]
  0x000001f0ce4fe800 JavaThread "Attach Listener" daemon [_thread_blocked, id=15400, stack(0x000000d3a0600000,0x000000d3a0700000)]
  0x000001f0ce502800 JavaThread "Service Thread" daemon [_thread_blocked, id=11876, stack(0x000000d3a0700000,0x000000d3a0800000)]
=>0x000001f0ce505800 JavaThread "C2 CompilerThread0" daemon [_thread_in_native, id=10616, stack(0x000000d3a0800000,0x000000d3a0900000)]
  0x000001f0ce519800 JavaThread "C1 CompilerThread0" daemon [_thread_blocked, id=19704, stack(0x000000d3a0900000,0x000000d3a0a00000)]
  0x000001f0ce51a800 JavaThread "Sweeper thread" daemon [_thread_blocked, id=19120, stack(0x000000d3a0a00000,0x000000d3a0b00000)]
  0x000001f0ce68f800 JavaThread "Common-Cleaner" daemon [_thread_blocked, id=13256, stack(0x000000d3a0b00000,0x000000d3a0c00000)]
  0x000001f0d0d25800 JavaThread "Daemon health stats" [_thread_blocked, id=17784, stack(0x000000d3a1300000,0x000000d3a1400000)]
  0x000001f0cfee0000 JavaThread "Incoming local TCP Connector on port 54579" [_thread_in_native, id=18444, stack(0x000000d3a0d00000,0x000000d3a0e00000)]
  0x000001f0d130e800 JavaThread "Daemon periodic checks" [_thread_blocked, id=18660, stack(0x000000d3a1400000,0x000000d3a1500000)]
  0x000001f0d1b47800 JavaThread "Cache worker for journal cache (C:\Users\mohit\.gradle\caches\journal-1)" [_thread_blocked, id=13940, stack(0x000000d3a1d00000,0x000000d3a1e00000)]
  0x000001f0d1b48000 JavaThread "File lock request listener" [_thread_in_native, id=13052, stack(0x000000d3a1e00000,0x000000d3a1f00000)]
  0x000001f0d1b46800 JavaThread "Cache worker for file hash cache (C:\Users\mohit\.gradle\caches\7.3.3\fileHashes)" [_thread_blocked, id=15100, stack(0x000000d3a2000000,0x000000d3a2100000)]
  0x000001f0d2343800 JavaThread "File watcher server" daemon [_thread_in_native, id=19108, stack(0x000000d3a2200000,0x000000d3a2300000)]
  0x000001f0d2340800 JavaThread "File watcher consumer" daemon [_thread_blocked, id=3956, stack(0x000000d3a2300000,0x000000d3a2400000)]
  0x000001f0d233f800 JavaThread "jar transforms" [_thread_blocked, id=14696, stack(0x000000d3a1700000,0x000000d3a1800000)]
  0x000001f0d2346000 JavaThread "jar transforms Thread 2" [_thread_blocked, id=6504, stack(0x000000d3a2400000,0x000000d3a2500000)]
  0x000001f0d2342000 JavaThread "jar transforms Thread 3" [_thread_blocked, id=13440, stack(0x000000d3a2500000,0x000000d3a2600000)]
  0x000001f0d2347000 JavaThread "jar transforms Thread 4" [_thread_blocked, id=19152, stack(0x000000d3a2600000,0x000000d3a2700000)]
  0x000001f0d2344800 JavaThread "jar transforms Thread 5" [_thread_blocked, id=5856, stack(0x000000d3a2700000,0x000000d3a2800000)]
  0x000001f0d2341000 JavaThread "jar transforms Thread 6" [_thread_blocked, id=10080, stack(0x000000d3a2800000,0x000000d3a2900000)]
  0x000001f0d234b000 JavaThread "Cache worker for execution history cache (C:\Users\mohit\.gradle\caches\7.3.3\executionHistory)" [_thread_blocked, id=8924, stack(0x000000d3a2c00000,0x000000d3a2d00000)]
  0x000001f0d234e800 JavaThread "Cache worker for file content cache (C:\Users\mohit\.gradle\caches\7.3.3\fileContent)" [_thread_blocked, id=11272, stack(0x000000d3a2e00000,0x000000d3a2f00000)]
  0x000001f0d650c800 JavaThread "Memory manager" [_thread_blocked, id=6316, stack(0x000000d39fa00000,0x000000d39fb00000)]
  0x000001f0d64b1800 JavaThread "Daemon Thread 2" [_thread_blocked, id=19672, stack(0x000000d39f900000,0x000000d39fa00000)]
  0x000001f0d64b8000 JavaThread "Handler for socket connection from /127.0.0.1:54579 to /127.0.0.1:65462" [_thread_in_native, id=18592, stack(0x000000d39fb00000,0x000000d39fc00000)]
  0x000001f0d64b2800 JavaThread "Cancel handler" [_thread_blocked, id=18880, stack(0x000000d3a1500000,0x000000d3a1600000)]
  0x000001f0d64b9800 JavaThread "Daemon worker Thread 2" [_thread_blocked, id=12356, stack(0x000000d3a1600000,0x000000d3a1700000)]
  0x000001f0d64ba800 JavaThread "Asynchronous log dispatcher for DefaultDaemonConnection: socket connection from /127.0.0.1:54579 to /127.0.0.1:65462" [_thread_blocked, id=7804, stack(0x000000d3a1800000,0x000000d3a1900000)]
  0x000001f0d64bb800 JavaThread "Stdin handler" [_thread_blocked, id=12416, stack(0x000000d3a1900000,0x000000d3a1a00000)]
  0x000001f0d64be800 JavaThread "Daemon client event forwarder" [_thread_blocked, id=19344, stack(0x000000d3a1a00000,0x000000d3a1b00000)]
  0x000001f0d64bc000 JavaThread "Cache worker for file hash cache (C:\Users\mohit\Documents\GitHub\ScoutingRadar2022\.gradle\7.3.3\fileHashes)" [_thread_in_native, id=11140, stack(0x000000d3a1b00000,0x000000d3a1c00000)]
  0x000001f0d64bd000 JavaThread "C2 CompilerThread1" daemon [_thread_in_native, id=16280, stack(0x000000d3a1c00000,0x000000d3a1d00000)]
  0x000001f0d64bd800 JavaThread "Cache worker for checksums cache (C:\Users\mohit\Documents\GitHub\ScoutingRadar2022\.gradle\7.3.3\checksums)" [_thread_blocked, id=17900, stack(0x000000d3a2100000,0x000000d3a2200000)]
  0x000001f0d64b9000 JavaThread "Cache worker for cache directory md-supplier (C:\Users\mohit\.gradle\caches\7.3.3\md-supplier)" [_thread_blocked, id=9048, stack(0x000000d3a2900000,0x000000d3a2a00000)]
  0x000001f0d64bf800 JavaThread "Cache worker for cache directory md-rule (C:\Users\mohit\.gradle\caches\7.3.3\md-rule)" [_thread_blocked, id=11840, stack(0x000000d3a2a00000,0x000000d3a2b00000)]
  0x000001f0d64c0000 JavaThread "Cache worker for dependencies-accessors (C:\Users\mohit\Documents\GitHub\ScoutingRadar2022\.gradle\7.3.3\dependencies-accessors)" [_thread_blocked, id=10840, stack(0x000000d3a2b00000,0x000000d3a2c00000)]
  0x000001f0d650e000 JavaThread "Cache worker for Build Output Cleanup Cache (C:\Users\mohit\Documents\GitHub\ScoutingRadar2022\.gradle\buildOutputCleanup)" [_thread_blocked, id=11880, stack(0x000000d3a2d00000,0x000000d3a2e00000)]
  0x000001f0d650b800 JavaThread "Unconstrained build operations" [_thread_blocked, id=13100, stack(0x000000d3a2f00000,0x000000d3a3000000)]
  0x000001f0d650f000 JavaThread "Unconstrained build operations Thread 2" [_thread_blocked, id=3608, stack(0x000000d3a3000000,0x000000d3a3100000)]
  0x000001f0d6509800 JavaThread "Unconstrained build operations Thread 3" [_thread_blocked, id=3808, stack(0x000000d3a3100000,0x000000d3a3200000)]
  0x000001f0d6510800 JavaThread "Unconstrained build operations Thread 4" [_thread_blocked, id=8228, stack(0x000000d3a3200000,0x000000d3a3300000)]
  0x000001f0d650b000 JavaThread "Unconstrained build operations Thread 5" [_thread_blocked, id=19792, stack(0x000000d3a3300000,0x000000d3a3400000)]
  0x000001f0d6514000 JavaThread "Unconstrained build operations Thread 6" [_thread_blocked, id=8528, stack(0x000000d3a3400000,0x000000d3a3500000)]
  0x000001f0d6517000 JavaThread "Unconstrained build operations Thread 7" [_thread_blocked, id=2852, stack(0x000000d3a3500000,0x000000d3a3600000)]
  0x000001f0d6513000 JavaThread "Unconstrained build operations Thread 8" [_thread_blocked, id=13332, stack(0x000000d3a3600000,0x000000d3a3700000)]
  0x000001f0d6514800 JavaThread "Unconstrained build operations Thread 9" [_thread_blocked, id=5860, stack(0x000000d3a3700000,0x000000d3a3800000)]
  0x000001f0d6515800 JavaThread "Unconstrained build operations Thread 10" [_thread_blocked, id=6080, stack(0x000000d3a3800000,0x000000d3a3900000)]
  0x000001f0d6516800 JavaThread "Unconstrained build operations Thread 11" [_thread_blocked, id=18724, stack(0x000000d3a3900000,0x000000d3a3a00000)]
  0x000001f0d6511800 JavaThread "Unconstrained build operations Thread 12" [_thread_blocked, id=6924, stack(0x000000d3a3a00000,0x000000d3a3b00000)]
  0x000001f0d2347800 JavaThread "Unconstrained build operations Thread 13" [_thread_blocked, id=16132, stack(0x000000d3a3b00000,0x000000d3a3c00000)]
  0x000001f0d2345800 JavaThread "Unconstrained build operations Thread 14" [_thread_blocked, id=12892, stack(0x000000d3a3c00000,0x000000d3a3d00000)]
  0x000001f0d2343000 JavaThread "Unconstrained build operations Thread 15" [_thread_blocked, id=14676, stack(0x000000d3a3d00000,0x000000d3a3e00000)]
  0x000001f0d234c800 JavaThread "Unconstrained build operations Thread 16" [_thread_blocked, id=10104, stack(0x000000d3a3e00000,0x000000d3a3f00000)]
  0x000001f0d2349800 JavaThread "Unconstrained build operations Thread 17" [_thread_blocked, id=2204, stack(0x000000d3a3f00000,0x000000d3a4000000)]
  0x000001f0d234d800 JavaThread "Unconstrained build operations Thread 18" [_thread_blocked, id=2144, stack(0x000000d3a4000000,0x000000d3a4100000)]
  0x000001f0d234a000 JavaThread "Unconstrained build operations Thread 19" [_thread_blocked, id=18948, stack(0x000000d3a4100000,0x000000d3a4200000)]
  0x000001f0d1b46000 JavaThread "Unconstrained build operations Thread 20" [_thread_blocked, id=16536, stack(0x000000d3a4200000,0x000000d3a4300000)]
  0x000001f0d10c1800 JavaThread "Unconstrained build operations Thread 21" [_thread_blocked, id=9496, stack(0x000000d3a4300000,0x000000d3a4400000)]
  0x000001f0d10bf800 JavaThread "Unconstrained build operations Thread 22" [_thread_blocked, id=18848, stack(0x000000d3a4400000,0x000000d3a4500000)]
  0x000001f0d10c0800 JavaThread "Unconstrained build operations Thread 23" [_thread_blocked, id=19488, stack(0x000000d3a4500000,0x000000d3a4600000)]
  0x000001f0d10c4000 JavaThread "Unconstrained build operations Thread 24" [_thread_blocked, id=6760, stack(0x000000d3a4600000,0x000000d3a4700000)]
  0x000001f0d10bf000 JavaThread "Unconstrained build operations Thread 25" [_thread_blocked, id=2672, stack(0x000000d3a4700000,0x000000d3a4800000)]
  0x000001f0d10c2000 JavaThread "Unconstrained build operations Thread 26" [_thread_blocked, id=13408, stack(0x000000d3a4800000,0x000000d3a4900000)]
  0x000001f0d10c3000 JavaThread "Unconstrained build operations Thread 27" [_thread_blocked, id=15840, stack(0x000000d3a4900000,0x000000d3a4a00000)]
  0x000001f0d10be000 JavaThread "Unconstrained build operations Thread 28" [_thread_blocked, id=6324, stack(0x000000d3a4a00000,0x000000d3a4b00000)]
  0x000001f0d10c5800 JavaThread "Unconstrained build operations Thread 29" [_thread_blocked, id=17616, stack(0x000000d3a4b00000,0x000000d3a4c00000)]
  0x000001f0d10c8000 JavaThread "Unconstrained build operations Thread 30" [_thread_blocked, id=20308, stack(0x000000d3a4c00000,0x000000d3a4d00000)]
  0x000001f0d10c4800 JavaThread "Unconstrained build operations Thread 31" [_thread_blocked, id=2236, stack(0x000000d3a4d00000,0x000000d3a4e00000)]
  0x000001f0d10c9800 JavaThread "Unconstrained build operations Thread 32" [_thread_blocked, id=20152, stack(0x000000d3a4e00000,0x000000d3a4f00000)]
  0x000001f0d10cb000 JavaThread "Unconstrained build operations Thread 33" [_thread_blocked, id=13412, stack(0x000000d3a4f00000,0x000000d3a5000000)]
  0x000001f0d10ca800 JavaThread "Unconstrained build operations Thread 34" [_thread_blocked, id=19464, stack(0x000000d3a5000000,0x000000d3a5100000)]
  0x000001f0d10c7000 JavaThread "Unconstrained build operations Thread 35" [_thread_blocked, id=12048, stack(0x000000d3a5100000,0x000000d3a5200000)]
  0x000001f0d10c8800 JavaThread "Unconstrained build operations Thread 36" [_thread_blocked, id=14436, stack(0x000000d3a5200000,0x000000d3a5300000)]
  0x000001f0d10cc000 JavaThread "Unconstrained build operations Thread 37" [_thread_blocked, id=9044, stack(0x000000d3a5300000,0x000000d3a5400000)]
  0x000001f0d10c6000 JavaThread "Unconstrained build operations Thread 38" [_thread_blocked, id=10932, stack(0x000000d3a5400000,0x000000d3a5500000)]
  0x000001f0d10cc800 JavaThread "Unconstrained build operations Thread 39" [_thread_blocked, id=1484, stack(0x000000d3a5500000,0x000000d3a5600000)]
  0x000001f0d73c8800 JavaThread "Unconstrained build operations Thread 40" [_thread_blocked, id=18448, stack(0x000000d3a5600000,0x000000d3a5700000)]
  0x000001f0d73cb800 JavaThread "Unconstrained build operations Thread 41" [_thread_blocked, id=11460, stack(0x000000d3a5700000,0x000000d3a5800000)]
  0x000001f0d73cc800 JavaThread "Unconstrained build operations Thread 42" [_thread_blocked, id=5080, stack(0x000000d3a5800000,0x000000d3a5900000)]
  0x000001f0d73cd000 JavaThread "Unconstrained build operations Thread 43" [_thread_blocked, id=16920, stack(0x000000d3a5900000,0x000000d3a5a00000)]
  0x000001f0d73c9000 JavaThread "Unconstrained build operations Thread 44" [_thread_blocked, id=17064, stack(0x000000d3a5a00000,0x000000d3a5b00000)]
  0x000001f0d73ce000 JavaThread "Unconstrained build operations Thread 45" [_thread_blocked, id=10728, stack(0x000000d3a5b00000,0x000000d3a5c00000)]
  0x000001f0d73cf000 JavaThread "Unconstrained build operations Thread 46" [_thread_blocked, id=10684, stack(0x000000d3a5c00000,0x000000d3a5d00000)]
  0x000001f0d73cf800 JavaThread "Unconstrained build operations Thread 47" [_thread_blocked, id=20340, stack(0x000000d3a5d00000,0x000000d3a5e00000)]
  0x000001f0d73ca000 JavaThread "Unconstrained build operations Thread 48" [_thread_blocked, id=16052, stack(0x000000d3a5e00000,0x000000d3a5f00000)]
  0x000001f0d73d0800 JavaThread "Unconstrained build operations Thread 49" [_thread_blocked, id=5228, stack(0x000000d3a5f00000,0x000000d3a6000000)]
  0x000001f0d73ca800 JavaThread "Unconstrained build operations Thread 50" [_thread_blocked, id=2952, stack(0x000000d3a6000000,0x000000d3a6100000)]
  0x000001f0d73d7000 JavaThread "Unconstrained build operations Thread 51" [_thread_blocked, id=4012, stack(0x000000d3a6100000,0x000000d3a6200000)]
  0x000001f0d73d1800 JavaThread "Unconstrained build operations Thread 52" [_thread_blocked, id=11532, stack(0x000000d3a6200000,0x000000d3a6300000)]
  0x000001f0d73d4800 JavaThread "Unconstrained build operations Thread 53" [_thread_blocked, id=17496, stack(0x000000d3a6300000,0x000000d3a6400000)]
  0x000001f0d73d3800 JavaThread "Unconstrained build operations Thread 54" [_thread_blocked, id=8972, stack(0x000000d3a6400000,0x000000d3a6500000)]
  0x000001f0d73d5800 JavaThread "Unconstrained build operations Thread 55" [_thread_blocked, id=18992, stack(0x000000d3a6500000,0x000000d3a6600000)]
  0x000001f0d73d2000 JavaThread "Unconstrained build operations Thread 56" [_thread_blocked, id=8340, stack(0x000000d3a6600000,0x000000d3a6700000)]
  0x000001f0d73d6000 JavaThread "Unconstrained build operations Thread 57" [_thread_blocked, id=1032, stack(0x000000d3a6700000,0x000000d3a6800000)]
  0x000001f0d73d3000 JavaThread "Unconstrained build operations Thread 58" [_thread_blocked, id=3976, stack(0x000000d3a6800000,0x000000d3a6900000)]
  0x000001f0d0e53000 JavaThread "Unconstrained build operations Thread 59" [_thread_blocked, id=7548, stack(0x000000d3a6900000,0x000000d3a6a00000)]
  0x000001f0d0e52000 JavaThread "Unconstrained build operations Thread 60" [_thread_blocked, id=19616, stack(0x000000d3a6a00000,0x000000d3a6b00000)]
  0x000001f0d0e55800 JavaThread "build event listener" [_thread_blocked, id=13244, stack(0x000000d3a6b00000,0x000000d3a6c00000)]
  0x000001f0d0e54800 JavaThread "Execution worker for ':'" [_thread_blocked, id=9912, stack(0x000000d3a6c00000,0x000000d3a6d00000)]
  0x000001f0d0e56000 JavaThread "Execution worker for ':' Thread 2" [_thread_in_Java, id=8780, stack(0x000000d3a6d00000,0x000000d3a6e00000)]
  0x000001f0d0e57000 JavaThread "Execution worker for ':' Thread 3" [_thread_blocked, id=1328, stack(0x000000d3a6e00000,0x000000d3a6f00000)]
  0x000001f0d0e57800 JavaThread "Execution worker for ':' Thread 4" [_thread_blocked, id=10580, stack(0x000000d3a6f00000,0x000000d3a7000000)]
  0x000001f0d0e58800 JavaThread "Execution worker for ':' Thread 5" [_thread_in_native, id=2348, stack(0x000000d3a7000000,0x000000d3a7100000)]
  0x000001f0d0ff2000 JavaThread "Cache worker for execution history cache (C:\Users\mohit\Documents\GitHub\ScoutingRadar2022\.gradle\7.3.3\executionHistory)" [_thread_blocked, id=10528, stack(0x000000d3a7100000,0x000000d3a7200000)]
  0x000001f0d0ff4000 JavaThread "WorkerExecutor Queue" [_thread_blocked, id=3996, stack(0x000000d3a7200000,0x000000d3a7300000)]
  0x000001f0d0ff1800 JavaThread "WorkerExecutor Queue Thread 2" [_thread_blocked, id=14056, stack(0x000000d3a7300000,0x000000d3a7400000)]
  0x000001f0d0fef000 JavaThread "WorkerExecutor Queue Thread 3" [_thread_blocked, id=10660, stack(0x000000d3a7400000,0x000000d3a7500000)]
  0x000001f0d0fee000 JavaThread "WorkerExecutor Queue Thread 4" [_thread_blocked, id=15208, stack(0x000000d3a7500000,0x000000d3a7600000)]
  0x000001f0d0ff3000 JavaThread "WorkerExecutor Queue Thread 5" [_thread_blocked, id=19396, stack(0x000000d3a7600000,0x000000d3a7700000)]
  0x000001f0d0fef800 JavaThread "WorkerExecutor Queue Thread 6" [_thread_blocked, id=9392, stack(0x000000d3a7700000,0x000000d3a7800000)]
  0x000001f0d0ff4800 JavaThread "Java2D Disposer" daemon [_thread_blocked, id=3152, stack(0x000000d3a7a00000,0x000000d3a7b00000)]

Other Threads:
  0x000001f0cdc5e800 VMThread "VM Thread" [stack: 0x000000d3a0200000,0x000000d3a0300000] [id=19720]
  0x000001f0ce691800 WatcherThread [stack: 0x000000d3a0c00000,0x000000d3a0d00000] [id=13096]
  0x000001f0b1c7b800 GCTaskThread "GC Thread#0" [stack: 0x000000d39fd00000,0x000000d39fe00000] [id=19668]
  0x000001f0cf2a6800 GCTaskThread "GC Thread#1" [stack: 0x000000d3a0e00000,0x000000d3a0f00000] [id=15212]
  0x000001f0cf390800 GCTaskThread "GC Thread#2" [stack: 0x000000d3a0f00000,0x000000d3a1000000] [id=20032]
  0x000001f0cf675800 GCTaskThread "GC Thread#3" [stack: 0x000000d3a1000000,0x000000d3a1100000] [id=8140]
  0x000001f0cf4c2000 GCTaskThread "GC Thread#4" [stack: 0x000000d3a1100000,0x000000d3a1200000] [id=10100]
  0x000001f0cf4ad000 GCTaskThread "GC Thread#5" [stack: 0x000000d3a1200000,0x000000d3a1300000] [id=19224]
  0x000001f0b1cae000 ConcurrentGCThread "G1 Main Marker" [stack: 0x000000d39fe00000,0x000000d39ff00000] [id=19656]
  0x000001f0b1caf800 ConcurrentGCThread "G1 Conc#0" [stack: 0x000000d39ff00000,0x000000d3a0000000] [id=512]
  0x000001f0cfc72000 ConcurrentGCThread "G1 Conc#1" [stack: 0x000000d3a1f00000,0x000000d3a2000000] [id=4828]
  0x000001f0b1d2e000 ConcurrentGCThread "G1 Refine#0" [stack: 0x000000d3a0000000,0x000000d3a0100000] [id=18040]
  0x000001f0cdaec800 ConcurrentGCThread "G1 Young RemSet Sampling" [stack: 0x000000d3a0100000,0x000000d3a0200000] [id=10476]

Threads with active compile tasks:
C2 CompilerThread02888095 23080   !   4       java.io.ObjectOutputStream::writeObject0 (619 bytes)
C2 CompilerThread12888095 24155       4       groovy.lang.MetaClassImpl$1MOPIter::methodNameAction (325 bytes)

VM state:not at safepoint (normal execution)

VM Mutex/Monitor currently owned by a thread: None

Heap address: 0x0000000080000000, size: 2048 MB, Compressed Oops mode: 32-bit
Narrow klass base: 0x0000000000000000, Narrow klass shift: 3
Compressed class space size: 1073741824 Address: 0x0000000100000000

Heap:
 garbage-first heap   total 262144K, used 187653K [0x0000000080000000, 0x0000000100000000)
  region size 1024K, 29 young (29696K), 1 survivors (1024K)
 Metaspace       used 131663K, capacity 134706K, committed 135764K, reserved 1167360K
  class space    used 15892K, capacity 17039K, committed 17280K, reserved 1048576K
Heap Regions: E=young(eden), S=young(survivor), O=old, HS=humongous(starts), HC=humongous(continues), CS=collection set, F=free, A=archive, TAMS=top-at-mark-start (previous, next)
|   0|0x0000000080000000, 0x0000000080100000, 0x0000000080100000|100%| O|  |TAMS 0x0000000080100000, 0x0000000080000000| Untracked 
|   1|0x0000000080100000, 0x0000000080200000, 0x0000000080200000|100%| O|  |TAMS 0x0000000080200000, 0x0000000080100000| Untracked 
|   2|0x0000000080200000, 0x0000000080300000, 0x0000000080300000|100%| O|  |TAMS 0x0000000080300000, 0x0000000080200000| Untracked 
|   3|0x0000000080300000, 0x0000000080400000, 0x0000000080400000|100%|HS|  |TAMS 0x0000000080400000, 0x0000000080300000| Complete 
|   4|0x0000000080400000, 0x0000000080500000, 0x0000000080500000|100%|HC|  |TAMS 0x0000000080500000, 0x0000000080400000| Complete 
|   5|0x0000000080500000, 0x0000000080600000, 0x0000000080600000|100%|HC|  |TAMS 0x0000000080600000, 0x0000000080500000| Complete 
|   6|0x0000000080600000, 0x0000000080700000, 0x0000000080700000|100%| O|  |TAMS 0x0000000080700000, 0x0000000080600000| Untracked 
|   7|0x0000000080700000, 0x0000000080800000, 0x0000000080800000|100%| O|  |TAMS 0x0000000080800000, 0x0000000080700000| Untracked 
|   8|0x0000000080800000, 0x0000000080900000, 0x0000000080900000|100%| O|  |TAMS 0x0000000080900000, 0x0000000080800000| Untracked 
|   9|0x0000000080900000, 0x0000000080a00000, 0x0000000080a00000|100%| O|  |TAMS 0x0000000080a00000, 0x0000000080900000| Untracked 
|  10|0x0000000080a00000, 0x0000000080b00000, 0x0000000080b00000|100%| O|  |TAMS 0x0000000080b00000, 0x0000000080a00000| Untracked 
|  11|0x0000000080b00000, 0x0000000080c00000, 0x0000000080c00000|100%| O|  |TAMS 0x0000000080c00000, 0x0000000080b00000| Untracked 
|  12|0x0000000080c00000, 0x0000000080d00000, 0x0000000080d00000|100%| O|  |TAMS 0x0000000080d00000, 0x0000000080c00000| Untracked 
|  13|0x0000000080d00000, 0x0000000080e00000, 0x0000000080e00000|100%| O|  |TAMS 0x0000000080e00000, 0x0000000080d00000| Untracked 
|  14|0x0000000080e00000, 0x0000000080f00000, 0x0000000080f00000|100%| O|  |TAMS 0x0000000080f00000, 0x0000000080e00000| Untracked 
|  15|0x0000000080f00000, 0x0000000081000000, 0x0000000081000000|100%| O|  |TAMS 0x0000000081000000, 0x0000000080f00000| Untracked 
|  16|0x0000000081000000, 0x0000000081100000, 0x0000000081100000|100%|HS|  |TAMS 0x0000000081100000, 0x0000000081000000| Complete 
|  17|0x0000000081100000, 0x0000000081200000, 0x0000000081200000|100%|HC|  |TAMS 0x0000000081200000, 0x0000000081100000| Complete 
|  18|0x0000000081200000, 0x0000000081300000, 0x0000000081300000|100%|HS|  |TAMS 0x0000000081300000, 0x0000000081200000| Complete 
|  19|0x0000000081300000, 0x0000000081400000, 0x0000000081400000|100%|HC|  |TAMS 0x0000000081400000, 0x0000000081300000| Complete 
|  20|0x0000000081400000, 0x0000000081500000, 0x0000000081500000|100%|HC|  |TAMS 0x0000000081500000, 0x0000000081400000| Complete 
|  21|0x0000000081500000, 0x0000000081600000, 0x0000000081600000|100%|HS|  |TAMS 0x0000000081600000, 0x0000000081500000| Complete 
|  22|0x0000000081600000, 0x0000000081700000, 0x0000000081700000|100%|HC|  |TAMS 0x0000000081700000, 0x0000000081600000| Complete 
|  23|0x0000000081700000, 0x0000000081800000, 0x0000000081800000|100%|HC|  |TAMS 0x0000000081800000, 0x0000000081700000| Complete 
|  24|0x0000000081800000, 0x0000000081900000, 0x0000000081900000|100%|HC|  |TAMS 0x0000000081900000, 0x0000000081800000| Complete 
|  25|0x0000000081900000, 0x0000000081a00000, 0x0000000081a00000|100%| O|  |TAMS 0x0000000081900000, 0x0000000081900000| Untracked 
|  26|0x0000000081a00000, 0x0000000081b00000, 0x0000000081b00000|100%| O|  |TAMS 0x0000000081b00000, 0x0000000081a00000| Untracked 
|  27|0x0000000081b00000, 0x0000000081c00000, 0x0000000081c00000|100%| O|  |TAMS 0x0000000081c00000, 0x0000000081b00000| Untracked 
|  28|0x0000000081c00000, 0x0000000081d00000, 0x0000000081d00000|100%| O|  |TAMS 0x0000000081d00000, 0x0000000081c00000| Untracked 
|  29|0x0000000081d00000, 0x0000000081e00000, 0x0000000081e00000|100%|HS|  |TAMS 0x0000000081e00000, 0x0000000081d00000| Complete 
|  30|0x0000000081e00000, 0x0000000081f00000, 0x0000000081f00000|100%|HC|  |TAMS 0x0000000081f00000, 0x0000000081e00000| Complete 
|  31|0x0000000081f00000, 0x0000000082000000, 0x0000000082000000|100%|HC|  |TAMS 0x0000000082000000, 0x0000000081f00000| Complete 
|  32|0x0000000082000000, 0x0000000082100000, 0x0000000082100000|100%|HC|  |TAMS 0x0000000082100000, 0x0000000082000000| Complete 
|  33|0x0000000082100000, 0x0000000082200000, 0x0000000082200000|100%| O|  |TAMS 0x0000000082200000, 0x0000000082100000| Untracked 
|  34|0x0000000082200000, 0x0000000082300000, 0x0000000082300000|100%| O|  |TAMS 0x0000000082300000, 0x0000000082200000| Untracked 
|  35|0x0000000082300000, 0x0000000082400000, 0x0000000082400000|100%| O|  |TAMS 0x0000000082400000, 0x0000000082300000| Untracked 
|  36|0x0000000082400000, 0x0000000082500000, 0x0000000082500000|100%| O|  |TAMS 0x0000000082500000, 0x0000000082400000| Untracked 
|  37|0x0000000082500000, 0x0000000082600000, 0x0000000082600000|100%| O|  |TAMS 0x0000000082600000, 0x0000000082500000| Untracked 
|  38|0x0000000082600000, 0x0000000082700000, 0x0000000082700000|100%| O|  |TAMS 0x0000000082700000, 0x0000000082600000| Untracked 
|  39|0x0000000082700000, 0x0000000082800000, 0x0000000082800000|100%| O|  |TAMS 0x0000000082800000, 0x0000000082700000| Untracked 
|  40|0x0000000082800000, 0x0000000082900000, 0x0000000082900000|100%| O|  |TAMS 0x0000000082900000, 0x0000000082800000| Untracked 
|  41|0x0000000082900000, 0x0000000082a00000, 0x0000000082a00000|100%| O|  |TAMS 0x0000000082a00000, 0x0000000082900000| Untracked 
|  42|0x0000000082a00000, 0x0000000082b00000, 0x0000000082b00000|100%| O|  |TAMS 0x0000000082b00000, 0x0000000082a00000| Untracked 
|  43|0x0000000082b00000, 0x0000000082c00000, 0x0000000082c00000|100%| O|  |TAMS 0x0000000082c00000, 0x0000000082b00000| Untracked 
|  44|0x0000000082c00000, 0x0000000082d00000, 0x0000000082d00000|100%| O|  |TAMS 0x0000000082d00000, 0x0000000082c00000| Untracked 
|  45|0x0000000082d00000, 0x0000000082e00000, 0x0000000082e00000|100%| O|  |TAMS 0x0000000082d00000, 0x0000000082d00000| Untracked 
|  46|0x0000000082e00000, 0x0000000082f00000, 0x0000000082f00000|100%| O|  |TAMS 0x0000000082f00000, 0x0000000082e00000| Untracked 
|  47|0x0000000082f00000, 0x0000000083000000, 0x0000000083000000|100%| O|  |TAMS 0x0000000082f00000, 0x0000000082f00000| Untracked 
|  48|0x0000000083000000, 0x0000000083100000, 0x0000000083100000|100%| O|  |TAMS 0x0000000083100000, 0x0000000083000000| Untracked 
|  49|0x0000000083100000, 0x0000000083200000, 0x0000000083200000|100%| O|  |TAMS 0x0000000083200000, 0x0000000083100000| Untracked 
|  50|0x0000000083200000, 0x0000000083300000, 0x0000000083300000|100%| O|  |TAMS 0x0000000083300000, 0x0000000083200000| Untracked 
|  51|0x0000000083300000, 0x0000000083400000, 0x0000000083400000|100%| O|  |TAMS 0x0000000083300000, 0x0000000083300000| Untracked 
|  52|0x0000000083400000, 0x0000000083500000, 0x0000000083500000|100%|HS|  |TAMS 0x0000000083500000, 0x0000000083400000| Complete 
|  53|0x0000000083500000, 0x0000000083600000, 0x0000000083600000|100%|HC|  |TAMS 0x0000000083600000, 0x0000000083500000| Complete 
|  54|0x0000000083600000, 0x0000000083700000, 0x0000000083700000|100%|HC|  |TAMS 0x0000000083700000, 0x0000000083600000| Complete 
|  55|0x0000000083700000, 0x0000000083800000, 0x0000000083800000|100%| O|  |TAMS 0x0000000083700000, 0x0000000083700000| Untracked 
|  56|0x0000000083800000, 0x0000000083900000, 0x0000000083900000|100%| O|  |TAMS 0x0000000083900000, 0x0000000083800000| Untracked 
|  57|0x0000000083900000, 0x0000000083a00000, 0x0000000083a00000|100%| O|  |TAMS 0x0000000083a00000, 0x0000000083900000| Untracked 
|  58|0x0000000083a00000, 0x0000000083b00000, 0x0000000083b00000|100%| O|  |TAMS 0x0000000083b00000, 0x0000000083a00000| Untracked 
|  59|0x0000000083b00000, 0x0000000083c00000, 0x0000000083c00000|100%| O|  |TAMS 0x0000000083b00000, 0x0000000083b00000| Untracked 
|  60|0x0000000083c00000, 0x0000000083d00000, 0x0000000083d00000|100%| O|  |TAMS 0x0000000083c00000, 0x0000000083c00000| Untracked 
|  61|0x0000000083d00000, 0x0000000083e00000, 0x0000000083e00000|100%| O|  |TAMS 0x0000000083d00000, 0x0000000083d00000| Untracked 
|  62|0x0000000083e00000, 0x0000000083f00000, 0x0000000083f00000|100%| O|  |TAMS 0x0000000083e00000, 0x0000000083e00000| Untracked 
|  63|0x0000000083f00000, 0x0000000084000000, 0x0000000084000000|100%| O|  |TAMS 0x0000000083f00000, 0x0000000083f00000| Untracked 
|  64|0x0000000084000000, 0x0000000084100000, 0x0000000084100000|100%| O|  |TAMS 0x0000000084100000, 0x0000000084000000| Untracked 
|  65|0x0000000084100000, 0x0000000084200000, 0x0000000084200000|100%| O|  |TAMS 0x0000000084200000, 0x0000000084100000| Untracked 
|  66|0x0000000084200000, 0x0000000084300000, 0x0000000084300000|100%| O|  |TAMS 0x0000000084200000, 0x0000000084200000| Untracked 
|  67|0x0000000084300000, 0x0000000084370000, 0x0000000084400000| 43%| O|  |TAMS 0x0000000084300000, 0x0000000084300000| Untracked 
|  68|0x0000000084400000, 0x0000000084400000, 0x0000000084500000|  0%| F|  |TAMS 0x0000000084400000, 0x0000000084400000| Untracked 
|  69|0x0000000084500000, 0x0000000084500000, 0x0000000084600000|  0%| F|  |TAMS 0x0000000084500000, 0x0000000084500000| Untracked 
|  70|0x0000000084600000, 0x0000000084700000, 0x0000000084700000|100%|HS|  |TAMS 0x0000000084700000, 0x0000000084600000| Complete 
|  71|0x0000000084700000, 0x0000000084800000, 0x0000000084800000|100%|HC|  |TAMS 0x0000000084800000, 0x0000000084700000| Complete 
|  72|0x0000000084800000, 0x0000000084900000, 0x0000000084900000|100%|HS|  |TAMS 0x0000000084900000, 0x0000000084800000| Complete 
|  73|0x0000000084900000, 0x0000000084a00000, 0x0000000084a00000|100%|HS|  |TAMS 0x0000000084a00000, 0x0000000084900000| Complete 
|  74|0x0000000084a00000, 0x0000000084b00000, 0x0000000084b00000|100%|HS|  |TAMS 0x0000000084b00000, 0x0000000084a00000| Complete 
|  75|0x0000000084b00000, 0x0000000084c00000, 0x0000000084c00000|100%|HS|  |TAMS 0x0000000084c00000, 0x0000000084b00000| Complete 
|  76|0x0000000084c00000, 0x0000000084d00000, 0x0000000084d00000|100%|HC|  |TAMS 0x0000000084d00000, 0x0000000084c00000| Complete 
|  77|0x0000000084d00000, 0x0000000084e00000, 0x0000000084e00000|100%|HC|  |TAMS 0x0000000084e00000, 0x0000000084d00000| Complete 
|  78|0x0000000084e00000, 0x0000000084f00000, 0x0000000084f00000|100%|HS|  |TAMS 0x0000000084f00000, 0x0000000084e00000| Complete 
|  79|0x0000000084f00000, 0x0000000085000000, 0x0000000085000000|100%|HC|  |TAMS 0x0000000085000000, 0x0000000084f00000| Complete 
|  80|0x0000000085000000, 0x0000000085100000, 0x0000000085100000|100%|HS|  |TAMS 0x0000000085100000, 0x0000000085000000| Complete 
|  81|0x0000000085100000, 0x0000000085200000, 0x0000000085200000|100%|HC|  |TAMS 0x0000000085200000, 0x0000000085100000| Complete 
|  82|0x0000000085200000, 0x0000000085300000, 0x0000000085300000|100%|HC|  |TAMS 0x0000000085300000, 0x0000000085200000| Complete 
|  83|0x0000000085300000, 0x0000000085400000, 0x0000000085400000|100%|HS|  |TAMS 0x0000000085400000, 0x0000000085300000| Complete 
|  84|0x0000000085400000, 0x0000000085500000, 0x0000000085500000|100%|HC|  |TAMS 0x0000000085500000, 0x0000000085400000| Complete 
|  85|0x0000000085500000, 0x0000000085600000, 0x0000000085600000|100%|HC|  |TAMS 0x0000000085600000, 0x0000000085500000| Complete 
|  86|0x0000000085600000, 0x0000000085700000, 0x0000000085700000|100%|HC|  |TAMS 0x0000000085700000, 0x0000000085600000| Complete 
|  87|0x0000000085700000, 0x0000000085800000, 0x0000000085800000|100%| O|  |TAMS 0x0000000085800000, 0x0000000085700000| Untracked 
|  88|0x0000000085800000, 0x0000000085900000, 0x0000000085900000|100%| O|  |TAMS 0x0000000085900000, 0x0000000085800000| Untracked 
|  89|0x0000000085900000, 0x0000000085a00000, 0x0000000085a00000|100%| O|  |TAMS 0x0000000085a00000, 0x0000000085900000| Untracked 
|  90|0x0000000085a00000, 0x0000000085b00000, 0x0000000085b00000|100%| O|  |TAMS 0x0000000085b00000, 0x0000000085a00000| Untracked 
|  91|0x0000000085b00000, 0x0000000085b00000, 0x0000000085c00000|  0%| F|  |TAMS 0x0000000085b00000, 0x0000000085b00000| Untracked 
|  92|0x0000000085c00000, 0x0000000085d00000, 0x0000000085d00000|100%| O|  |TAMS 0x0000000085d00000, 0x0000000085c00000| Untracked 
|  93|0x0000000085d00000, 0x0000000085e00000, 0x0000000085e00000|100%| O|  |TAMS 0x0000000085e00000, 0x0000000085d00000| Untracked 
|  94|0x0000000085e00000, 0x0000000085f00000, 0x0000000085f00000|100%| O|  |TAMS 0x0000000085f00000, 0x0000000085e00000| Untracked 
|  95|0x0000000085f00000, 0x0000000086000000, 0x0000000086000000|100%| O|  |TAMS 0x0000000086000000, 0x0000000085f00000| Untracked 
|  96|0x0000000086000000, 0x0000000086100000, 0x0000000086100000|100%| O|  |TAMS 0x0000000086100000, 0x0000000086000000| Untracked 
|  97|0x0000000086100000, 0x0000000086200000, 0x0000000086200000|100%| O|  |TAMS 0x0000000086200000, 0x0000000086100000| Untracked 
|  98|0x0000000086200000, 0x0000000086300000, 0x0000000086300000|100%| O|  |TAMS 0x0000000086300000, 0x0000000086200000| Untracked 
|  99|0x0000000086300000, 0x0000000086400000, 0x0000000086400000|100%| O|  |TAMS 0x0000000086400000, 0x0000000086300000| Untracked 
| 100|0x0000000086400000, 0x0000000086500000, 0x0000000086500000|100%| O|  |TAMS 0x0000000086500000, 0x0000000086400000| Untracked 
| 101|0x0000000086500000, 0x0000000086500000, 0x0000000086600000|  0%| F|  |TAMS 0x0000000086500000, 0x0000000086500000| Untracked 
| 102|0x0000000086600000, 0x0000000086600000, 0x0000000086700000|  0%| F|  |TAMS 0x0000000086600000, 0x0000000086600000| Untracked 
| 103|0x0000000086700000, 0x0000000086700000, 0x0000000086800000|  0%| F|  |TAMS 0x0000000086700000, 0x0000000086700000| Untracked 
| 104|0x0000000086800000, 0x0000000086900000, 0x0000000086900000|100%| O|  |TAMS 0x0000000086900000, 0x0000000086800000| Untracked 
| 105|0x0000000086900000, 0x0000000086900000, 0x0000000086a00000|  0%| F|  |TAMS 0x0000000086900000, 0x0000000086900000| Untracked 
| 106|0x0000000086a00000, 0x0000000086b00000, 0x0000000086b00000|100%| O|  |TAMS 0x0000000086b00000, 0x0000000086a00000| Untracked 
| 107|0x0000000086b00000, 0x0000000086c00000, 0x0000000086c00000|100%| O|  |TAMS 0x0000000086c00000, 0x0000000086b00000| Untracked 
| 108|0x0000000086c00000, 0x0000000086d00000, 0x0000000086d00000|100%| O|  |TAMS 0x0000000086d00000, 0x0000000086c00000| Untracked 
| 109|0x0000000086d00000, 0x0000000086e00000, 0x0000000086e00000|100%| O|  |TAMS 0x0000000086e00000, 0x0000000086d00000| Untracked 
| 110|0x0000000086e00000, 0x0000000086f00000, 0x0000000086f00000|100%| O|  |TAMS 0x0000000086f00000, 0x0000000086e00000| Untracked 
| 111|0x0000000086f00000, 0x0000000086f00000, 0x0000000087000000|  0%| F|  |TAMS 0x0000000086f00000, 0x0000000086f00000| Untracked 
| 112|0x0000000087000000, 0x0000000087000000, 0x0000000087100000|  0%| F|  |TAMS 0x0000000087000000, 0x0000000087000000| Untracked 
| 113|0x0000000087100000, 0x0000000087100000, 0x0000000087200000|  0%| F|  |TAMS 0x0000000087100000, 0x0000000087100000| Untracked 
| 114|0x0000000087200000, 0x0000000087300000, 0x0000000087300000|100%| O|  |TAMS 0x0000000087300000, 0x0000000087200000| Untracked 
| 115|0x0000000087300000, 0x0000000087300000, 0x0000000087400000|  0%| F|  |TAMS 0x0000000087300000, 0x0000000087300000| Untracked 
| 116|0x0000000087400000, 0x0000000087400000, 0x0000000087500000|  0%| F|  |TAMS 0x0000000087400000, 0x0000000087400000| Untracked 
| 117|0x0000000087500000, 0x0000000087500000, 0x0000000087600000|  0%| F|  |TAMS 0x0000000087500000, 0x0000000087500000| Untracked 
| 118|0x0000000087600000, 0x0000000087700000, 0x0000000087700000|100%| O|  |TAMS 0x0000000087700000, 0x0000000087600000| Untracked 
| 119|0x0000000087700000, 0x0000000087800000, 0x0000000087800000|100%| O|  |TAMS 0x0000000087800000, 0x0000000087700000| Untracked 
| 120|0x0000000087800000, 0x0000000087800000, 0x0000000087900000|  0%| F|  |TAMS 0x0000000087800000, 0x0000000087800000| Untracked 
| 121|0x0000000087900000, 0x0000000087a00000, 0x0000000087a00000|100%| O|  |TAMS 0x0000000087a00000, 0x0000000087900000| Untracked 
| 122|0x0000000087a00000, 0x0000000087a00000, 0x0000000087b00000|  0%| F|  |TAMS 0x0000000087a00000, 0x0000000087a00000| Untracked 
| 123|0x0000000087b00000, 0x0000000087b00000, 0x0000000087c00000|  0%| F|  |TAMS 0x0000000087b00000, 0x0000000087b00000| Untracked 
| 124|0x0000000087c00000, 0x0000000087c00000, 0x0000000087d00000|  0%| F|  |TAMS 0x0000000087c00000, 0x0000000087c00000| Untracked 
| 125|0x0000000087d00000, 0x0000000087d00000, 0x0000000087e00000|  0%| F|  |TAMS 0x0000000087d00000, 0x0000000087d00000| Untracked 
| 126|0x0000000087e00000, 0x0000000087f00000, 0x0000000087f00000|100%| O|  |TAMS 0x0000000087e00000, 0x0000000087e00000| Untracked 
| 127|0x0000000087f00000, 0x0000000087f00000, 0x0000000088000000|  0%| F|  |TAMS 0x0000000087f00000, 0x0000000087f00000| Untracked 
| 128|0x0000000088000000, 0x0000000088000000, 0x0000000088100000|  0%| F|  |TAMS 0x0000000088000000, 0x0000000088000000| Untracked 
| 129|0x0000000088100000, 0x0000000088200000, 0x0000000088200000|100%| O|  |TAMS 0x0000000088200000, 0x0000000088100000| Untracked 
| 130|0x0000000088200000, 0x0000000088300000, 0x0000000088300000|100%| O|  |TAMS 0x0000000088300000, 0x0000000088200000| Untracked 
| 131|0x0000000088300000, 0x0000000088400000, 0x0000000088400000|100%| O|  |TAMS 0x0000000088400000, 0x0000000088300000| Untracked 
| 132|0x0000000088400000, 0x0000000088500000, 0x0000000088500000|100%| O|  |TAMS 0x0000000088500000, 0x0000000088400000| Untracked 
| 133|0x0000000088500000, 0x0000000088600000, 0x0000000088600000|100%| O|  |TAMS 0x0000000088600000, 0x0000000088500000| Untracked 
| 134|0x0000000088600000, 0x0000000088600000, 0x0000000088700000|  0%| F|  |TAMS 0x0000000088600000, 0x0000000088600000| Untracked 
| 135|0x0000000088700000, 0x0000000088800000, 0x0000000088800000|100%| O|  |TAMS 0x0000000088800000, 0x0000000088700000| Untracked 
| 136|0x0000000088800000, 0x0000000088900000, 0x0000000088900000|100%| O|  |TAMS 0x0000000088900000, 0x0000000088800000| Untracked 
| 137|0x0000000088900000, 0x0000000088a00000, 0x0000000088a00000|100%| O|  |TAMS 0x0000000088a00000, 0x0000000088900000| Untracked 
| 138|0x0000000088a00000, 0x0000000088a00000, 0x0000000088b00000|  0%| F|  |TAMS 0x0000000088a00000, 0x0000000088a00000| Untracked 
| 139|0x0000000088b00000, 0x0000000088b00000, 0x0000000088c00000|  0%| F|  |TAMS 0x0000000088b00000, 0x0000000088b00000| Untracked 
| 140|0x0000000088c00000, 0x0000000088c00000, 0x0000000088d00000|  0%| F|  |TAMS 0x0000000088c00000, 0x0000000088c00000| Untracked 
| 141|0x0000000088d00000, 0x0000000088e00000, 0x0000000088e00000|100%| O|  |TAMS 0x0000000088e00000, 0x0000000088d00000| Untracked 
| 142|0x0000000088e00000, 0x0000000088e00000, 0x0000000088f00000|  0%| F|  |TAMS 0x0000000088e00000, 0x0000000088e00000| Untracked 
| 143|0x0000000088f00000, 0x0000000089000000, 0x0000000089000000|100%| O|  |TAMS 0x0000000089000000, 0x0000000088f00000| Untracked 
| 144|0x0000000089000000, 0x0000000089100000, 0x0000000089100000|100%| O|  |TAMS 0x0000000089100000, 0x0000000089000000| Untracked 
| 145|0x0000000089100000, 0x0000000089100000, 0x0000000089200000|  0%| F|  |TAMS 0x0000000089100000, 0x0000000089100000| Untracked 
| 146|0x0000000089200000, 0x0000000089300000, 0x0000000089300000|100%| O|  |TAMS 0x0000000089300000, 0x0000000089200000| Untracked 
| 147|0x0000000089300000, 0x0000000089400000, 0x0000000089400000|100%| O|  |TAMS 0x0000000089300000, 0x0000000089300000| Untracked 
| 148|0x0000000089400000, 0x0000000089500000, 0x0000000089500000|100%| O|  |TAMS 0x0000000089400000, 0x0000000089400000| Untracked 
| 149|0x0000000089500000, 0x0000000089600000, 0x0000000089600000|100%|HS|  |TAMS 0x0000000089600000, 0x0000000089500000| Complete 
| 150|0x0000000089600000, 0x0000000089600000, 0x0000000089700000|  0%| F|  |TAMS 0x0000000089600000, 0x0000000089600000| Untracked 
| 151|0x0000000089700000, 0x0000000089800000, 0x0000000089800000|100%| O|  |TAMS 0x0000000089700000, 0x0000000089700000| Untracked 
| 152|0x0000000089800000, 0x0000000089900000, 0x0000000089900000|100%| O|  |TAMS 0x0000000089800000, 0x0000000089800000| Untracked 
| 153|0x0000000089900000, 0x0000000089a00000, 0x0000000089a00000|100%| O|  |TAMS 0x0000000089900000, 0x0000000089900000| Untracked 
| 154|0x0000000089a00000, 0x0000000089b00000, 0x0000000089b00000|100%| O|  |TAMS 0x0000000089b00000, 0x0000000089a00000| Untracked 
| 155|0x0000000089b00000, 0x0000000089c00000, 0x0000000089c00000|100%| O|  |TAMS 0x0000000089c00000, 0x0000000089b00000| Untracked 
| 156|0x0000000089c00000, 0x0000000089d00000, 0x0000000089d00000|100%| O|  |TAMS 0x0000000089d00000, 0x0000000089c00000| Untracked 
| 157|0x0000000089d00000, 0x0000000089e00000, 0x0000000089e00000|100%| O|  |TAMS 0x0000000089e00000, 0x0000000089d00000| Untracked 
| 158|0x0000000089e00000, 0x0000000089f00000, 0x0000000089f00000|100%| O|  |TAMS 0x0000000089f00000, 0x0000000089e00000| Untracked 
| 159|0x0000000089f00000, 0x000000008a000000, 0x000000008a000000|100%| O|  |TAMS 0x000000008a000000, 0x0000000089f00000| Untracked 
| 160|0x000000008a000000, 0x000000008a100000, 0x000000008a100000|100%| O|  |TAMS 0x000000008a100000, 0x000000008a000000| Untracked 
| 161|0x000000008a100000, 0x000000008a200000, 0x000000008a200000|100%| O|  |TAMS 0x000000008a200000, 0x000000008a100000| Untracked 
| 162|0x000000008a200000, 0x000000008a300000, 0x000000008a300000|100%| O|  |TAMS 0x000000008a300000, 0x000000008a200000| Untracked 
| 163|0x000000008a300000, 0x000000008a400000, 0x000000008a400000|100%| O|  |TAMS 0x000000008a400000, 0x000000008a300000| Untracked 
| 164|0x000000008a400000, 0x000000008a500000, 0x000000008a500000|100%| O|  |TAMS 0x000000008a500000, 0x000000008a400000| Untracked 
| 165|0x000000008a500000, 0x000000008a600000, 0x000000008a600000|100%| O|  |TAMS 0x000000008a600000, 0x000000008a500000| Untracked 
| 166|0x000000008a600000, 0x000000008a700000, 0x000000008a700000|100%| O|  |TAMS 0x000000008a700000, 0x000000008a600000| Untracked 
| 167|0x000000008a700000, 0x000000008a800000, 0x000000008a800000|100%| O|  |TAMS 0x000000008a7e0800, 0x000000008a700000| Untracked 
| 168|0x000000008a800000, 0x000000008a900000, 0x000000008a900000|100%| O|  |TAMS 0x000000008a800000, 0x000000008a800000| Untracked 
| 169|0x000000008a900000, 0x000000008aa00000, 0x000000008aa00000|100%| O|  |TAMS 0x000000008a900000, 0x000000008a900000| Untracked 
| 170|0x000000008aa00000, 0x000000008ab00000, 0x000000008ab00000|100%| O|  |TAMS 0x000000008aa00000, 0x000000008aa00000| Untracked 
| 171|0x000000008ab00000, 0x000000008ac00000, 0x000000008ac00000|100%| O|  |TAMS 0x000000008ab00000, 0x000000008ab00000| Untracked 
| 172|0x000000008ac00000, 0x000000008ad00000, 0x000000008ad00000|100%| O|  |TAMS 0x000000008ac00000, 0x000000008ac00000| Untracked 
| 173|0x000000008ad00000, 0x000000008ae00000, 0x000000008ae00000|100%| O|  |TAMS 0x000000008ad00000, 0x000000008ad00000| Untracked 
| 174|0x000000008ae00000, 0x000000008af00000, 0x000000008af00000|100%| O|  |TAMS 0x000000008ae00000, 0x000000008ae00000| Untracked 
| 175|0x000000008af00000, 0x000000008b000000, 0x000000008b000000|100%| O|  |TAMS 0x000000008af00000, 0x000000008af00000| Untracked 
| 176|0x000000008b000000, 0x000000008b100000, 0x000000008b100000|100%| O|  |TAMS 0x000000008b000000, 0x000000008b000000| Untracked 
| 177|0x000000008b100000, 0x000000008b200000, 0x000000008b200000|100%| O|  |TAMS 0x000000008b100000, 0x000000008b100000| Untracked 
| 178|0x000000008b200000, 0x000000008b300000, 0x000000008b300000|100%| O|  |TAMS 0x000000008b200000, 0x000000008b200000| Untracked 
| 179|0x000000008b300000, 0x000000008b400000, 0x000000008b400000|100%| O|  |TAMS 0x000000008b300000, 0x000000008b300000| Untracked 
| 180|0x000000008b400000, 0x000000008b500000, 0x000000008b500000|100%| O|  |TAMS 0x000000008b400000, 0x000000008b400000| Untracked 
| 181|0x000000008b500000, 0x000000008b600000, 0x000000008b600000|100%| O|  |TAMS 0x000000008b500000, 0x000000008b500000| Untracked 
| 182|0x000000008b600000, 0x000000008b700000, 0x000000008b700000|100%| O|  |TAMS 0x000000008b600000, 0x000000008b600000| Untracked 
| 183|0x000000008b700000, 0x000000008b800000, 0x000000008b800000|100%| O|  |TAMS 0x000000008b700000, 0x000000008b700000| Untracked 
| 184|0x000000008b800000, 0x000000008b800000, 0x000000008b900000|  0%| F|  |TAMS 0x000000008b800000, 0x000000008b800000| Untracked 
| 185|0x000000008b900000, 0x000000008b900000, 0x000000008ba00000|  0%| F|  |TAMS 0x000000008b900000, 0x000000008b900000| Untracked 
| 186|0x000000008ba00000, 0x000000008ba00000, 0x000000008bb00000|  0%| F|  |TAMS 0x000000008ba00000, 0x000000008ba00000| Untracked 
| 187|0x000000008bb00000, 0x000000008bb00000, 0x000000008bc00000|  0%| F|  |TAMS 0x000000008bb00000, 0x000000008bb00000| Untracked 
| 188|0x000000008bc00000, 0x000000008bc00000, 0x000000008bd00000|  0%| F|  |TAMS 0x000000008bc00000, 0x000000008bc00000| Untracked 
| 189|0x000000008bd00000, 0x000000008bd00000, 0x000000008be00000|  0%| F|  |TAMS 0x000000008bd00000, 0x000000008bd00000| Untracked 
| 190|0x000000008be00000, 0x000000008be00000, 0x000000008bf00000|  0%| F|  |TAMS 0x000000008be00000, 0x000000008be00000| Untracked 
| 191|0x000000008bf00000, 0x000000008bf00000, 0x000000008c000000|  0%| F|  |TAMS 0x000000008bf00000, 0x000000008bf00000| Untracked 
| 192|0x000000008c000000, 0x000000008c000000, 0x000000008c100000|  0%| F|  |TAMS 0x000000008c000000, 0x000000008c000000| Untracked 
| 193|0x000000008c100000, 0x000000008c100000, 0x000000008c200000|  0%| F|  |TAMS 0x000000008c100000, 0x000000008c100000| Untracked 
| 194|0x000000008c200000, 0x000000008c200000, 0x000000008c300000|  0%| F|  |TAMS 0x000000008c200000, 0x000000008c200000| Untracked 
| 195|0x000000008c300000, 0x000000008c300000, 0x000000008c400000|  0%| F|  |TAMS 0x000000008c300000, 0x000000008c300000| Untracked 
| 196|0x000000008c400000, 0x000000008c400000, 0x000000008c500000|  0%| F|  |TAMS 0x000000008c400000, 0x000000008c400000| Untracked 
| 197|0x000000008c500000, 0x000000008c500000, 0x000000008c600000|  0%| F|  |TAMS 0x000000008c500000, 0x000000008c500000| Untracked 
| 198|0x000000008c600000, 0x000000008c600000, 0x000000008c700000|  0%| F|  |TAMS 0x000000008c600000, 0x000000008c600000| Untracked 
| 199|0x000000008c700000, 0x000000008c700000, 0x000000008c800000|  0%| F|  |TAMS 0x000000008c700000, 0x000000008c700000| Untracked 
| 200|0x000000008c800000, 0x000000008c800000, 0x000000008c900000|  0%| F|  |TAMS 0x000000008c800000, 0x000000008c800000| Untracked 
| 201|0x000000008c900000, 0x000000008c900000, 0x000000008ca00000|  0%| F|  |TAMS 0x000000008c900000, 0x000000008c900000| Untracked 
| 202|0x000000008ca00000, 0x000000008ca00000, 0x000000008cb00000|  0%| F|  |TAMS 0x000000008ca00000, 0x000000008ca00000| Untracked 
| 203|0x000000008cb00000, 0x000000008cbd1498, 0x000000008cc00000| 81%| S|CS|TAMS 0x000000008cb00000, 0x000000008cb00000| Complete 
| 204|0x000000008cc00000, 0x000000008cc00000, 0x000000008cd00000|  0%| F|  |TAMS 0x000000008cc00000, 0x000000008cc00000| Untracked 
| 205|0x000000008cd00000, 0x000000008cd00000, 0x000000008ce00000|  0%| F|  |TAMS 0x000000008cd00000, 0x000000008cd00000| Untracked 
| 206|0x000000008ce00000, 0x000000008ce00000, 0x000000008cf00000|  0%| F|  |TAMS 0x000000008ce00000, 0x000000008ce00000| Untracked 
| 207|0x000000008cf00000, 0x000000008cf00000, 0x000000008d000000|  0%| F|  |TAMS 0x000000008cf00000, 0x000000008cf00000| Untracked 
| 208|0x000000008d000000, 0x000000008d000000, 0x000000008d100000|  0%| F|  |TAMS 0x000000008d000000, 0x000000008d000000| Untracked 
| 209|0x000000008d100000, 0x000000008d100000, 0x000000008d200000|  0%| F|  |TAMS 0x000000008d100000, 0x000000008d100000| Untracked 
| 210|0x000000008d200000, 0x000000008d200000, 0x000000008d300000|  0%| F|  |TAMS 0x000000008d200000, 0x000000008d200000| Untracked 
| 211|0x000000008d300000, 0x000000008d300000, 0x000000008d400000|  0%| F|  |TAMS 0x000000008d300000, 0x000000008d300000| Untracked 
| 212|0x000000008d400000, 0x000000008d400000, 0x000000008d500000|  0%| F|  |TAMS 0x000000008d400000, 0x000000008d400000| Untracked 
| 213|0x000000008d500000, 0x000000008d500000, 0x000000008d600000|  0%| F|  |TAMS 0x000000008d500000, 0x000000008d500000| Untracked 
| 214|0x000000008d600000, 0x000000008d600000, 0x000000008d700000|  0%| F|  |TAMS 0x000000008d600000, 0x000000008d600000| Untracked 
| 215|0x000000008d700000, 0x000000008d700000, 0x000000008d800000|  0%| F|  |TAMS 0x000000008d700000, 0x000000008d700000| Untracked 
| 216|0x000000008d800000, 0x000000008d800000, 0x000000008d900000|  0%| F|  |TAMS 0x000000008d800000, 0x000000008d800000| Untracked 
| 217|0x000000008d900000, 0x000000008d900000, 0x000000008da00000|  0%| F|  |TAMS 0x000000008d900000, 0x000000008d900000| Untracked 
| 218|0x000000008da00000, 0x000000008da00000, 0x000000008db00000|  0%| F|  |TAMS 0x000000008da00000, 0x000000008da00000| Untracked 
| 219|0x000000008db00000, 0x000000008db00000, 0x000000008dc00000|  0%| F|  |TAMS 0x000000008db00000, 0x000000008db00000| Untracked 
| 220|0x000000008dc00000, 0x000000008dc00000, 0x000000008dd00000|  0%| F|  |TAMS 0x000000008dc00000, 0x000000008dc00000| Untracked 
| 221|0x000000008dd00000, 0x000000008dd00000, 0x000000008de00000|  0%| F|  |TAMS 0x000000008dd00000, 0x000000008dd00000| Untracked 
| 222|0x000000008de00000, 0x000000008de00000, 0x000000008df00000|  0%| F|  |TAMS 0x000000008de00000, 0x000000008de00000| Untracked 
| 223|0x000000008df00000, 0x000000008df00000, 0x000000008e000000|  0%| F|  |TAMS 0x000000008df00000, 0x000000008df00000| Untracked 
| 224|0x000000008e000000, 0x000000008e000000, 0x000000008e100000|  0%| F|  |TAMS 0x000000008e000000, 0x000000008e000000| Untracked 
| 225|0x000000008e100000, 0x000000008e100000, 0x000000008e200000|  0%| F|  |TAMS 0x000000008e100000, 0x000000008e100000| Untracked 
| 226|0x000000008e200000, 0x000000008e200000, 0x000000008e300000|  0%| F|  |TAMS 0x000000008e200000, 0x000000008e200000| Untracked 
| 227|0x000000008e300000, 0x000000008e300000, 0x000000008e400000|  0%| F|  |TAMS 0x000000008e300000, 0x000000008e300000| Untracked 
| 228|0x000000008e400000, 0x000000008e4832f8, 0x000000008e500000| 51%| E|  |TAMS 0x000000008e400000, 0x000000008e400000| Complete 
| 229|0x000000008e500000, 0x000000008e600000, 0x000000008e600000|100%| E|CS|TAMS 0x000000008e500000, 0x000000008e500000| Complete 
| 230|0x000000008e600000, 0x000000008e700000, 0x000000008e700000|100%| E|  |TAMS 0x000000008e600000, 0x000000008e600000| Complete 
| 231|0x000000008e700000, 0x000000008e800000, 0x000000008e800000|100%| E|CS|TAMS 0x000000008e700000, 0x000000008e700000| Complete 
| 232|0x000000008e800000, 0x000000008e900000, 0x000000008e900000|100%| E|CS|TAMS 0x000000008e800000, 0x000000008e800000| Complete 
| 233|0x000000008e900000, 0x000000008ea00000, 0x000000008ea00000|100%| E|CS|TAMS 0x000000008e900000, 0x000000008e900000| Complete 
| 234|0x000000008ea00000, 0x000000008eb00000, 0x000000008eb00000|100%| E|CS|TAMS 0x000000008ea00000, 0x000000008ea00000| Complete 
| 235|0x000000008eb00000, 0x000000008ec00000, 0x000000008ec00000|100%| E|CS|TAMS 0x000000008eb00000, 0x000000008eb00000| Complete 
| 236|0x000000008ec00000, 0x000000008ed00000, 0x000000008ed00000|100%| E|CS|TAMS 0x000000008ec00000, 0x000000008ec00000| Complete 
| 237|0x000000008ed00000, 0x000000008ee00000, 0x000000008ee00000|100%| E|CS|TAMS 0x000000008ed00000, 0x000000008ed00000| Complete 
| 238|0x000000008ee00000, 0x000000008ef00000, 0x000000008ef00000|100%| E|CS|TAMS 0x000000008ee00000, 0x000000008ee00000| Complete 
| 239|0x000000008ef00000, 0x000000008f000000, 0x000000008f000000|100%| E|CS|TAMS 0x000000008ef00000, 0x000000008ef00000| Complete 
| 240|0x000000008f000000, 0x000000008f100000, 0x000000008f100000|100%| E|CS|TAMS 0x000000008f000000, 0x000000008f000000| Complete 
| 241|0x000000008f100000, 0x000000008f200000, 0x000000008f200000|100%| E|CS|TAMS 0x000000008f100000, 0x000000008f100000| Complete 
| 242|0x000000008f200000, 0x000000008f300000, 0x000000008f300000|100%| E|CS|TAMS 0x000000008f200000, 0x000000008f200000| Complete 
| 243|0x000000008f300000, 0x000000008f400000, 0x000000008f400000|100%| E|CS|TAMS 0x000000008f300000, 0x000000008f300000| Complete 
| 244|0x000000008f400000, 0x000000008f500000, 0x000000008f500000|100%| E|CS|TAMS 0x000000008f400000, 0x000000008f400000| Complete 
| 245|0x000000008f500000, 0x000000008f600000, 0x000000008f600000|100%| E|CS|TAMS 0x000000008f500000, 0x000000008f500000| Complete 
| 246|0x000000008f600000, 0x000000008f700000, 0x000000008f700000|100%| E|CS|TAMS 0x000000008f600000, 0x000000008f600000| Complete 
| 247|0x000000008f700000, 0x000000008f800000, 0x000000008f800000|100%| E|CS|TAMS 0x000000008f700000, 0x000000008f700000| Complete 
| 248|0x000000008f800000, 0x000000008f900000, 0x000000008f900000|100%| E|CS|TAMS 0x000000008f800000, 0x000000008f800000| Complete 
| 249|0x000000008f900000, 0x000000008fa00000, 0x000000008fa00000|100%| E|CS|TAMS 0x000000008f900000, 0x000000008f900000| Complete 
| 250|0x000000008fa00000, 0x000000008fb00000, 0x000000008fb00000|100%| E|CS|TAMS 0x000000008fa00000, 0x000000008fa00000| Complete 
| 251|0x000000008fb00000, 0x000000008fc00000, 0x000000008fc00000|100%| E|CS|TAMS 0x000000008fb00000, 0x000000008fb00000| Complete 
| 252|0x000000008fc00000, 0x000000008fd00000, 0x000000008fd00000|100%| E|CS|TAMS 0x000000008fc00000, 0x000000008fc00000| Complete 
| 253|0x000000008fd00000, 0x000000008fe00000, 0x000000008fe00000|100%| E|CS|TAMS 0x000000008fd00000, 0x000000008fd00000| Complete 
| 254|0x000000008fe00000, 0x000000008ff00000, 0x000000008ff00000|100%| E|CS|TAMS 0x000000008fe00000, 0x000000008fe00000| Complete 
| 255|0x000000008ff00000, 0x0000000090000000, 0x0000000090000000|100%| E|CS|TAMS 0x000000008ff00000, 0x000000008ff00000| Complete 

Card table byte_map: [0x000001f0c6b70000,0x000001f0c6f70000] _byte_map_base: 0x000001f0c6770000

Marking Bits (Prev, Next): (CMBitMap*) 0x000001f0b1ca4400, (CMBitMap*) 0x000001f0b1ca43c8
 Prev Bits: [0x000001f0c9370000, 0x000001f0cb370000)
 Next Bits: [0x000001f0c7370000, 0x000001f0c9370000)

Polling page: 0x000001f0b1d30000

Metaspace:

Usage:
  Non-class:    114.91 MB capacity,   113.06 MB ( 98%) used,     1.49 MB (  1%) free+waste,   374.56 KB ( <1%) overhead. 
      Class:     16.64 MB capacity,    15.52 MB ( 93%) used,   983.44 KB (  6%) free+waste,   162.81 KB ( <1%) overhead. 
       Both:    131.55 MB capacity,   128.58 MB ( 98%) used,     2.45 MB (  2%) free+waste,   537.38 KB ( <1%) overhead. 

Virtual space:
  Non-class space:      116.00 MB reserved,     115.71 MB (>99%) committed 
      Class space:        1.00 GB reserved,      16.88 MB (  2%) committed 
             Both:        1.11 GB reserved,     132.58 MB ( 12%) committed 

Chunk freelists:
   Non-Class:  753.00 KB
       Class:  209.00 KB
        Both:  962.00 KB

MaxMetaspaceSize: 17179869184.00 GB
CompressedClassSpaceSize: 1.00 GB

CodeHeap 'non-profiled nmethods': size=120064Kb used=18309Kb max_used=18309Kb free=101755Kb
 bounds [0x000001f0be9e0000, 0x000001f0bfbd0000, 0x000001f0c5f20000]
CodeHeap 'profiled nmethods': size=120000Kb used=44938Kb max_used=44938Kb free=75061Kb
 bounds [0x000001f0b74b0000, 0x000001f0ba0c0000, 0x000001f0be9e0000]
CodeHeap 'non-nmethods': size=5696Kb used=2438Kb max_used=2498Kb free=3257Kb
 bounds [0x000001f0b6f20000, 0x000001f0b71a0000, 0x000001f0b74b0000]
 total_blobs=21762 nmethods=20660 adapters=1012
 compilation: enabled
              stopped_count=0, restarted_count=0
 full_count=0

Compilation events (20 events):
Event: 2888.034 Thread 0x000001f0ce519800 24175 %     3       java.net.URI$Parser::scan @ 3 (76 bytes)
Event: 2888.034 Thread 0x000001f0ce519800 nmethod 24175% 0x000001f0ba0b2310 code [0x000001f0ba0b2560, 0x000001f0ba0b2ef8]
Event: 2888.034 Thread 0x000001f0ce519800 24176  s    2       org.gradle.internal.component.local.model.DefaultLocalComponentMetadata$DefaultLocalConfigurationMetadata::realizeDependencies (36 bytes)
Event: 2888.035 Thread 0x000001f0ce519800 nmethod 24176 0x000001f0ba0b3310 code [0x000001f0ba0b3500, 0x000001f0ba0b38a8]
Event: 2888.038 Thread 0x000001f0ce519800 24177       2       sun.security.provider.JavaKeyStore$TrustedCertEntry::<init> (5 bytes)
Event: 2888.038 Thread 0x000001f0ce519800 nmethod 24177 0x000001f0ba0b3a10 code [0x000001f0ba0b3bc0, 0x000001f0ba0b3cb8]
Event: 2888.038 Thread 0x000001f0ce519800 24178       2       java.security.KeyStore::isCertificateEntry (26 bytes)
Event: 2888.038 Thread 0x000001f0ce519800 nmethod 24178 0x000001f0ba0b3d90 code [0x000001f0ba0b3f60, 0x000001f0ba0b40f8]
Event: 2888.038 Thread 0x000001f0ce519800 24181   !   2       java.security.cert.Certificate::hashCode (31 bytes)
Event: 2888.039 Thread 0x000001f0ce519800 nmethod 24181 0x000001f0ba0b4210 code [0x000001f0ba0b4400, 0x000001f0ba0b46a8]
Event: 2888.039 Thread 0x000001f0ce519800 24179       2       sun.security.util.KeyStoreDelegator::engineIsCertificateEntry (9 bytes)
Event: 2888.039 Thread 0x000001f0ce519800 nmethod 24179 0x000001f0ba0b4910 code [0x000001f0ba0b4ac0, 0x000001f0ba0b4be8]
Event: 2888.039 Thread 0x000001f0ce519800 24180       2       sun.security.provider.JavaKeyStore::engineIsCertificateEntry (28 bytes)
Event: 2888.039 Thread 0x000001f0ce519800 nmethod 24180 0x000001f0ba0b4c90 code [0x000001f0ba0b4e60, 0x000001f0ba0b5018]
Event: 2888.039 Thread 0x000001f0ce519800 24182       2       sun.security.util.KeyStoreDelegator::engineGetCertificate (9 bytes)
Event: 2888.039 Thread 0x000001f0ce519800 nmethod 24182 0x000001f0ba0b5110 code [0x000001f0ba0b52c0, 0x000001f0ba0b53e8]
Event: 2888.039 Thread 0x000001f0ce519800 24183       2       sun.security.provider.JavaKeyStore::engineGetCertificate (56 bytes)
Event: 2888.039 Thread 0x000001f0ce519800 nmethod 24183 0x000001f0ba0b5490 code [0x000001f0ba0b5680, 0x000001f0ba0b5a38]
Event: 2888.039 Thread 0x000001f0ce519800 24184       2       java.lang.Long::toString (55 bytes)
Event: 2888.039 Thread 0x000001f0ce519800 nmethod 24184 0x000001f0ba0b5c90 code [0x000001f0ba0b5e60, 0x000001f0ba0b60d8]

GC Heap History (20 events):
Event: 2882.682 GC heap before
{Heap before GC invocations=121 (full 0):
 garbage-first heap   total 262144K, used 224710K [0x0000000080000000, 0x0000000100000000)
  region size 1024K, 84 young (86016K), 3 survivors (3072K)
 Metaspace       used 117370K, capacity 120477K, committed 120660K, reserved 1155072K
  class space    used 14567K, capacity 15712K, committed 15744K, reserved 1048576K
}
Event: 2882.689 GC heap after
{Heap after GC invocations=122 (full 0):
 garbage-first heap   total 262144K, used 145018K [0x0000000080000000, 0x0000000100000000)
  region size 1024K, 5 young (5120K), 5 survivors (5120K)
 Metaspace       used 117370K, capacity 120477K, committed 120660K, reserved 1155072K
  class space    used 14567K, capacity 15712K, committed 15744K, reserved 1048576K
}
Event: 2884.146 GC heap before
{Heap before GC invocations=122 (full 0):
 garbage-first heap   total 262144K, used 225914K [0x0000000080000000, 0x0000000100000000)
  region size 1024K, 85 young (87040K), 5 survivors (5120K)
 Metaspace       used 120332K, capacity 123635K, committed 123860K, reserved 1157120K
  class space    used 14899K, capacity 16090K, committed 16128K, reserved 1048576K
}
Event: 2884.156 GC heap after
{Heap after GC invocations=123 (full 0):
 garbage-first heap   total 262144K, used 150236K [0x0000000080000000, 0x0000000100000000)
  region size 1024K, 10 young (10240K), 10 survivors (10240K)
 Metaspace       used 120332K, capacity 123635K, committed 123860K, reserved 1157120K
  class space    used 14899K, capacity 16090K, committed 16128K, reserved 1048576K
}
Event: 2885.407 GC heap before
{Heap before GC invocations=123 (full 0):
 garbage-first heap   total 262144K, used 223964K [0x0000000080000000, 0x0000000100000000)
  region size 1024K, 83 young (84992K), 10 survivors (10240K)
 Metaspace       used 121943K, capacity 125336K, committed 125652K, reserved 1159168K
  class space    used 15062K, capacity 16295K, committed 16384K, reserved 1048576K
}
Event: 2885.421 GC heap after
{Heap after GC invocations=124 (full 0):
 garbage-first heap   total 262144K, used 160602K [0x0000000080000000, 0x0000000100000000)
  region size 1024K, 11 young (11264K), 11 survivors (11264K)
 Metaspace       used 121943K, capacity 125336K, committed 125652K, reserved 1159168K
  class space    used 15062K, capacity 16295K, committed 16384K, reserved 1048576K
}
Event: 2886.073 GC heap before
{Heap before GC invocations=124 (full 0):
 garbage-first heap   total 262144K, used 226138K [0x0000000080000000, 0x0000000100000000)
  region size 1024K, 69 young (70656K), 11 survivors (11264K)
 Metaspace       used 123461K, capacity 126906K, committed 127060K, reserved 1159168K
  class space    used 15189K, capacity 16431K, committed 16512K, reserved 1048576K
}
Event: 2886.123 GC heap after
{Heap after GC invocations=125 (full 0):
 garbage-first heap   total 262144K, used 178050K [0x0000000080000000, 0x0000000100000000)
  region size 1024K, 9 young (9216K), 9 survivors (9216K)
 Metaspace       used 123461K, capacity 126906K, committed 127060K, reserved 1159168K
  class space    used 15189K, capacity 16431K, committed 16512K, reserved 1048576K
}
Event: 2886.833 GC heap before
{Heap before GC invocations=126 (full 0):
 garbage-first heap   total 262144K, used 224130K [0x0000000080000000, 0x0000000100000000)
  region size 1024K, 51 young (52224K), 9 survivors (9216K)
 Metaspace       used 126396K, capacity 129407K, committed 130516K, reserved 1163264K
  class space    used 15479K, capacity 16636K, committed 16896K, reserved 1048576K
}
Event: 2886.843 GC heap after
{Heap after GC invocations=127 (full 0):
 garbage-first heap   total 262144K, used 181189K [0x0000000080000000, 0x0000000100000000)
  region size 1024K, 6 young (6144K), 6 survivors (6144K)
 Metaspace       used 126396K, capacity 129407K, committed 130516K, reserved 1163264K
  class space    used 15479K, capacity 16636K, committed 16896K, reserved 1048576K
}
Event: 2886.874 GC heap before
{Heap before GC invocations=127 (full 0):
 garbage-first heap   total 262144K, used 187333K [0x0000000080000000, 0x0000000100000000)
  region size 1024K, 12 young (12288K), 6 survivors (6144K)
 Metaspace       used 126411K, capacity 129408K, committed 130516K, reserved 1163264K
  class space    used 15479K, capacity 16636K, committed 16896K, reserved 1048576K
}
Event: 2886.891 GC heap after
{Heap after GC invocations=128 (full 0):
 garbage-first heap   total 262144K, used 161529K [0x0000000080000000, 0x0000000100000000)
  region size 1024K, 1 young (1024K), 1 survivors (1024K)
 Metaspace       used 126411K, capacity 129408K, committed 130516K, reserved 1163264K
  class space    used 15479K, capacity 16636K, committed 16896K, reserved 1048576K
}
Event: 2886.938 GC heap before
{Heap before GC invocations=128 (full 0):
 garbage-first heap   total 262144K, used 171769K [0x0000000080000000, 0x0000000100000000)
  region size 1024K, 12 young (12288K), 1 survivors (1024K)
 Metaspace       used 126414K, capacity 129408K, committed 130516K, reserved 1163264K
  class space    used 15479K, capacity 16636K, committed 16896K, reserved 1048576K
}
Event: 2886.945 GC heap after
{Heap after GC invocations=129 (full 0):
 garbage-first heap   total 262144K, used 156868K [0x0000000080000000, 0x0000000100000000)
  region size 1024K, 1 young (1024K), 1 survivors (1024K)
 Metaspace       used 126414K, capacity 129408K, committed 130516K, reserved 1163264K
  class space    used 15479K, capacity 16636K, committed 16896K, reserved 1048576K
}
Event: 2887.266 GC heap before
{Heap before GC invocations=129 (full 0):
 garbage-first heap   total 262144K, used 226500K [0x0000000080000000, 0x0000000100000000)
  region size 1024K, 55 young (56320K), 1 survivors (1024K)
 Metaspace       used 126696K, capacity 129829K, committed 130772K, reserved 1163264K
  class space    used 15502K, capacity 16681K, committed 16896K, reserved 1048576K
}
Event: 2887.269 GC heap after
{Heap after GC invocations=130 (full 0):
 garbage-first heap   total 262144K, used 157343K [0x0000000080000000, 0x0000000100000000)
  region size 1024K, 1 young (1024K), 1 survivors (1024K)
 Metaspace       used 126696K, capacity 129829K, committed 130772K, reserved 1163264K
  class space    used 15502K, capacity 16681K, committed 16896K, reserved 1048576K
}
Event: 2887.621 GC heap before
{Heap before GC invocations=130 (full 0):
 garbage-first heap   total 262144K, used 214687K [0x0000000080000000, 0x0000000100000000)
  region size 1024K, 58 young (59392K), 1 survivors (1024K)
 Metaspace       used 130126K, capacity 133259K, committed 134356K, reserved 1167360K
  class space    used 15774K, capacity 16941K, committed 17152K, reserved 1048576K
}
Event: 2887.626 GC heap after
{Heap after GC invocations=131 (full 0):
 garbage-first heap   total 262144K, used 164435K [0x0000000080000000, 0x0000000100000000)
  region size 1024K, 8 young (8192K), 8 survivors (8192K)
 Metaspace       used 130126K, capacity 133259K, committed 134356K, reserved 1167360K
  class space    used 15774K, capacity 16941K, committed 17152K, reserved 1048576K
}
Event: 2887.834 GC heap before
{Heap before GC invocations=131 (full 0):
 garbage-first heap   total 262144K, used 216659K [0x0000000080000000, 0x0000000100000000)
  region size 1024K, 60 young (61440K), 8 survivors (8192K)
 Metaspace       used 130511K, capacity 133579K, committed 134612K, reserved 1167360K
  class space    used 15789K, capacity 16941K, committed 17152K, reserved 1048576K
}
Event: 2887.837 GC heap after
{Heap after GC invocations=132 (full 0):
 garbage-first heap   total 262144K, used 161029K [0x0000000080000000, 0x0000000100000000)
  region size 1024K, 1 young (1024K), 1 survivors (1024K)
 Metaspace       used 130511K, capacity 133579K, committed 134612K, reserved 1167360K
  class space    used 15789K, capacity 16941K, committed 17152K, reserved 1048576K
}

Deoptimization events (20 events):
Event: 2888.011 Thread 0x000001f0d0e58800 Uncommon trap: trap_request=0xffffffde fr.pc=0x000001f0bf2ee8a0 relative=0x0000000000000780
Event: 2888.011 Thread 0x000001f0d0e58800 Uncommon trap: reason=class_check action=maybe_recompile pc=0x000001f0bf2ee8a0 method=java.util.regex.Pattern$Curly.match1(Ljava/util/regex/Matcher;IILjava/lang/CharSequence;)Z @ 8 c2
Event: 2888.011 Thread 0x000001f0d0e58800 DEOPT PACKING pc=0x000001f0bf2ee8a0 sp=0x000000d3a70fa070
Event: 2888.011 Thread 0x000001f0d0e58800 DEOPT UNPACKING pc=0x000001f0b6f4662f sp=0x000000d3a70fa020 mode 2
Event: 2888.011 Thread 0x000001f0d0e58800 Uncommon trap: trap_request=0xffffffde fr.pc=0x000001f0bf2ee8a0 relative=0x0000000000000780
Event: 2888.011 Thread 0x000001f0d0e58800 Uncommon trap: reason=class_check action=maybe_recompile pc=0x000001f0bf2ee8a0 method=java.util.regex.Pattern$Curly.match1(Ljava/util/regex/Matcher;IILjava/lang/CharSequence;)Z @ 8 c2
Event: 2888.011 Thread 0x000001f0d0e58800 DEOPT PACKING pc=0x000001f0bf2ee8a0 sp=0x000000d3a70fa3f0
Event: 2888.011 Thread 0x000001f0d0e58800 DEOPT UNPACKING pc=0x000001f0b6f4662f sp=0x000000d3a70fa3a0 mode 2
Event: 2888.020 Thread 0x000001f0d0e58800 Uncommon trap: trap_request=0xffffff4d fr.pc=0x000001f0bfb55198 relative=0x0000000000000338
Event: 2888.020 Thread 0x000001f0d0e58800 Uncommon trap: reason=unstable_if action=reinterpret pc=0x000001f0bfb55198 method=com.google.gson.stream.JsonWriter.newline()V @ 4 c2
Event: 2888.020 Thread 0x000001f0d0e58800 DEOPT PACKING pc=0x000001f0bfb55198 sp=0x000000d3a70fa6c0
Event: 2888.020 Thread 0x000001f0d0e58800 DEOPT UNPACKING pc=0x000001f0b6f4662f sp=0x000000d3a70fa678 mode 2
Event: 2888.020 Thread 0x000001f0d0e58800 Uncommon trap: trap_request=0xffffff4d fr.pc=0x000001f0bfb50ffc relative=0x000000000000075c
Event: 2888.021 Thread 0x000001f0d0e58800 Uncommon trap: reason=unstable_if action=reinterpret pc=0x000001f0bfb50ffc method=com.google.gson.stream.JsonWriter.string(Ljava/lang/String;)V @ 4 c2
Event: 2888.021 Thread 0x000001f0d0e58800 DEOPT PACKING pc=0x000001f0bfb50ffc sp=0x000000d3a70fa540
Event: 2888.021 Thread 0x000001f0d0e58800 DEOPT UNPACKING pc=0x000001f0b6f4662f sp=0x000000d3a70fa4e0 mode 2
Event: 2888.037 Thread 0x000001f0d0e58800 Uncommon trap: trap_request=0xffffffc6 fr.pc=0x000001f0bfa238dc relative=0x00000000000009fc
Event: 2888.037 Thread 0x000001f0d0e58800 Uncommon trap: reason=bimorphic_or_optimized_type_check action=maybe_recompile pc=0x000001f0bfa238dc method=java.util.HashMap.removeNode(ILjava/lang/Object;Ljava/lang/Object;ZZ)Ljava/util/HashMap$Node; @ 143 c2
Event: 2888.037 Thread 0x000001f0d0e58800 DEOPT PACKING pc=0x000001f0bfa238dc sp=0x000000d3a70f8360
Event: 2888.037 Thread 0x000001f0d0e58800 DEOPT UNPACKING pc=0x000001f0b6f4662f sp=0x000000d3a70f82e8 mode 2

Classes redefined (0 events):
No events

Internal exceptions (20 events):
Event: 2886.054 Thread 0x000001f0d0fef800 Exception <a 'java/io/FileNotFoundException'{0x000000008c9ab8b0}> (0x000000008c9ab8b0) thrown at [./src/hotspot/share/prims/jni.cpp, line 615]
Event: 2886.056 Thread 0x000001f0d0fef800 Exception <a 'java/io/FileNotFoundException'{0x000000008c9f44b0}> (0x000000008c9f44b0) thrown at [./src/hotspot/share/prims/jni.cpp, line 615]
Event: 2886.338 Thread 0x000001f0d0fee000 Implicit null exception at 0x000001f0bebe43a7 to 0x000001f0bebe4528
Event: 2886.795 Thread 0x000001f0d0e56000 Implicit null exception at 0x000001f0becb915a to 0x000001f0becb9d74
Event: 2886.796 Thread 0x000001f0d0e56000 Implicit null exception at 0x000001f0bec4874f to 0x000001f0bec48ae4
Event: 2886.801 Thread 0x000001f0d0e56000 Implicit null exception at 0x000001f0bf6264ff to 0x000001f0bf62cf5c
Event: 2887.114 Thread 0x000001f0d0e56000 Implicit null exception at 0x000001f0bf646e20 to 0x000001f0bf649760
Event: 2887.202 Thread 0x000001f0d0e56000 Implicit null exception at 0x000001f0bfb3c6d1 to 0x000001f0bfb427a0
Event: 2887.252 Thread 0x000001f0d0e56000 Exception <a 'java/lang/NoSuchMethodError'{0x000000008cbc54d8}: <clinit>> (0x000000008cbc54d8) thrown at [./src/hotspot/share/prims/jni.cpp, line 1362]
Event: 2887.923 Thread 0x000001f0d0e58800 Implicit null exception at 0x000001f0bf1e699a to 0x000001f0bf1e7cc4
Event: 2887.937 Thread 0x000001f0d0e58800 Exception <a 'java/lang/ClassNotFoundException'{0x000000008f2f8fb0}: groovy/xml/slurpersupport/NodeChildBeanInfo> (0x000000008f2f8fb0) thrown at [./src/hotspot/share/classfile/systemDictionary.cpp, line 231]
Event: 2887.938 Thread 0x000001f0d0e58800 Exception <a 'java/lang/ClassNotFoundException'{0x000000008f11d7f8}: groovy/xml/slurpersupport/GPathResultBeanInfo> (0x000000008f11d7f8) thrown at [./src/hotspot/share/classfile/systemDictionary.cpp, line 231]
Event: 2887.939 Thread 0x000001f0d0e58800 Exception <a 'java/lang/ClassNotFoundException'{0x000000008f141cb8}: groovy/xml/slurpersupport/GPathResultCustomizer> (0x000000008f141cb8) thrown at [./src/hotspot/share/classfile/systemDictionary.cpp, line 231]
Event: 2887.941 Thread 0x000001f0d0e58800 Exception <a 'java/lang/ClassNotFoundException'{0x000000008f17f770}: groovy/xml/slurpersupport/NodeChildCustomizer> (0x000000008f17f770) thrown at [./src/hotspot/share/classfile/systemDictionary.cpp, line 231]
Event: 2887.950 Thread 0x000001f0d0e58800 Exception <a 'java/lang/ClassNotFoundException'{0x000000008efdaad0}: groovy/xml/slurpersupport/AttributesBeanInfo> (0x000000008efdaad0) thrown at [./src/hotspot/share/classfile/systemDictionary.cpp, line 231]
Event: 2887.950 Thread 0x000001f0d0e58800 Exception <a 'java/lang/ClassNotFoundException'{0x000000008effee30}: groovy/xml/slurpersupport/NodeChildrenBeanInfo> (0x000000008effee30) thrown at [./src/hotspot/share/classfile/systemDictionary.cpp, line 231]
Event: 2887.950 Thread 0x000001f0d0e58800 Exception <a 'java/lang/ClassNotFoundException'{0x000000008ee23a00}: groovy/xml/slurpersupport/NodeChildrenCustomizer> (0x000000008ee23a00) thrown at [./src/hotspot/share/classfile/systemDictionary.cpp, line 231]
Event: 2887.952 Thread 0x000001f0d0e58800 Exception <a 'java/lang/ClassNotFoundException'{0x000000008ee5d548}: groovy/xml/slurpersupport/AttributesCustomizer> (0x000000008ee5d548) thrown at [./src/hotspot/share/classfile/systemDictionary.cpp, line 231]
Event: 2887.956 Thread 0x000001f0d0e58800 Exception <a 'java/lang/ClassNotFoundException'{0x000000008ed7df58}: groovy/xml/slurpersupport/AttributeBeanInfo> (0x000000008ed7df58) thrown at [./src/hotspot/share/classfile/systemDictionary.cpp, line 231]
Event: 2887.956 Thread 0x000001f0d0e58800 Exception <a 'java/lang/ClassNotFoundException'{0x000000008eda2400}: groovy/xml/slurpersupport/AttributeCustomizer> (0x000000008eda2400) thrown at [./src/hotspot/share/classfile/systemDictionary.cpp, line 231]

Events (20 events):
Event: 2888.011 loading class androidx/navigation/safe/args/generator/ext/String_extKt
Event: 2888.011 loading class androidx/navigation/safe/args/generator/ext/String_extKt done
Event: 2888.012 loading class androidx/navigation/safe/args/generator/ext/List_extKt
Event: 2888.012 loading class androidx/navigation/safe/args/generator/ext/List_extKt done
Event: 2888.012 loading class androidx/navigation/safe/args/generator/ext/List_extKt$joinToCamelCase$1
Event: 2888.012 loading class androidx/navigation/safe/args/generator/ext/List_extKt$joinToCamelCase$1 done
Event: 2888.013 loading class androidx/navigation/safe/args/generator/NavArgumentResolverKt
Event: 2888.013 loading class androidx/navigation/safe/args/generator/NavArgumentResolverKt done
Event: 2888.014 loading class androidx/navigation/safe/args/generator/GeneratorOutput
Event: 2888.014 loading class androidx/navigation/safe/args/generator/GeneratorOutput done
Event: 2888.014 loading class androidx/navigation/safeargs/gradle/Mapping
Event: 2888.014 loading class androidx/navigation/safeargs/gradle/Mapping done
Event: 2888.015 Executing VM operation: RevokeBias
Event: 2888.016 Executing VM operation: RevokeBias done
Event: 2888.017 loading class kotlin/io/FilePathComponents
Event: 2888.017 loading class kotlin/io/FilePathComponents done
Event: 2888.030 Executing VM operation: RevokeBias
Event: 2888.030 Executing VM operation: RevokeBias done
Event: 2888.031 Executing VM operation: RevokeBias
Event: 2888.031 Executing VM operation: RevokeBias done


Dynamic libraries:
0x00007ff70c370000 - 0x00007ff70c37a000 	C:\Program Files\Android\Android Studio\jre\bin\java.exe
0x00007ffbc3810000 - 0x00007ffbc3a05000 	C:\Windows\SYSTEM32\ntdll.dll
0x00007ffb95d80000 - 0x00007ffb95d96000 	C:\Program Files\Avast Software\Avast\aswhook.dll
0x00007ffbc2670000 - 0x00007ffbc272e000 	C:\Windows\System32\KERNEL32.DLL
0x00007ffbc0f20000 - 0x00007ffbc11e8000 	C:\Windows\System32\KERNELBASE.dll
0x00007ffbbe420000 - 0x00007ffbbe4b0000 	C:\Windows\SYSTEM32\apphelp.dll
0x00007ffbc1680000 - 0x00007ffbc1780000 	C:\Windows\System32\ucrtbase.dll
0x00007ffba8660000 - 0x00007ffba8677000 	C:\Program Files\Android\Android Studio\jre\bin\VCRUNTIME140.dll
0x00007ffba8640000 - 0x00007ffba8659000 	C:\Program Files\Android\Android Studio\jre\bin\jli.dll
0x00007ffbc3620000 - 0x00007ffbc37c1000 	C:\Windows\System32\USER32.dll
0x00007ffbb5fa0000 - 0x00007ffbb623a000 	C:\Windows\WinSxS\amd64_microsoft.windows.common-controls_6595b64144ccf1df_6.0.19041.1110_none_60b5254171f9507e\COMCTL32.dll
0x00007ffbc11f0000 - 0x00007ffbc1212000 	C:\Windows\System32\win32u.dll
0x00007ffbc24d0000 - 0x00007ffbc256e000 	C:\Windows\System32\msvcrt.dll
0x00007ffbc1850000 - 0x00007ffbc187b000 	C:\Windows\System32\GDI32.dll
0x00007ffbc1360000 - 0x00007ffbc146d000 	C:\Windows\System32\gdi32full.dll
0x00007ffbc1780000 - 0x00007ffbc181d000 	C:\Windows\System32\msvcp_win.dll
0x00007ffbc2430000 - 0x00007ffbc2460000 	C:\Windows\System32\IMM32.DLL
0x00007ffb87bb0000 - 0x00007ffb87c4d000 	C:\Program Files\Android\Android Studio\jre\bin\msvcp140.dll
0x00007ffb3c4c0000 - 0x00007ffb3cf95000 	C:\Program Files\Android\Android Studio\jre\bin\server\jvm.dll
0x00007ffbc19b0000 - 0x00007ffbc1a5e000 	C:\Windows\System32\ADVAPI32.dll
0x00007ffbc1c70000 - 0x00007ffbc1d0c000 	C:\Windows\System32\sechost.dll
0x00007ffbc2300000 - 0x00007ffbc2425000 	C:\Windows\System32\RPCRT4.dll
0x00007ffbc2db0000 - 0x00007ffbc2db8000 	C:\Windows\System32\PSAPI.DLL
0x00007ffbb7300000 - 0x00007ffbb7327000 	C:\Windows\SYSTEM32\WINMM.dll
0x00007ffbacad0000 - 0x00007ffbacad9000 	C:\Windows\SYSTEM32\WSOCK32.dll
0x00007ffbb9390000 - 0x00007ffbb939a000 	C:\Windows\SYSTEM32\VERSION.dll
0x00007ffbc2460000 - 0x00007ffbc24cb000 	C:\Windows\System32\WS2_32.dll
0x00007ffbbf7c0000 - 0x00007ffbbf7d2000 	C:\Windows\SYSTEM32\kernel.appcore.dll
0x00007ffb9a4b0000 - 0x00007ffb9a4c1000 	C:\Program Files\Android\Android Studio\jre\bin\verify.dll
0x00007ffbbec70000 - 0x00007ffbbee54000 	C:\Windows\SYSTEM32\DBGHELP.DLL
0x00007ffbb6940000 - 0x00007ffbb696c000 	C:\Windows\SYSTEM32\dbgcore.DLL
0x00007ffbc12d0000 - 0x00007ffbc1352000 	C:\Windows\System32\bcryptPrimitives.dll
0x00007ffb971b0000 - 0x00007ffb971d9000 	C:\Program Files\Android\Android Studio\jre\bin\java.dll
0x00007ffbbbd40000 - 0x00007ffbbbd4b000 	C:\Program Files\Android\Android Studio\jre\bin\jimage.dll
0x00007ffb97190000 - 0x00007ffb971a8000 	C:\Program Files\Android\Android Studio\jre\bin\zip.dll
0x00007ffbc2dc0000 - 0x00007ffbc3504000 	C:\Windows\System32\SHELL32.dll
0x00007ffbbf010000 - 0x00007ffbbf7a5000 	C:\Windows\SYSTEM32\windows.storage.dll
0x00007ffbc2860000 - 0x00007ffbc2bb5000 	C:\Windows\System32\combase.dll
0x00007ffbc0970000 - 0x00007ffbc099e000 	C:\Windows\SYSTEM32\Wldp.dll
0x00007ffbc3570000 - 0x00007ffbc361d000 	C:\Windows\System32\SHCORE.dll
0x00007ffbc2570000 - 0x00007ffbc25c5000 	C:\Windows\System32\shlwapi.dll
0x00007ffbc0e60000 - 0x00007ffbc0e7f000 	C:\Windows\SYSTEM32\profapi.dll
0x00007ffb97170000 - 0x00007ffb9718a000 	C:\Program Files\Android\Android Studio\jre\bin\net.dll
0x00007ffbb78c0000 - 0x00007ffbb79cc000 	C:\Windows\SYSTEM32\WINHTTP.dll
0x00007ffbc06d0000 - 0x00007ffbc073a000 	C:\Windows\system32\mswsock.dll
0x00007ffb96dd0000 - 0x00007ffb96de4000 	C:\Program Files\Android\Android Studio\jre\bin\nio.dll
0x00007ffb97a60000 - 0x00007ffb97a87000 	C:\Users\mohit\.gradle\native\e1d6ef7f7dcc3fd88c89a11ec53ec762bb8ba0a96d01ffa2cd45eb1d1d8dd5c5\windows-amd64\native-platform.dll
0x00007ffb49860000 - 0x00007ffb499a4000 	C:\Users\mohit\.gradle\native\5664cfc778a61ccfe75a443a1ab52a65af34e5dc3c78e0209fed803814484fcb\windows-amd64\native-platform-file-events.dll
0x00007ffbbb310000 - 0x00007ffbbb31a000 	C:\Program Files\Android\Android Studio\jre\bin\management.dll
0x00007ffba9100000 - 0x00007ffba910d000 	C:\Program Files\Android\Android Studio\jre\bin\management_ext.dll
0x00007ffbc08d0000 - 0x00007ffbc08e8000 	C:\Windows\SYSTEM32\CRYPTSP.dll
0x00007ffbbffe0000 - 0x00007ffbc0014000 	C:\Windows\system32\rsaenh.dll
0x00007ffbc1820000 - 0x00007ffbc1847000 	C:\Windows\System32\bcrypt.dll
0x00007ffbc0de0000 - 0x00007ffbc0e0e000 	C:\Windows\SYSTEM32\USERENV.dll
0x00007ffbc08c0000 - 0x00007ffbc08cc000 	C:\Windows\SYSTEM32\CRYPTBASE.dll
0x00007ffbc0370000 - 0x00007ffbc03ab000 	C:\Windows\SYSTEM32\IPHLPAPI.DLL
0x00007ffbc2730000 - 0x00007ffbc2738000 	C:\Windows\System32\NSI.dll
0x00007ffbb9810000 - 0x00007ffbb9827000 	C:\Windows\SYSTEM32\dhcpcsvc6.DLL
0x00007ffbb97f0000 - 0x00007ffbb980d000 	C:\Windows\SYSTEM32\dhcpcsvc.DLL
0x00007ffbc03b0000 - 0x00007ffbc047b000 	C:\Windows\SYSTEM32\DNSAPI.dll
0x00007ffb90cf0000 - 0x00007ffb90d17000 	C:\Program Files\Android\Android Studio\jre\bin\sunec.dll
0x0000000076100000 - 0x0000000076126000 	C:\Program Files\Bonjour\mdnsNSP.dll
0x00007ffbb92a0000 - 0x00007ffbb92aa000 	C:\Windows\System32\rasadhlp.dll
0x00007ffbb75f0000 - 0x00007ffbb766f000 	C:\Windows\System32\fwpuclnt.dll
0x00007ffbbfc10000 - 0x00007ffbbfc43000 	C:\Windows\SYSTEM32\ntmarta.dll
0x00007ffb56600000 - 0x00007ffb567a5000 	C:\Program Files\Android\Android Studio\jre\bin\awt.dll
0x00007ffbc18e0000 - 0x00007ffbc19ad000 	C:\Windows\System32\OLEAUT32.dll
0x00007ffbbe800000 - 0x00007ffbbe82f000 	C:\Windows\SYSTEM32\dwmapi.dll
0x00007ffbbe5d0000 - 0x00007ffbbe66e000 	C:\Windows\system32\uxtheme.dll

dbghelp: loaded successfully - version: 4.0.5 - missing functions: none
symbol engine: initialized successfully - sym options: 0x614 - pdb path: .;C:\Program Files\Android\Android Studio\jre\bin;C:\Windows\SYSTEM32;C:\Program Files\Avast Software\Avast;C:\Windows\WinSxS\amd64_microsoft.windows.common-controls_6595b64144ccf1df_6.0.19041.1110_none_60b5254171f9507e;C:\Program Files\Android\Android Studio\jre\bin\server;C:\Users\mohit\.gradle\native\e1d6ef7f7dcc3fd88c89a11ec53ec762bb8ba0a96d01ffa2cd45eb1d1d8dd5c5\windows-amd64;C:\Users\mohit\.gradle\native\5664cfc778a61ccfe75a443a1ab52a65af34e5dc3c78e0209fed803814484fcb\windows-amd64;C:\Program Files\Bonjour

VM Arguments:
jvm_args: --add-opens=java.base/java.util=ALL-UNNAMED --add-opens=java.base/java.lang=ALL-UNNAMED --add-opens=java.base/java.lang.invoke=ALL-UNNAMED --add-opens=java.base/java.util=ALL-UNNAMED --add-opens=java.prefs/java.util.prefs=ALL-UNNAMED --add-opens=java.prefs/java.util.prefs=ALL-UNNAMED --add-opens=java.base/java.nio.charset=ALL-UNNAMED --add-opens=java.base/java.net=ALL-UNNAMED --add-opens=java.base/java.util.concurrent.atomic=ALL-UNNAMED -Xmx2048m -Dfile.encoding=UTF-8 -Duser.country=US -Duser.language=en -Duser.variant 
java_command: org.gradle.launcher.daemon.bootstrap.GradleDaemon 7.3.3
java_class_path (initial): C:\Users\mohit\.gradle\wrapper\dists\gradle-7.3.3-bin\6a41zxkdtcxs8rphpq6y0069z\gradle-7.3.3\lib\gradle-launcher-7.3.3.jar
Launcher Type: SUN_STANDARD

[Global flags]
     intx CICompilerCount                          = 3                                         {product} {ergonomic}
     uint ConcGCThreads                            = 2                                         {product} {ergonomic}
     uint G1ConcRefinementThreads                  = 6                                         {product} {ergonomic}
   size_t G1HeapRegionSize                         = 1048576                                   {product} {ergonomic}
    uintx GCDrainStackTargetSize                   = 64                                        {product} {ergonomic}
   size_t InitialHeapSize                          = 268435456                                 {product} {ergonomic}
   size_t MarkStackSize                            = 4194304                                   {product} {ergonomic}
   size_t MaxHeapSize                              = 2147483648                                {product} {command line}
   size_t MaxNewSize                               = 1287651328                                {product} {ergonomic}
   size_t MinHeapDeltaBytes                        = 1048576                                   {product} {ergonomic}
    uintx NonNMethodCodeHeapSize                   = 5830732                                {pd product} {ergonomic}
    uintx NonProfiledCodeHeapSize                  = 122913754                              {pd product} {ergonomic}
    uintx ProfiledCodeHeapSize                     = 122913754                              {pd product} {ergonomic}
    uintx ReservedCodeCacheSize                    = 251658240                              {pd product} {ergonomic}
     bool SegmentedCodeCache                       = true                                      {product} {ergonomic}
     bool UseCompressedClassPointers               = true                                 {lp64_product} {ergonomic}
     bool UseCompressedOops                        = true                                 {lp64_product} {ergonomic}
     bool UseG1GC                                  = true                                      {product} {ergonomic}
     bool UseLargePagesIndividualAllocation        = false                                  {pd product} {ergonomic}

Logging:
Log output configuration:
 #0: stdout all=warning uptime,level,tags
 #1: stderr all=off uptime,level,tags

Environment Variables:
PATH=C:\Program Files\Common Files\Oracle\Java\javapath;C:\Program Files (x86)\Common Files\Oracle\Java\javapath;C:\Windows\system32;C:\Windows;C:\Windows\System32\Wbem;C:\Windows\System32\WindowsPowerShell\v1.0\;C:\Windows\System32\OpenSSH\;C:\Program Files (x86)\NVIDIA Corporation\PhysX\Common;;C:\Program Files\NVIDIA Corporation\NVIDIA NvDLISR;C:\Program Files\dotnet\;C:\Users\mohit\AppData\Local\Programs\Python\Python39\Scripts\;C:\Users\mohit\AppData\Local\Programs\Python\Python39\;C:\Users\mohit\AppData\Local\Microsoft\WindowsApps;C:\Users\mohit\.dotnet\tools;C:\Users\mohit\AppData\Local\GitHubDesktop\bin
USERNAME=mohit
OS=Windows_NT
PROCESSOR_IDENTIFIER=Intel64 Family 6 Model 158 Stepping 10, GenuineIntel



---------------  S Y S T E M  ---------------

OS: Windows 10 , 64 bit Build 19041 (10.0.19041.1466)
OS uptime: 0 days 17:44 hours

CPU:total 6 (initial active 6) (6 cores per cpu, 1 threads per core) family 6 model 158 stepping 10 microcode 0xd6, cmov, cx8, fxsr, mmx, sse, sse2, sse3, ssse3, sse4.1, sse4.2, popcnt, avx, avx2, aes, clmul, erms, 3dnowpref, lzcnt, tsc, tscinvbit, bmi1, bmi2, adx, fma

Memory: 4k page, system-wide physical 16313M (4304M free)
TotalPageFile size 16313M (AvailPageFile size 6M)
current process WorkingSet (physical memory assigned to process): 563M, peak: 611M
current process commit charge ("private bytes"): 664M, peak: 666M

vm_info: OpenJDK 64-Bit Server VM (11.0.11+9-b60-7590822) for windows-amd64 JRE (11.0.11+9-b60-7590822), built on Jul 29 2021 21:43:44 by "builder" with MS VC++ 14.0 (VS2015)

END.
