#
# There is insufficient memory for the Java Runtime Environment to continue.
# Native memory allocation (mmap) failed to map 54525952 bytes for Failed to commit area from 0x0000000090000000 to 0x0000000093400000 of length 54525952.
# Possible reasons:
#   The system is out of physical RAM or swap space
#   The process is running with CompressedOops enabled, and the Java Heap may be blocking the growth of the native heap
# Possible solutions:
#   Reduce memory load on the system
#   Increase physical memory or swap space
#   Check if swap backing store is full
#   Decrease Java heap size (-Xmx/-Xms)
#   Decrease number of Java threads
#   Decrease Java thread stack sizes (-Xss)
#   Set larger code cache with -XX:ReservedCodeCacheSize=
#   JVM is running with Unscaled Compressed Oops mode in which the Java heap is
#     placed in the first 4GB address space. The Java Heap base address is the
#     maximum limit for the native heap growth. Please use -XX:HeapBaseMinAddress
#     to set the Java Heap base and to place the Java Heap above 4GB virtual address.
# This output file may be truncated or incomplete.
#
#  Out of Memory Error (./src/hotspot/os/windows/os_windows.cpp:3301), pid=5472, tid=10988
#
# JRE version: OpenJDK Runtime Environment (11.0.11+9) (build 11.0.11+9-b60-7590822)
# Java VM: OpenJDK 64-Bit Server VM (11.0.11+9-b60-7590822, mixed mode, tiered, compressed oops, g1 gc, windows-amd64)
# No core dump will be written. Minidumps are not enabled by default on client versions of Windows
#

---------------  S U M M A R Y ------------

Command Line: --add-opens=java.base/java.util=ALL-UNNAMED --add-opens=java.base/java.lang=ALL-UNNAMED --add-opens=java.base/java.lang.invoke=ALL-UNNAMED --add-opens=java.base/java.util=ALL-UNNAMED --add-opens=java.prefs/java.util.prefs=ALL-UNNAMED --add-opens=java.prefs/java.util.prefs=ALL-UNNAMED --add-opens=java.base/java.nio.charset=ALL-UNNAMED --add-opens=java.base/java.net=ALL-UNNAMED --add-opens=java.base/java.util.concurrent.atomic=ALL-UNNAMED -Xmx2048m -Dfile.encoding=UTF-8 -Duser.country=US -Duser.language=en -Duser.variant org.gradle.launcher.daemon.bootstrap.GradleDaemon 7.3.3

Host: Intel(R) Core(TM) i5-9400F CPU @ 2.90GHz, 6 cores, 15G,  Windows 10 , 64 bit Build 19041 (10.0.19041.1466)
Time: Sat Jan 29 12:00:51 2022 Eastern Standard Time elapsed time: 30.323939 seconds (0d 0h 0m 30s)

---------------  T H R E A D  ---------------

Current thread (0x0000021613b49800):  VMThread "VM Thread" [stack: 0x00000039fdc00000,0x00000039fdd00000] [id=10988]

Stack: [0x00000039fdc00000,0x00000039fdd00000]
[error occurred during error reporting (printing stack bounds), id 0xc0000005, EXCEPTION_ACCESS_VIOLATION (0xc0000005) at pc=0x0000021600000f2d]

Native frames: (J=compiled Java code, j=interpreted, Vv=VM code, C=native code)
V  [jvm.dll+0x5f214a]
V  [jvm.dll+0x726fb5]
V  [jvm.dll+0x7285cd]
V  [jvm.dll+0x728be5]
V  [jvm.dll+0x728b9b]
V  [jvm.dll+0x5f14e8]
V  [jvm.dll+0x5f1c78]
C  [ntdll.dll+0xa20cf]
C  [ntdll.dll+0x51454]
C  [ntdll.dll+0xa0bfe]
C  0x0000021600000f2d

VM_Operation (0x00000039821fa3f0): G1CollectForAllocation, mode: safepoint, requested by thread 0x000002161a920000


---------------  P R O C E S S  ---------------

Threads class SMR info:
_java_thread_list=0x000002161f555a70, length=114, elements={
0x0000021677243000, 0x0000021613b4d000, 0x0000021613b58800, 0x0000021613ba9800,
0x0000021613bad000, 0x0000021613bb0000, 0x0000021613bb3000, 0x0000021613bbe000,
0x0000021613bc2800, 0x0000021613d25000, 0x000002161642f800, 0x0000021613d4e800,
0x00000216150c4800, 0x0000021615f4e800, 0x00000216154fa800, 0x000002161511a000,
0x0000021615d01000, 0x00000216164c2800, 0x00000216162d2000, 0x0000021615b19800,
0x0000021615b18000, 0x0000021615b1a800, 0x0000021615b17000, 0x0000021615b19000,
0x0000021615b1b800, 0x0000021615b1d000, 0x0000021615b1c000, 0x0000021615b1d800,
0x0000021617dfc000, 0x0000021617dfc800, 0x0000021617dfd800, 0x0000021617df8800,
0x0000021617df9800, 0x0000021617dfe000, 0x0000021617e00000, 0x0000021617dfa000,
0x0000021617e00800, 0x0000021617dfb000, 0x0000021617e06800, 0x0000021617e01800,
0x0000021617e02800, 0x0000021617e04000, 0x0000021617e03000, 0x0000021617e05000,
0x0000021617e05800, 0x0000021613ebd800, 0x0000021613eb9800, 0x0000021613eba800,
0x0000021613ebd000, 0x0000021613eb8000, 0x0000021613ebb800, 0x0000021613ebc000,
0x0000021613ebe800, 0x0000021613eb9000, 0x000002161a922800, 0x000002161a921000,
0x000002161a924000, 0x000002161a925000, 0x000002161a91f800, 0x000002161a923800,
0x000002161a926000, 0x000002161a920000, 0x000002161a926800, 0x000002161a927800,
0x000002161a921800, 0x000002161a92d000, 0x000002161a92e000, 0x000002161a928800,
0x000002161a929000, 0x000002161a92b800, 0x000002161a92a000, 0x000002161a92a800,
0x000002161a92c800, 0x00000216191f8800, 0x00000216191f7800, 0x00000216191f5000,
0x00000216191f7000, 0x00000216191f9000, 0x00000216191fb000, 0x00000216191fb800,
0x00000216191fa000, 0x00000216191f6000, 0x00000216191fe000, 0x00000216191fd800,
0x00000216191ff000, 0x0000021619200000, 0x0000021619200800, 0x0000021619201800,
0x0000021619202000, 0x00000216191fc800, 0x0000021619203000, 0x0000021619204000,
0x00000216141af800, 0x00000216141aa000, 0x00000216141ab000, 0x00000216141ab800,
0x00000216141ad000, 0x00000216141b0800, 0x00000216141ac800, 0x00000216141b1800,
0x00000216141b2000, 0x00000216141b4000, 0x00000216141b3000, 0x00000216141ae000,
0x00000216141b4800, 0x00000216141b5800, 0x00000216141b7000, 0x00000216141b8000,
0x00000216141b8800, 0x000002161ac4c800, 0x000002161ac4b000, 0x000002161ac4c000,
0x000002161ac4d800, 0x000002161ac47800
}

Java Threads: ( => current thread )
  0x0000021677243000 JavaThread "main" [_thread_blocked, id=2524, stack(0x00000039fd600000,0x00000039fd700000)]
  0x0000021613b4d000 JavaThread "Reference Handler" daemon [_thread_blocked, id=10544, stack(0x00000039fdd00000,0x00000039fde00000)]
  0x0000021613b58800 JavaThread "Finalizer" daemon [_thread_blocked, id=3628, stack(0x00000039fde00000,0x00000039fdf00000)]
  0x0000021613ba9800 JavaThread "Signal Dispatcher" daemon [_thread_blocked, id=14780, stack(0x00000039fdf00000,0x00000039fe000000)]
  0x0000021613bad000 JavaThread "Attach Listener" daemon [_thread_blocked, id=8360, stack(0x00000039fe000000,0x00000039fe100000)]
  0x0000021613bb0000 JavaThread "Service Thread" daemon [_thread_blocked, id=7664, stack(0x00000039fe100000,0x00000039fe200000)]
  0x0000021613bb3000 JavaThread "C2 CompilerThread0" daemon [_thread_blocked, id=8064, stack(0x00000039fe200000,0x00000039fe300000)]
  0x0000021613bbe000 JavaThread "C1 CompilerThread0" daemon [_thread_blocked, id=7008, stack(0x00000039fe300000,0x00000039fe400000)]
  0x0000021613bc2800 JavaThread "Sweeper thread" daemon [_thread_blocked, id=5716, stack(0x00000039fe400000,0x00000039fe500000)]
  0x0000021613d25000 JavaThread "Common-Cleaner" daemon [_thread_blocked, id=12524, stack(0x00000039fe500000,0x00000039fe600000)]
  0x000002161642f800 JavaThread "Daemon health stats" [_thread_blocked, id=14200, stack(0x00000039fed00000,0x00000039fee00000)]
  0x0000021613d4e800 JavaThread "Incoming local TCP Connector on port 55904" [_thread_in_native, id=12964, stack(0x00000039fe700000,0x00000039fe800000)]
  0x00000216150c4800 JavaThread "Daemon periodic checks" [_thread_blocked, id=8652, stack(0x00000039fee00000,0x00000039fef00000)]
  0x0000021615f4e800 JavaThread "Daemon" [_thread_blocked, id=3184, stack(0x00000039fef00000,0x00000039ff000000)]
  0x00000216154fa800 JavaThread "Handler for socket connection from /127.0.0.1:55904 to /127.0.0.1:55905" [_thread_in_native, id=9200, stack(0x00000039ff000000,0x00000039ff100000)]
  0x000002161511a000 JavaThread "Cancel handler" [_thread_blocked, id=19588, stack(0x00000039ff100000,0x00000039ff200000)]
  0x0000021615d01000 JavaThread "Daemon worker" [_thread_blocked, id=20276, stack(0x00000039ff200000,0x00000039ff300000)]
  0x00000216164c2800 JavaThread "Asynchronous log dispatcher for DefaultDaemonConnection: socket connection from /127.0.0.1:55904 to /127.0.0.1:55905" [_thread_blocked, id=9112, stack(0x00000039ff400000,0x00000039ff500000)]
  0x00000216162d2000 JavaThread "Stdin handler" [_thread_blocked, id=11884, stack(0x00000039ff500000,0x00000039ff600000)]
  0x0000021615b19800 JavaThread "Daemon client event forwarder" [_thread_blocked, id=16132, stack(0x00000039ff600000,0x00000039ff700000)]
  0x0000021615b18000 JavaThread "Cache worker for journal cache (C:\Users\mohit\.gradle\caches\journal-1)" [_thread_blocked, id=7316, stack(0x00000039ff700000,0x00000039ff800000)]
  0x0000021615b1a800 JavaThread "File lock request listener" [_thread_in_native, id=12920, stack(0x00000039ff800000,0x00000039ff900000)]
  0x0000021615b17000 JavaThread "Cache worker for file hash cache (C:\Users\mohit\.gradle\caches\7.3.3\fileHashes)" [_thread_blocked, id=18720, stack(0x00000039ff900000,0x00000039ffa00000)]
  0x0000021615b19000 JavaThread "Cache worker for file hash cache (C:\Users\mohit\Documents\GitHub\ScoutingRadar2022\.gradle\7.3.3\fileHashes)" [_thread_blocked, id=4364, stack(0x00000039ffb00000,0x00000039ffc00000)]
  0x0000021615b1b800 JavaThread "File watcher server" daemon [_thread_blocked, id=4528, stack(0x00000039ffc00000,0x00000039ffd00000)]
  0x0000021615b1d000 JavaThread "File watcher consumer" daemon [_thread_blocked, id=17832, stack(0x00000039ffd00000,0x00000039ffe00000)]
  0x0000021615b1c000 JavaThread "Cache worker for checksums cache (C:\Users\mohit\Documents\GitHub\ScoutingRadar2022\.gradle\7.3.3\checksums)" [_thread_blocked, id=5464, stack(0x00000039ffe00000,0x00000039fff00000)]
  0x0000021615b1d800 JavaThread "Cache worker for cache directory md-supplier (C:\Users\mohit\.gradle\caches\7.3.3\md-supplier)" [_thread_blocked, id=11824, stack(0x00000039fff00000,0x0000003a00000000)]
  0x0000021617dfc000 JavaThread "Cache worker for cache directory md-rule (C:\Users\mohit\.gradle\caches\7.3.3\md-rule)" [_thread_blocked, id=17532, stack(0x0000003980000000,0x0000003980100000)]
  0x0000021617dfc800 JavaThread "Cache worker for execution history cache (C:\Users\mohit\.gradle\caches\7.3.3\executionHistory)" [_thread_blocked, id=16828, stack(0x0000003980100000,0x0000003980200000)]
  0x0000021617dfd800 JavaThread "jar transforms" [_thread_blocked, id=10648, stack(0x0000003980200000,0x0000003980300000)]
  0x0000021617df8800 JavaThread "jar transforms Thread 2" [_thread_blocked, id=9708, stack(0x0000003980300000,0x0000003980400000)]
  0x0000021617df9800 JavaThread "Cache worker for file content cache (C:\Users\mohit\.gradle\caches\7.3.3\fileContent)" [_thread_blocked, id=7336, stack(0x0000003980400000,0x0000003980500000)]
  0x0000021617dfe000 JavaThread "Cache worker for dependencies-accessors (C:\Users\mohit\Documents\GitHub\ScoutingRadar2022\.gradle\7.3.3\dependencies-accessors)" [_thread_blocked, id=6340, stack(0x0000003980500000,0x0000003980600000)]
  0x0000021617e00000 JavaThread "jar transforms Thread 3" [_thread_blocked, id=10264, stack(0x0000003980600000,0x0000003980700000)]
  0x0000021617dfa000 JavaThread "Cache worker for Build Output Cleanup Cache (C:\Users\mohit\Documents\GitHub\ScoutingRadar2022\.gradle\buildOutputCleanup)" [_thread_blocked, id=19384, stack(0x0000003980700000,0x0000003980800000)]
  0x0000021617e00800 JavaThread "Unconstrained build operations" [_thread_blocked, id=11928, stack(0x0000003980800000,0x0000003980900000)]
  0x0000021617dfb000 JavaThread "Unconstrained build operations Thread 2" [_thread_blocked, id=19400, stack(0x0000003980900000,0x0000003980a00000)]
  0x0000021617e06800 JavaThread "Unconstrained build operations Thread 3" [_thread_blocked, id=7188, stack(0x0000003980a00000,0x0000003980b00000)]
  0x0000021617e01800 JavaThread "Unconstrained build operations Thread 4" [_thread_blocked, id=19772, stack(0x0000003980b00000,0x0000003980c00000)]
  0x0000021617e02800 JavaThread "Unconstrained build operations Thread 5" [_thread_blocked, id=12592, stack(0x0000003980c00000,0x0000003980d00000)]
  0x0000021617e04000 JavaThread "Unconstrained build operations Thread 6" [_thread_blocked, id=1956, stack(0x0000003980d00000,0x0000003980e00000)]
  0x0000021617e03000 JavaThread "Unconstrained build operations Thread 7" [_thread_blocked, id=20424, stack(0x0000003980e00000,0x0000003980f00000)]
  0x0000021617e05000 JavaThread "Unconstrained build operations Thread 8" [_thread_blocked, id=13472, stack(0x0000003980f00000,0x0000003981000000)]
  0x0000021617e05800 JavaThread "Unconstrained build operations Thread 9" [_thread_blocked, id=20168, stack(0x0000003981000000,0x0000003981100000)]
  0x0000021613ebd800 JavaThread "Unconstrained build operations Thread 10" [_thread_blocked, id=15112, stack(0x0000003981100000,0x0000003981200000)]
  0x0000021613eb9800 JavaThread "Unconstrained build operations Thread 11" [_thread_blocked, id=984, stack(0x0000003981200000,0x0000003981300000)]
  0x0000021613eba800 JavaThread "Unconstrained build operations Thread 12" [_thread_blocked, id=15188, stack(0x0000003981300000,0x0000003981400000)]
  0x0000021613ebd000 JavaThread "Unconstrained build operations Thread 13" [_thread_blocked, id=5476, stack(0x0000003981400000,0x0000003981500000)]
  0x0000021613eb8000 JavaThread "Unconstrained build operations Thread 14" [_thread_blocked, id=660, stack(0x0000003981500000,0x0000003981600000)]
  0x0000021613ebb800 JavaThread "Unconstrained build operations Thread 15" [_thread_blocked, id=1656, stack(0x0000003981600000,0x0000003981700000)]
  0x0000021613ebc000 JavaThread "Unconstrained build operations Thread 16" [_thread_blocked, id=3976, stack(0x0000003981700000,0x0000003981800000)]
  0x0000021613ebe800 JavaThread "Unconstrained build operations Thread 17" [_thread_blocked, id=5368, stack(0x0000003981800000,0x0000003981900000)]
  0x0000021613eb9000 JavaThread "Unconstrained build operations Thread 18" [_thread_blocked, id=12992, stack(0x0000003981900000,0x0000003981a00000)]
  0x000002161a922800 JavaThread "Unconstrained build operations Thread 19" [_thread_blocked, id=6980, stack(0x0000003981a00000,0x0000003981b00000)]
  0x000002161a921000 JavaThread "Unconstrained build operations Thread 20" [_thread_blocked, id=14956, stack(0x0000003981b00000,0x0000003981c00000)]
  0x000002161a924000 JavaThread "Unconstrained build operations Thread 21" [_thread_blocked, id=7732, stack(0x0000003981c00000,0x0000003981d00000)]
  0x000002161a925000 JavaThread "Unconstrained build operations Thread 22" [_thread_blocked, id=10948, stack(0x0000003981d00000,0x0000003981e00000)]
  0x000002161a91f800 JavaThread "Unconstrained build operations Thread 23" [_thread_blocked, id=20012, stack(0x0000003981e00000,0x0000003981f00000)]
  0x000002161a923800 JavaThread "Unconstrained build operations Thread 24" [_thread_blocked, id=6348, stack(0x0000003981f00000,0x0000003982000000)]
  0x000002161a926000 JavaThread "Unconstrained build operations Thread 25" [_thread_blocked, id=4464, stack(0x0000003982000000,0x0000003982100000)]
  0x000002161a920000 JavaThread "Unconstrained build operations Thread 26" [_thread_blocked, id=1348, stack(0x0000003982100000,0x0000003982200000)]
  0x000002161a926800 JavaThread "Unconstrained build operations Thread 27" [_thread_blocked, id=12900, stack(0x0000003982200000,0x0000003982300000)]
  0x000002161a927800 JavaThread "Unconstrained build operations Thread 28" [_thread_blocked, id=10720, stack(0x0000003982300000,0x0000003982400000)]
  0x000002161a921800 JavaThread "Unconstrained build operations Thread 29" [_thread_blocked, id=18988, stack(0x0000003982400000,0x0000003982500000)]
  0x000002161a92d000 JavaThread "Unconstrained build operations Thread 30" [_thread_blocked, id=14572, stack(0x0000003982500000,0x0000003982600000)]
  0x000002161a92e000 JavaThread "Unconstrained build operations Thread 31" [_thread_blocked, id=5496, stack(0x0000003982600000,0x0000003982700000)]
  0x000002161a928800 JavaThread "Unconstrained build operations Thread 32" [_thread_blocked, id=6996, stack(0x0000003982700000,0x0000003982800000)]
  0x000002161a929000 JavaThread "Unconstrained build operations Thread 33" [_thread_blocked, id=14940, stack(0x0000003982800000,0x0000003982900000)]
  0x000002161a92b800 JavaThread "Unconstrained build operations Thread 34" [_thread_blocked, id=16988, stack(0x0000003982900000,0x0000003982a00000)]
  0x000002161a92a000 JavaThread "Unconstrained build operations Thread 35" [_thread_blocked, id=11444, stack(0x0000003982a00000,0x0000003982b00000)]
  0x000002161a92a800 JavaThread "Unconstrained build operations Thread 36" [_thread_blocked, id=10204, stack(0x0000003982b00000,0x0000003982c00000)]
  0x000002161a92c800 JavaThread "Unconstrained build operations Thread 37" [_thread_blocked, id=19304, stack(0x0000003982c00000,0x0000003982d00000)]
  0x00000216191f8800 JavaThread "Unconstrained build operations Thread 38" [_thread_blocked, id=15708, stack(0x0000003982d00000,0x0000003982e00000)]
  0x00000216191f7800 JavaThread "Unconstrained build operations Thread 39" [_thread_blocked, id=19592, stack(0x0000003982e00000,0x0000003982f00000)]
  0x00000216191f5000 JavaThread "Unconstrained build operations Thread 40" [_thread_blocked, id=19356, stack(0x0000003982f00000,0x0000003983000000)]
  0x00000216191f7000 JavaThread "Unconstrained build operations Thread 41" [_thread_blocked, id=15036, stack(0x0000003983000000,0x0000003983100000)]
  0x00000216191f9000 JavaThread "Unconstrained build operations Thread 42" [_thread_blocked, id=13852, stack(0x0000003983100000,0x0000003983200000)]
  0x00000216191fb000 JavaThread "Unconstrained build operations Thread 43" [_thread_blocked, id=1176, stack(0x0000003983200000,0x0000003983300000)]
  0x00000216191fb800 JavaThread "Unconstrained build operations Thread 44" [_thread_blocked, id=17308, stack(0x0000003983300000,0x0000003983400000)]
  0x00000216191fa000 JavaThread "Unconstrained build operations Thread 45" [_thread_blocked, id=16812, stack(0x0000003983400000,0x0000003983500000)]
  0x00000216191f6000 JavaThread "Unconstrained build operations Thread 46" [_thread_blocked, id=20128, stack(0x0000003983500000,0x0000003983600000)]
  0x00000216191fe000 JavaThread "Unconstrained build operations Thread 47" [_thread_blocked, id=7164, stack(0x0000003983600000,0x0000003983700000)]
  0x00000216191fd800 JavaThread "Unconstrained build operations Thread 48" [_thread_blocked, id=20052, stack(0x0000003983700000,0x0000003983800000)]
  0x00000216191ff000 JavaThread "Unconstrained build operations Thread 49" [_thread_blocked, id=9868, stack(0x0000003983800000,0x0000003983900000)]
  0x0000021619200000 JavaThread "Unconstrained build operations Thread 50" [_thread_blocked, id=13116, stack(0x0000003983900000,0x0000003983a00000)]
  0x0000021619200800 JavaThread "Unconstrained build operations Thread 51" [_thread_blocked, id=6220, stack(0x0000003983a00000,0x0000003983b00000)]
  0x0000021619201800 JavaThread "Unconstrained build operations Thread 52" [_thread_blocked, id=11348, stack(0x0000003983b00000,0x0000003983c00000)]
  0x0000021619202000 JavaThread "Unconstrained build operations Thread 53" [_thread_blocked, id=19048, stack(0x0000003983c00000,0x0000003983d00000)]
  0x00000216191fc800 JavaThread "Unconstrained build operations Thread 54" [_thread_blocked, id=2712, stack(0x0000003983d00000,0x0000003983e00000)]
  0x0000021619203000 JavaThread "Unconstrained build operations Thread 55" [_thread_blocked, id=18468, stack(0x0000003983e00000,0x0000003983f00000)]
  0x0000021619204000 JavaThread "Unconstrained build operations Thread 56" [_thread_blocked, id=19396, stack(0x0000003983f00000,0x0000003984000000)]
  0x00000216141af800 JavaThread "Unconstrained build operations Thread 57" [_thread_blocked, id=13300, stack(0x0000003984000000,0x0000003984100000)]
  0x00000216141aa000 JavaThread "Unconstrained build operations Thread 58" [_thread_blocked, id=10364, stack(0x0000003984100000,0x0000003984200000)]
  0x00000216141ab000 JavaThread "Unconstrained build operations Thread 59" [_thread_blocked, id=2120, stack(0x0000003984200000,0x0000003984300000)]
  0x00000216141ab800 JavaThread "Unconstrained build operations Thread 60" [_thread_blocked, id=15880, stack(0x0000003984300000,0x0000003984400000)]
  0x00000216141ad000 JavaThread "jar transforms Thread 4" [_thread_blocked, id=1756, stack(0x0000003984400000,0x0000003984500000)]
  0x00000216141b0800 JavaThread "jar transforms Thread 5" [_thread_blocked, id=1172, stack(0x0000003984500000,0x0000003984600000)]
  0x00000216141ac800 JavaThread "jar transforms Thread 6" [_thread_blocked, id=14860, stack(0x0000003984600000,0x0000003984700000)]
  0x00000216141b1800 JavaThread "Memory manager" [_thread_blocked, id=15860, stack(0x0000003984700000,0x0000003984800000)]
  0x00000216141b2000 JavaThread "build event listener" [_thread_blocked, id=19960, stack(0x0000003984800000,0x0000003984900000)]
  0x00000216141b4000 JavaThread "Execution worker for ':'" [_thread_blocked, id=14788, stack(0x0000003984900000,0x0000003984a00000)]
  0x00000216141b3000 JavaThread "Execution worker for ':' Thread 2" [_thread_blocked, id=19560, stack(0x0000003984a00000,0x0000003984b00000)]
  0x00000216141ae000 JavaThread "Execution worker for ':' Thread 3" [_thread_blocked, id=1928, stack(0x0000003984b00000,0x0000003984c00000)]
  0x00000216141b4800 JavaThread "Execution worker for ':' Thread 4" [_thread_blocked, id=15300, stack(0x0000003984c00000,0x0000003984d00000)]
  0x00000216141b5800 JavaThread "Execution worker for ':' Thread 5" [_thread_blocked, id=17320, stack(0x0000003984d00000,0x0000003984e00000)]
  0x00000216141b7000 JavaThread "Cache worker for execution history cache (C:\Users\mohit\Documents\GitHub\ScoutingRadar2022\.gradle\7.3.3\executionHistory)" [_thread_blocked, id=11424, stack(0x0000003984e00000,0x0000003984f00000)]
  0x00000216141b8000 JavaThread "WorkerExecutor Queue" [_thread_blocked, id=11740, stack(0x0000003985300000,0x0000003985400000)]
  0x00000216141b8800 JavaThread "WorkerExecutor Queue Thread 2" [_thread_blocked, id=13920, stack(0x0000003985400000,0x0000003985500000)]
  0x000002161ac4c800 JavaThread "WorkerExecutor Queue Thread 3" [_thread_blocked, id=2136, stack(0x0000003985500000,0x0000003985600000)]
  0x000002161ac4b000 JavaThread "WorkerExecutor Queue Thread 5" [_thread_blocked, id=16920, stack(0x0000003985700000,0x0000003985800000)]
  0x000002161ac4c000 JavaThread "WorkerExecutor Queue Thread 6" [_thread_blocked, id=17648, stack(0x0000003985800000,0x0000003985900000)]
  0x000002161ac4d800 JavaThread "Java2D Disposer" daemon [_thread_blocked, id=13432, stack(0x0000003985900000,0x0000003985a00000)]
  0x000002161ac47800 JavaThread "C2 CompilerThread1" daemon [_thread_in_native, id=11324, stack(0x0000003984f00000,0x0000003985000000)]

Other Threads:
=>0x0000021613b49800 VMThread "VM Thread" [stack: 0x00000039fdc00000,0x00000039fdd00000] [id=10988]
  0x0000021613d45800 WatcherThread [stack: 0x00000039fe600000,0x00000039fe700000] [id=19448]
  0x000002167725b000 GCTaskThread "GC Thread#0" [stack: 0x00000039fd700000,0x00000039fd800000] [id=8472]
  0x00000216145ee000 GCTaskThread "GC Thread#1" [stack: 0x00000039fe800000,0x00000039fe900000] [id=19484]
  0x0000021614fbc800 GCTaskThread "GC Thread#2" [stack: 0x00000039fe900000,0x00000039fea00000] [id=4568]
  0x00000216145a5000 GCTaskThread "GC Thread#3" [stack: 0x00000039fea00000,0x00000039feb00000] [id=9912]
  0x0000021614659800 GCTaskThread "GC Thread#4" [stack: 0x00000039feb00000,0x00000039fec00000] [id=7108]
  0x0000021614d34800 GCTaskThread "GC Thread#5" [stack: 0x00000039fec00000,0x00000039fed00000] [id=19764]
  0x000002167728d800 ConcurrentGCThread "G1 Main Marker" [stack: 0x00000039fd800000,0x00000039fd900000] [id=20172]
  0x000002167728f800 ConcurrentGCThread "G1 Conc#0" [stack: 0x00000039fd900000,0x00000039fda00000] [id=5144]
  0x0000021615e7d800 ConcurrentGCThread "G1 Conc#1" [stack: 0x00000039ffa00000,0x00000039ffb00000] [id=14880]
  0x0000021613195800 ConcurrentGCThread "G1 Refine#0" [stack: 0x00000039fda00000,0x00000039fdb00000] [id=13108]
  0x000002161a302000 ConcurrentGCThread "G1 Refine#1" [stack: 0x0000003985000000,0x0000003985100000] [id=10524]
  0x000002161a2ff800 ConcurrentGCThread "G1 Refine#2" [stack: 0x0000003985100000,0x0000003985200000] [id=11420]
  0x000002161a2fe800 ConcurrentGCThread "G1 Refine#3" [stack: 0x0000003985200000,0x0000003985300000] [id=9428]
  0x000002161a2fb800 ConcurrentGCThread "G1 Refine#4" [stack: 0x0000003985a00000,0x0000003985b00000] [id=7076]
  0x0000021613196000 ConcurrentGCThread "G1 Young RemSet Sampling" [stack: 0x00000039fdb00000,0x00000039fdc00000] [id=20380]

Threads with active compile tasks:
C2 CompilerThread0  30351 19678       4       com.android.tools.r8.internal.X4::a (1165 bytes)
C1 CompilerThread0  30351 19623       2       com.android.tools.r8.internal.F7::a (679 bytes)
C2 CompilerThread1  30352 19587       4       com.android.tools.r8.internal.U6::a (4191 bytes)

VM state:at safepoint (normal execution)

VM Mutex/Monitor currently owned by a thread:  ([mutex/lock_event])
[0x000002167723e770] Threads_lock - owner thread: 0x0000021613b49800
[0x000002167723ec80] Heap_lock - owner thread: 0x000002161a920000

Heap address: 0x0000000080000000, size: 2048 MB, Compressed Oops mode: 32-bit
Narrow klass base: 0x0000000000000000, Narrow klass shift: 3
Compressed class space size: 1073741824 Address: 0x0000000100000000

Heap:
 garbage-first heap   total 315392K, used 160832K [0x0000000080000000, 0x0000000100000000)
  region size 1024K, 7 young (7168K), 7 survivors (7168K)
 Metaspace       used 121811K, capacity 124936K, committed 125220K, reserved 1159168K
  class space    used 15276K, capacity 16453K, committed 16512K, reserved 1048576K
Heap Regions: E=young(eden), S=young(survivor), O=old, HS=humongous(starts), HC=humongous(continues), CS=collection set, F=free, A=archive, TAMS=top-at-mark-start (previous, next)
|   0|0x0000000080000000, 0x0000000080100000, 0x0000000080100000|100%| O|  |TAMS 0x0000000080100000, 0x0000000080000000| Complete 
|   1|0x0000000080100000, 0x0000000080200000, 0x0000000080200000|100%| O|  |TAMS 0x0000000080200000, 0x0000000080100000| Untracked 
|   2|0x0000000080200000, 0x0000000080300000, 0x0000000080300000|100%| O|  |TAMS 0x0000000080300000, 0x0000000080200000| Untracked 
|   3|0x0000000080300000, 0x0000000080400000, 0x0000000080400000|100%|HS|  |TAMS 0x0000000080400000, 0x0000000080300000| Complete 
|   4|0x0000000080400000, 0x0000000080500000, 0x0000000080500000|100%|HC|  |TAMS 0x0000000080500000, 0x0000000080400000| Complete 
|   5|0x0000000080500000, 0x0000000080600000, 0x0000000080600000|100%|HC|  |TAMS 0x0000000080600000, 0x0000000080500000| Complete 
|   6|0x0000000080600000, 0x0000000080700000, 0x0000000080700000|100%| O|  |TAMS 0x0000000080700000, 0x0000000080600000| Untracked 
|   7|0x0000000080700000, 0x0000000080800000, 0x0000000080800000|100%| O|  |TAMS 0x0000000080800000, 0x0000000080700000| Untracked 
|   8|0x0000000080800000, 0x0000000080900000, 0x0000000080900000|100%| O|  |TAMS 0x0000000080900000, 0x0000000080800000| Untracked 
|   9|0x0000000080900000, 0x0000000080a00000, 0x0000000080a00000|100%| O|  |TAMS 0x0000000080a00000, 0x0000000080900000| Untracked 
|  10|0x0000000080a00000, 0x0000000080b00000, 0x0000000080b00000|100%| O|  |TAMS 0x0000000080b00000, 0x0000000080a00000| Untracked 
|  11|0x0000000080b00000, 0x0000000080c00000, 0x0000000080c00000|100%| O|  |TAMS 0x0000000080c00000, 0x0000000080b00000| Untracked 
|  12|0x0000000080c00000, 0x0000000080d00000, 0x0000000080d00000|100%| O|  |TAMS 0x0000000080d00000, 0x0000000080c00000| Untracked 
|  13|0x0000000080d00000, 0x0000000080e00000, 0x0000000080e00000|100%| O|  |TAMS 0x0000000080e00000, 0x0000000080d00000| Untracked 
|  14|0x0000000080e00000, 0x0000000080f00000, 0x0000000080f00000|100%| O|  |TAMS 0x0000000080f00000, 0x0000000080e00000| Untracked 
|  15|0x0000000080f00000, 0x0000000081000000, 0x0000000081000000|100%| O|  |TAMS 0x0000000081000000, 0x0000000080f00000| Untracked 
|  16|0x0000000081000000, 0x0000000081100000, 0x0000000081100000|100%| O|  |TAMS 0x0000000081100000, 0x0000000081000000| Untracked 
|  17|0x0000000081100000, 0x0000000081200000, 0x0000000081200000|100%|HS|  |TAMS 0x0000000081200000, 0x0000000081100000| Complete 
|  18|0x0000000081200000, 0x0000000081300000, 0x0000000081300000|100%|HS|  |TAMS 0x0000000081300000, 0x0000000081200000| Complete 
|  19|0x0000000081300000, 0x0000000081400000, 0x0000000081400000|100%|HS|  |TAMS 0x0000000081400000, 0x0000000081300000| Complete 
|  20|0x0000000081400000, 0x0000000081500000, 0x0000000081500000|100%|HS|  |TAMS 0x0000000081500000, 0x0000000081400000| Complete 
|  21|0x0000000081500000, 0x0000000081600000, 0x0000000081600000|100%|HC|  |TAMS 0x0000000081600000, 0x0000000081500000| Complete 
|  22|0x0000000081600000, 0x0000000081700000, 0x0000000081700000|100%|HC|  |TAMS 0x0000000081700000, 0x0000000081600000| Complete 
|  23|0x0000000081700000, 0x0000000081800000, 0x0000000081800000|100%|HS|  |TAMS 0x0000000081800000, 0x0000000081700000| Complete 
|  24|0x0000000081800000, 0x0000000081900000, 0x0000000081900000|100%|HC|  |TAMS 0x0000000081900000, 0x0000000081800000| Complete 
|  25|0x0000000081900000, 0x0000000081a00000, 0x0000000081a00000|100%| O|  |TAMS 0x0000000081a00000, 0x0000000081900000| Untracked 
|  26|0x0000000081a00000, 0x0000000081b00000, 0x0000000081b00000|100%| O|  |TAMS 0x0000000081b00000, 0x0000000081a00000| Untracked 
|  27|0x0000000081b00000, 0x0000000081c00000, 0x0000000081c00000|100%| O|  |TAMS 0x0000000081c00000, 0x0000000081b00000| Untracked 
|  28|0x0000000081c00000, 0x0000000081d00000, 0x0000000081d00000|100%| O|  |TAMS 0x0000000081d00000, 0x0000000081c00000| Untracked 
|  29|0x0000000081d00000, 0x0000000081e00000, 0x0000000081e00000|100%| O|  |TAMS 0x0000000081e00000, 0x0000000081d00000| Untracked 
|  30|0x0000000081e00000, 0x0000000081f00000, 0x0000000081f00000|100%| O|  |TAMS 0x0000000081f00000, 0x0000000081e00000| Untracked 
|  31|0x0000000081f00000, 0x0000000082000000, 0x0000000082000000|100%| O|  |TAMS 0x0000000082000000, 0x0000000081f00000| Untracked 
|  32|0x0000000082000000, 0x0000000082100000, 0x0000000082100000|100%| O|  |TAMS 0x0000000082100000, 0x0000000082000000| Complete 
|  33|0x0000000082100000, 0x0000000082200000, 0x0000000082200000|100%| O|  |TAMS 0x0000000082200000, 0x0000000082100000| Untracked 
|  34|0x0000000082200000, 0x0000000082300000, 0x0000000082300000|100%| O|  |TAMS 0x0000000082300000, 0x0000000082200000| Untracked 
|  35|0x0000000082300000, 0x0000000082400000, 0x0000000082400000|100%| O|  |TAMS 0x0000000082400000, 0x0000000082300000| Untracked 
|  36|0x0000000082400000, 0x0000000082500000, 0x0000000082500000|100%| O|  |TAMS 0x0000000082500000, 0x0000000082400000| Untracked 
|  37|0x0000000082500000, 0x0000000082600000, 0x0000000082600000|100%| O|  |TAMS 0x0000000082600000, 0x0000000082500000| Untracked 
|  38|0x0000000082600000, 0x0000000082700000, 0x0000000082700000|100%| O|  |TAMS 0x0000000082700000, 0x0000000082600000| Untracked 
|  39|0x0000000082700000, 0x0000000082800000, 0x0000000082800000|100%| O|  |TAMS 0x0000000082800000, 0x0000000082700000| Untracked 
|  40|0x0000000082800000, 0x0000000082900000, 0x0000000082900000|100%| O|  |TAMS 0x0000000082900000, 0x0000000082800000| Untracked 
|  41|0x0000000082900000, 0x0000000082a00000, 0x0000000082a00000|100%| O|  |TAMS 0x0000000082a00000, 0x0000000082900000| Untracked 
|  42|0x0000000082a00000, 0x0000000082b00000, 0x0000000082b00000|100%| O|  |TAMS 0x0000000082b00000, 0x0000000082a00000| Untracked 
|  43|0x0000000082b00000, 0x0000000082c00000, 0x0000000082c00000|100%| O|  |TAMS 0x0000000082c00000, 0x0000000082b00000| Untracked 
|  44|0x0000000082c00000, 0x0000000082d00000, 0x0000000082d00000|100%| O|  |TAMS 0x0000000082d00000, 0x0000000082c00000| Untracked 
|  45|0x0000000082d00000, 0x0000000082e00000, 0x0000000082e00000|100%| O|  |TAMS 0x0000000082e00000, 0x0000000082d00000| Untracked 
|  46|0x0000000082e00000, 0x0000000082f00000, 0x0000000082f00000|100%| O|  |TAMS 0x0000000082f00000, 0x0000000082e00000| Complete 
|  47|0x0000000082f00000, 0x0000000083000000, 0x0000000083000000|100%| O|  |TAMS 0x0000000083000000, 0x0000000082f00000| Untracked 
|  48|0x0000000083000000, 0x0000000083100000, 0x0000000083100000|100%| O|  |TAMS 0x0000000083100000, 0x0000000083000000| Untracked 
|  49|0x0000000083100000, 0x0000000083200000, 0x0000000083200000|100%| O|  |TAMS 0x0000000083200000, 0x0000000083100000| Untracked 
|  50|0x0000000083200000, 0x0000000083300000, 0x0000000083300000|100%| O|  |TAMS 0x0000000083300000, 0x0000000083200000| Untracked 
|  51|0x0000000083300000, 0x0000000083400000, 0x0000000083400000|100%| O|  |TAMS 0x0000000083400000, 0x0000000083300000| Untracked 
|  52|0x0000000083400000, 0x0000000083500000, 0x0000000083500000|100%| O|  |TAMS 0x0000000083500000, 0x0000000083400000| Untracked 
|  53|0x0000000083500000, 0x0000000083600000, 0x0000000083600000|100%| O|  |TAMS 0x0000000083600000, 0x0000000083500000| Untracked 
|  54|0x0000000083600000, 0x0000000083700000, 0x0000000083700000|100%| O|  |TAMS 0x0000000083700000, 0x0000000083600000| Untracked 
|  55|0x0000000083700000, 0x0000000083800000, 0x0000000083800000|100%| O|  |TAMS 0x0000000083800000, 0x0000000083700000| Untracked 
|  56|0x0000000083800000, 0x0000000083900000, 0x0000000083900000|100%| O|  |TAMS 0x0000000083900000, 0x0000000083800000| Untracked 
|  57|0x0000000083900000, 0x0000000083a00000, 0x0000000083a00000|100%| O|  |TAMS 0x0000000083900000, 0x0000000083900000| Untracked 
|  58|0x0000000083a00000, 0x0000000083b00000, 0x0000000083b00000|100%| O|  |TAMS 0x0000000083b00000, 0x0000000083a00000| Untracked 
|  59|0x0000000083b00000, 0x0000000083c00000, 0x0000000083c00000|100%| O|  |TAMS 0x0000000083c00000, 0x0000000083b00000| Untracked 
|  60|0x0000000083c00000, 0x0000000083d00000, 0x0000000083d00000|100%| O|  |TAMS 0x0000000083d00000, 0x0000000083c00000| Untracked 
|  61|0x0000000083d00000, 0x0000000083e00000, 0x0000000083e00000|100%| O|  |TAMS 0x0000000083e00000, 0x0000000083d00000| Untracked 
|  62|0x0000000083e00000, 0x0000000083f00000, 0x0000000083f00000|100%| O|  |TAMS 0x0000000083f00000, 0x0000000083e00000| Untracked 
|  63|0x0000000083f00000, 0x0000000084000000, 0x0000000084000000|100%| O|  |TAMS 0x0000000084000000, 0x0000000083f00000| Untracked 
|  64|0x0000000084000000, 0x0000000084100000, 0x0000000084100000|100%| O|  |TAMS 0x0000000084100000, 0x0000000084000000| Untracked 
|  65|0x0000000084100000, 0x0000000084200000, 0x0000000084200000|100%| O|  |TAMS 0x0000000084200000, 0x0000000084100000| Untracked 
|  66|0x0000000084200000, 0x0000000084300000, 0x0000000084300000|100%| O|  |TAMS 0x0000000084300000, 0x0000000084200000| Untracked 
|  67|0x0000000084300000, 0x0000000084400000, 0x0000000084400000|100%| O|  |TAMS 0x0000000084400000, 0x0000000084300000| Complete 
|  68|0x0000000084400000, 0x0000000084500000, 0x0000000084500000|100%| O|  |TAMS 0x0000000084500000, 0x0000000084400000| Untracked 
|  69|0x0000000084500000, 0x0000000084600000, 0x0000000084600000|100%| O|  |TAMS 0x0000000084600000, 0x0000000084500000| Untracked 
|  70|0x0000000084600000, 0x0000000084700000, 0x0000000084700000|100%| O|  |TAMS 0x0000000084700000, 0x0000000084600000| Untracked 
|  71|0x0000000084700000, 0x0000000084800000, 0x0000000084800000|100%| O|  |TAMS 0x0000000084800000, 0x0000000084700000| Untracked 
|  72|0x0000000084800000, 0x0000000084900000, 0x0000000084900000|100%| O|  |TAMS 0x0000000084900000, 0x0000000084800000| Untracked 
|  73|0x0000000084900000, 0x0000000084a00000, 0x0000000084a00000|100%| O|  |TAMS 0x0000000084a00000, 0x0000000084900000| Untracked 
|  74|0x0000000084a00000, 0x0000000084b00000, 0x0000000084b00000|100%| O|  |TAMS 0x0000000084b00000, 0x0000000084a00000| Complete 
|  75|0x0000000084b00000, 0x0000000084c00000, 0x0000000084c00000|100%| O|  |TAMS 0x0000000084c00000, 0x0000000084b00000| Untracked 
|  76|0x0000000084c00000, 0x0000000084d00000, 0x0000000084d00000|100%| O|  |TAMS 0x0000000084d00000, 0x0000000084c00000| Untracked 
|  77|0x0000000084d00000, 0x0000000084e00000, 0x0000000084e00000|100%|HS|  |TAMS 0x0000000084e00000, 0x0000000084d00000| Complete 
|  78|0x0000000084e00000, 0x0000000084f00000, 0x0000000084f00000|100%|HC|  |TAMS 0x0000000084f00000, 0x0000000084e00000| Complete 
|  79|0x0000000084f00000, 0x0000000085000000, 0x0000000085000000|100%| O|  |TAMS 0x0000000085000000, 0x0000000084f00000| Untracked 
|  80|0x0000000085000000, 0x0000000085100000, 0x0000000085100000|100%| O|  |TAMS 0x0000000085100000, 0x0000000085000000| Complete 
|  81|0x0000000085100000, 0x0000000085200000, 0x0000000085200000|100%| O|  |TAMS 0x0000000085200000, 0x0000000085100000| Complete 
|  82|0x0000000085200000, 0x0000000085300000, 0x0000000085300000|100%| O|  |TAMS 0x0000000085300000, 0x0000000085200000| Untracked 
|  83|0x0000000085300000, 0x0000000085400000, 0x0000000085400000|100%| O|  |TAMS 0x0000000085400000, 0x0000000085300000| Complete 
|  84|0x0000000085400000, 0x0000000085500000, 0x0000000085500000|100%| O|  |TAMS 0x0000000085500000, 0x0000000085400000| Complete 
|  85|0x0000000085500000, 0x0000000085600000, 0x0000000085600000|100%| O|  |TAMS 0x0000000085600000, 0x0000000085500000| Complete 
|  86|0x0000000085600000, 0x0000000085700000, 0x0000000085700000|100%| O|  |TAMS 0x0000000085700000, 0x0000000085600000| Complete 
|  87|0x0000000085700000, 0x0000000085800000, 0x0000000085800000|100%| O|  |TAMS 0x0000000085800000, 0x0000000085700000| Complete 
|  88|0x0000000085800000, 0x0000000085900000, 0x0000000085900000|100%| O|  |TAMS 0x0000000085900000, 0x0000000085800000| Untracked 
|  89|0x0000000085900000, 0x0000000085a00000, 0x0000000085a00000|100%| O|  |TAMS 0x0000000085a00000, 0x0000000085900000| Complete 
|  90|0x0000000085a00000, 0x0000000085b00000, 0x0000000085b00000|100%| O|  |TAMS 0x0000000085b00000, 0x0000000085a00000| Untracked 
|  91|0x0000000085b00000, 0x0000000085c00000, 0x0000000085c00000|100%| O|  |TAMS 0x0000000085c00000, 0x0000000085b00000| Complete 
|  92|0x0000000085c00000, 0x0000000085d00000, 0x0000000085d00000|100%| O|  |TAMS 0x0000000085d00000, 0x0000000085c00000| Untracked 
|  93|0x0000000085d00000, 0x0000000085e00000, 0x0000000085e00000|100%| O|  |TAMS 0x0000000085e00000, 0x0000000085d00000| Complete 
|  94|0x0000000085e00000, 0x0000000085f00000, 0x0000000085f00000|100%| O|  |TAMS 0x0000000085f00000, 0x0000000085e00000| Untracked 
|  95|0x0000000085f00000, 0x0000000086000000, 0x0000000086000000|100%| O|  |TAMS 0x0000000086000000, 0x0000000085f00000| Complete 
|  96|0x0000000086000000, 0x0000000086100000, 0x0000000086100000|100%| O|  |TAMS 0x0000000086100000, 0x0000000086000000| Untracked 
|  97|0x0000000086100000, 0x0000000086200000, 0x0000000086200000|100%| O|  |TAMS 0x0000000086200000, 0x0000000086100000| Complete 
|  98|0x0000000086200000, 0x0000000086300000, 0x0000000086300000|100%| O|  |TAMS 0x0000000086200000, 0x0000000086200000| Untracked 
|  99|0x0000000086300000, 0x0000000086400000, 0x0000000086400000|100%| O|  |TAMS 0x0000000086400000, 0x0000000086300000| Complete 
| 100|0x0000000086400000, 0x0000000086500000, 0x0000000086500000|100%| O|  |TAMS 0x0000000086500000, 0x0000000086400000| Complete 
| 101|0x0000000086500000, 0x0000000086600000, 0x0000000086600000|100%| O|  |TAMS 0x0000000086600000, 0x0000000086500000| Complete 
| 102|0x0000000086600000, 0x0000000086700000, 0x0000000086700000|100%| O|  |TAMS 0x0000000086700000, 0x0000000086600000| Untracked 
| 103|0x0000000086700000, 0x0000000086800000, 0x0000000086800000|100%| O|  |TAMS 0x0000000086800000, 0x0000000086700000| Complete 
| 104|0x0000000086800000, 0x0000000086900000, 0x0000000086900000|100%| O|  |TAMS 0x0000000086900000, 0x0000000086800000| Complete 
| 105|0x0000000086900000, 0x0000000086a00000, 0x0000000086a00000|100%| O|  |TAMS 0x0000000086a00000, 0x0000000086900000| Complete 
| 106|0x0000000086a00000, 0x0000000086b00000, 0x0000000086b00000|100%| O|  |TAMS 0x0000000086b00000, 0x0000000086a00000| Untracked 
| 107|0x0000000086b00000, 0x0000000086c00000, 0x0000000086c00000|100%| O|  |TAMS 0x0000000086c00000, 0x0000000086b00000| Untracked 
| 108|0x0000000086c00000, 0x0000000086d00000, 0x0000000086d00000|100%| O|  |TAMS 0x0000000086c00000, 0x0000000086c00000| Untracked 
| 109|0x0000000086d00000, 0x0000000086e00000, 0x0000000086e00000|100%| O|  |TAMS 0x0000000086e00000, 0x0000000086d00000| Untracked 
| 110|0x0000000086e00000, 0x0000000086eea200, 0x0000000086f00000| 91%| O|  |TAMS 0x0000000086e00000, 0x0000000086e00000| Untracked 
| 111|0x0000000086f00000, 0x0000000086f00000, 0x0000000087000000|  0%| F|  |TAMS 0x0000000086f00000, 0x0000000086f00000| Untracked 
| 112|0x0000000087000000, 0x0000000087000000, 0x0000000087100000|  0%| F|  |TAMS 0x0000000087000000, 0x0000000087000000| Untracked 
| 113|0x0000000087100000, 0x0000000087200000, 0x0000000087200000|100%| O|  |TAMS 0x0000000087200000, 0x0000000087100000| Complete 
| 114|0x0000000087200000, 0x0000000087300000, 0x0000000087300000|100%| O|  |TAMS 0x0000000087300000, 0x0000000087200000| Complete 
| 115|0x0000000087300000, 0x0000000087400000, 0x0000000087400000|100%| O|  |TAMS 0x0000000087400000, 0x0000000087300000| Complete 
| 116|0x0000000087400000, 0x0000000087500000, 0x0000000087500000|100%| O|  |TAMS 0x0000000087500000, 0x0000000087400000| Complete 
| 117|0x0000000087500000, 0x0000000087600000, 0x0000000087600000|100%| O|  |TAMS 0x0000000087600000, 0x0000000087500000| Complete 
| 118|0x0000000087600000, 0x0000000087700000, 0x0000000087700000|100%| O|  |TAMS 0x0000000087700000, 0x0000000087600000| Complete 
| 119|0x0000000087700000, 0x0000000087800000, 0x0000000087800000|100%| O|  |TAMS 0x0000000087800000, 0x0000000087700000| Untracked 
| 120|0x0000000087800000, 0x0000000087900000, 0x0000000087900000|100%| O|  |TAMS 0x0000000087900000, 0x0000000087800000| Complete 
| 121|0x0000000087900000, 0x0000000087a00000, 0x0000000087a00000|100%| O|  |TAMS 0x0000000087a00000, 0x0000000087900000| Untracked 
| 122|0x0000000087a00000, 0x0000000087b00000, 0x0000000087b00000|100%| O|  |TAMS 0x0000000087b00000, 0x0000000087a00000| Untracked 
| 123|0x0000000087b00000, 0x0000000087c00000, 0x0000000087c00000|100%| O|  |TAMS 0x0000000087c00000, 0x0000000087b00000| Untracked 
| 124|0x0000000087c00000, 0x0000000087d00000, 0x0000000087d00000|100%| O|  |TAMS 0x0000000087d00000, 0x0000000087c00000| Complete 
| 125|0x0000000087d00000, 0x0000000087e00000, 0x0000000087e00000|100%| O|  |TAMS 0x0000000087e00000, 0x0000000087d00000| Complete 
| 126|0x0000000087e00000, 0x0000000087f00000, 0x0000000087f00000|100%| O|  |TAMS 0x0000000087f00000, 0x0000000087e00000| Complete 
| 127|0x0000000087f00000, 0x0000000088000000, 0x0000000088000000|100%| O|  |TAMS 0x0000000088000000, 0x0000000087f00000| Untracked 
| 128|0x0000000088000000, 0x0000000088100000, 0x0000000088100000|100%| O|  |TAMS 0x0000000088100000, 0x0000000088000000| Untracked 
| 129|0x0000000088100000, 0x0000000088200000, 0x0000000088200000|100%| O|  |TAMS 0x0000000088200000, 0x0000000088100000| Untracked 
| 130|0x0000000088200000, 0x0000000088300000, 0x0000000088300000|100%| O|  |TAMS 0x0000000088300000, 0x0000000088200000| Complete 
| 131|0x0000000088300000, 0x0000000088400000, 0x0000000088400000|100%| O|  |TAMS 0x0000000088400000, 0x0000000088300000| Complete 
| 132|0x0000000088400000, 0x0000000088500000, 0x0000000088500000|100%| O|  |TAMS 0x0000000088500000, 0x0000000088400000| Complete 
| 133|0x0000000088500000, 0x0000000088600000, 0x0000000088600000|100%| O|  |TAMS 0x0000000088600000, 0x0000000088500000| Untracked 
| 134|0x0000000088600000, 0x0000000088700000, 0x0000000088700000|100%| O|  |TAMS 0x0000000088700000, 0x0000000088600000| Untracked 
| 135|0x0000000088700000, 0x0000000088800000, 0x0000000088800000|100%| O|  |TAMS 0x0000000088800000, 0x0000000088700000| Untracked 
| 136|0x0000000088800000, 0x0000000088900000, 0x0000000088900000|100%| O|  |TAMS 0x0000000088900000, 0x0000000088800000| Untracked 
| 137|0x0000000088900000, 0x0000000088a00000, 0x0000000088a00000|100%| O|  |TAMS 0x0000000088a00000, 0x0000000088900000| Complete 
| 138|0x0000000088a00000, 0x0000000088b00000, 0x0000000088b00000|100%| O|  |TAMS 0x0000000088b00000, 0x0000000088a00000| Complete 
| 139|0x0000000088b00000, 0x0000000088c00000, 0x0000000088c00000|100%| O|  |TAMS 0x0000000088c00000, 0x0000000088b00000| Untracked 
| 140|0x0000000088c00000, 0x0000000088d00000, 0x0000000088d00000|100%| O|  |TAMS 0x0000000088d00000, 0x0000000088c00000| Complete 
| 141|0x0000000088d00000, 0x0000000088e00000, 0x0000000088e00000|100%| O|  |TAMS 0x0000000088e00000, 0x0000000088d00000| Complete 
| 142|0x0000000088e00000, 0x0000000088f00000, 0x0000000088f00000|100%| O|  |TAMS 0x0000000088f00000, 0x0000000088e00000| Complete 
| 143|0x0000000088f00000, 0x0000000089000000, 0x0000000089000000|100%| O|  |TAMS 0x0000000089000000, 0x0000000088f00000| Untracked 
| 144|0x0000000089000000, 0x0000000089100000, 0x0000000089100000|100%| O|  |TAMS 0x0000000089100000, 0x0000000089000000| Complete 
| 145|0x0000000089100000, 0x0000000089200000, 0x0000000089200000|100%| O|  |TAMS 0x0000000089200000, 0x0000000089100000| Complete 
| 146|0x0000000089200000, 0x0000000089300000, 0x0000000089300000|100%| O|  |TAMS 0x0000000089300000, 0x0000000089200000| Complete 
| 147|0x0000000089300000, 0x0000000089400000, 0x0000000089400000|100%| O|  |TAMS 0x0000000089400000, 0x0000000089300000| Complete 
| 148|0x0000000089400000, 0x0000000089500000, 0x0000000089500000|100%| O|  |TAMS 0x0000000089500000, 0x0000000089400000| Complete 
| 149|0x0000000089500000, 0x0000000089600000, 0x0000000089600000|100%| O|  |TAMS 0x0000000089600000, 0x0000000089500000| Complete 
| 150|0x0000000089600000, 0x0000000089700000, 0x0000000089700000|100%| O|  |TAMS 0x0000000089700000, 0x0000000089600000| Untracked 
| 151|0x0000000089700000, 0x0000000089800000, 0x0000000089800000|100%| O|  |TAMS 0x0000000089800000, 0x0000000089700000| Untracked 
| 152|0x0000000089800000, 0x0000000089900000, 0x0000000089900000|100%| O|  |TAMS 0x00000000898c4000, 0x0000000089800000| Untracked 
| 153|0x0000000089900000, 0x0000000089900000, 0x0000000089a00000|  0%| F|  |TAMS 0x0000000089900000, 0x0000000089900000| Untracked 
| 154|0x0000000089a00000, 0x0000000089a00000, 0x0000000089b00000|  0%| F|  |TAMS 0x0000000089a00000, 0x0000000089a00000| Untracked 
| 155|0x0000000089b00000, 0x0000000089b00000, 0x0000000089c00000|  0%| F|  |TAMS 0x0000000089b00000, 0x0000000089b00000| Untracked 
| 156|0x0000000089c00000, 0x0000000089c00000, 0x0000000089d00000|  0%| F|  |TAMS 0x0000000089c00000, 0x0000000089c00000| Untracked 
| 157|0x0000000089d00000, 0x0000000089d00000, 0x0000000089e00000|  0%| F|  |TAMS 0x0000000089d00000, 0x0000000089d00000| Untracked 
| 158|0x0000000089e00000, 0x0000000089e00000, 0x0000000089f00000|  0%| F|  |TAMS 0x0000000089e00000, 0x0000000089e00000| Untracked 
| 159|0x0000000089f00000, 0x0000000089f00000, 0x000000008a000000|  0%| F|  |TAMS 0x0000000089f00000, 0x0000000089f00000| Untracked 
| 160|0x000000008a000000, 0x000000008a000000, 0x000000008a100000|  0%| F|  |TAMS 0x000000008a000000, 0x000000008a000000| Untracked 
| 161|0x000000008a100000, 0x000000008a100000, 0x000000008a200000|  0%| F|  |TAMS 0x000000008a100000, 0x000000008a100000| Untracked 
| 162|0x000000008a200000, 0x000000008a200000, 0x000000008a300000|  0%| F|  |TAMS 0x000000008a200000, 0x000000008a200000| Untracked 
| 163|0x000000008a300000, 0x000000008a300000, 0x000000008a400000|  0%| F|  |TAMS 0x000000008a300000, 0x000000008a300000| Untracked 
| 164|0x000000008a400000, 0x000000008a400000, 0x000000008a500000|  0%| F|  |TAMS 0x000000008a400000, 0x000000008a400000| Untracked 
| 165|0x000000008a500000, 0x000000008a500000, 0x000000008a600000|  0%| F|  |TAMS 0x000000008a500000, 0x000000008a500000| Untracked 
| 166|0x000000008a600000, 0x000000008a600000, 0x000000008a700000|  0%| F|  |TAMS 0x000000008a600000, 0x000000008a600000| Untracked 
| 167|0x000000008a700000, 0x000000008a700000, 0x000000008a800000|  0%| F|  |TAMS 0x000000008a700000, 0x000000008a700000| Untracked 
| 168|0x000000008a800000, 0x000000008a800000, 0x000000008a900000|  0%| F|  |TAMS 0x000000008a800000, 0x000000008a800000| Untracked 
| 169|0x000000008a900000, 0x000000008a900000, 0x000000008aa00000|  0%| F|  |TAMS 0x000000008a900000, 0x000000008a900000| Untracked 
| 170|0x000000008aa00000, 0x000000008aa00000, 0x000000008ab00000|  0%| F|  |TAMS 0x000000008aa00000, 0x000000008aa00000| Untracked 
| 171|0x000000008ab00000, 0x000000008ab00000, 0x000000008ac00000|  0%| F|  |TAMS 0x000000008ab00000, 0x000000008ab00000| Untracked 
| 172|0x000000008ac00000, 0x000000008ac00000, 0x000000008ad00000|  0%| F|  |TAMS 0x000000008ac00000, 0x000000008ac00000| Untracked 
| 173|0x000000008ad00000, 0x000000008ad00000, 0x000000008ae00000|  0%| F|  |TAMS 0x000000008ad00000, 0x000000008ad00000| Untracked 
| 174|0x000000008ae00000, 0x000000008ae00000, 0x000000008af00000|  0%| F|  |TAMS 0x000000008ae00000, 0x000000008ae00000| Untracked 
| 175|0x000000008af00000, 0x000000008af00000, 0x000000008b000000|  0%| F|  |TAMS 0x000000008af00000, 0x000000008af00000| Untracked 
| 176|0x000000008b000000, 0x000000008b000000, 0x000000008b100000|  0%| F|  |TAMS 0x000000008b000000, 0x000000008b000000| Untracked 
| 177|0x000000008b100000, 0x000000008b100000, 0x000000008b200000|  0%| F|  |TAMS 0x000000008b100000, 0x000000008b100000| Untracked 
| 178|0x000000008b200000, 0x000000008b200000, 0x000000008b300000|  0%| F|  |TAMS 0x000000008b200000, 0x000000008b200000| Untracked 
| 179|0x000000008b300000, 0x000000008b300000, 0x000000008b400000|  0%| F|  |TAMS 0x000000008b300000, 0x000000008b300000| Untracked 
| 180|0x000000008b400000, 0x000000008b400000, 0x000000008b500000|  0%| F|  |TAMS 0x000000008b400000, 0x000000008b400000| Untracked 
| 181|0x000000008b500000, 0x000000008b500000, 0x000000008b600000|  0%| F|  |TAMS 0x000000008b500000, 0x000000008b500000| Untracked 
| 182|0x000000008b600000, 0x000000008b600000, 0x000000008b700000|  0%| F|  |TAMS 0x000000008b600000, 0x000000008b600000| Untracked 
| 183|0x000000008b700000, 0x000000008b725ea8, 0x000000008b800000| 14%| S|CS|TAMS 0x000000008b700000, 0x000000008b700000| Complete 
| 184|0x000000008b800000, 0x000000008b900000, 0x000000008b900000|100%| S|CS|TAMS 0x000000008b800000, 0x000000008b800000| Complete 
| 185|0x000000008b900000, 0x000000008ba00000, 0x000000008ba00000|100%| S|CS|TAMS 0x000000008b900000, 0x000000008b900000| Complete 
| 186|0x000000008ba00000, 0x000000008ba00000, 0x000000008bb00000|  0%| F|  |TAMS 0x000000008ba00000, 0x000000008ba00000| Untracked 
| 187|0x000000008bb00000, 0x000000008bb00000, 0x000000008bc00000|  0%| F|  |TAMS 0x000000008bb00000, 0x000000008bb00000| Untracked 
| 188|0x000000008bc00000, 0x000000008bc00000, 0x000000008bd00000|  0%| F|  |TAMS 0x000000008bc00000, 0x000000008bc00000| Untracked 
| 189|0x000000008bd00000, 0x000000008bd00000, 0x000000008be00000|  0%| F|  |TAMS 0x000000008bd00000, 0x000000008bd00000| Untracked 
| 190|0x000000008be00000, 0x000000008be00000, 0x000000008bf00000|  0%| F|  |TAMS 0x000000008be00000, 0x000000008be00000| Untracked 
| 191|0x000000008bf00000, 0x000000008bf00000, 0x000000008c000000|  0%| F|  |TAMS 0x000000008bf00000, 0x000000008bf00000| Untracked 
| 192|0x000000008c000000, 0x000000008c000000, 0x000000008c100000|  0%| F|  |TAMS 0x000000008c000000, 0x000000008c000000| Untracked 
| 193|0x000000008c100000, 0x000000008c200000, 0x000000008c200000|100%| S|CS|TAMS 0x000000008c100000, 0x000000008c100000| Complete 
| 194|0x000000008c200000, 0x000000008c300000, 0x000000008c300000|100%| S|CS|TAMS 0x000000008c200000, 0x000000008c200000| Complete 
| 195|0x000000008c300000, 0x000000008c400000, 0x000000008c400000|100%| S|CS|TAMS 0x000000008c300000, 0x000000008c300000| Complete 
| 196|0x000000008c400000, 0x000000008c500000, 0x000000008c500000|100%| S|CS|TAMS 0x000000008c400000, 0x000000008c400000| Complete 
| 197|0x000000008c500000, 0x000000008c500000, 0x000000008c600000|  0%| F|  |TAMS 0x000000008c500000, 0x000000008c500000| Untracked 
| 198|0x000000008c600000, 0x000000008c600000, 0x000000008c700000|  0%| F|  |TAMS 0x000000008c600000, 0x000000008c600000| Untracked 
| 199|0x000000008c700000, 0x000000008c700000, 0x000000008c800000|  0%| F|  |TAMS 0x000000008c700000, 0x000000008c700000| Untracked 
| 200|0x000000008c800000, 0x000000008c800000, 0x000000008c900000|  0%| F|  |TAMS 0x000000008c800000, 0x000000008c800000| Untracked 
| 201|0x000000008c900000, 0x000000008c900000, 0x000000008ca00000|  0%| F|  |TAMS 0x000000008c900000, 0x000000008c900000| Untracked 
| 202|0x000000008ca00000, 0x000000008ca00000, 0x000000008cb00000|  0%| F|  |TAMS 0x000000008ca00000, 0x000000008ca00000| Untracked 
| 203|0x000000008cb00000, 0x000000008cb00000, 0x000000008cc00000|  0%| F|  |TAMS 0x000000008cb00000, 0x000000008cb00000| Untracked 
| 204|0x000000008cc00000, 0x000000008cc00000, 0x000000008cd00000|  0%| F|  |TAMS 0x000000008cc00000, 0x000000008cc00000| Untracked 
| 205|0x000000008cd00000, 0x000000008cd00000, 0x000000008ce00000|  0%| F|  |TAMS 0x000000008cd00000, 0x000000008cd00000| Untracked 
| 206|0x000000008ce00000, 0x000000008ce00000, 0x000000008cf00000|  0%| F|  |TAMS 0x000000008ce00000, 0x000000008ce00000| Untracked 
| 207|0x000000008cf00000, 0x000000008cf00000, 0x000000008d000000|  0%| F|  |TAMS 0x000000008cf00000, 0x000000008cf00000| Untracked 
| 208|0x000000008d000000, 0x000000008d000000, 0x000000008d100000|  0%| F|  |TAMS 0x000000008d000000, 0x000000008d000000| Untracked 
| 209|0x000000008d100000, 0x000000008d100000, 0x000000008d200000|  0%| F|  |TAMS 0x000000008d100000, 0x000000008d100000| Untracked 
| 210|0x000000008d200000, 0x000000008d200000, 0x000000008d300000|  0%| F|  |TAMS 0x000000008d200000, 0x000000008d200000| Untracked 
| 211|0x000000008d300000, 0x000000008d300000, 0x000000008d400000|  0%| F|  |TAMS 0x000000008d300000, 0x000000008d300000| Untracked 
| 212|0x000000008d400000, 0x000000008d400000, 0x000000008d500000|  0%| F|  |TAMS 0x000000008d400000, 0x000000008d400000| Untracked 
| 213|0x000000008d500000, 0x000000008d500000, 0x000000008d600000|  0%| F|  |TAMS 0x000000008d500000, 0x000000008d500000| Untracked 
| 214|0x000000008d600000, 0x000000008d600000, 0x000000008d700000|  0%| F|  |TAMS 0x000000008d600000, 0x000000008d600000| Untracked 
| 215|0x000000008d700000, 0x000000008d700000, 0x000000008d800000|  0%| F|  |TAMS 0x000000008d700000, 0x000000008d700000| Untracked 
| 216|0x000000008d800000, 0x000000008d800000, 0x000000008d900000|  0%| F|  |TAMS 0x000000008d800000, 0x000000008d800000| Untracked 
| 217|0x000000008d900000, 0x000000008d900000, 0x000000008da00000|  0%| F|  |TAMS 0x000000008d900000, 0x000000008d900000| Untracked 
| 218|0x000000008da00000, 0x000000008da00000, 0x000000008db00000|  0%| F|  |TAMS 0x000000008da00000, 0x000000008da00000| Untracked 
| 219|0x000000008db00000, 0x000000008db00000, 0x000000008dc00000|  0%| F|  |TAMS 0x000000008db00000, 0x000000008db00000| Untracked 
| 220|0x000000008dc00000, 0x000000008dc00000, 0x000000008dd00000|  0%| F|  |TAMS 0x000000008dc00000, 0x000000008dc00000| Untracked 
| 221|0x000000008dd00000, 0x000000008dd00000, 0x000000008de00000|  0%| F|  |TAMS 0x000000008dd00000, 0x000000008dd00000| Untracked 
| 222|0x000000008de00000, 0x000000008de00000, 0x000000008df00000|  0%| F|  |TAMS 0x000000008de00000, 0x000000008de00000| Untracked 
| 223|0x000000008df00000, 0x000000008df00000, 0x000000008e000000|  0%| F|  |TAMS 0x000000008df00000, 0x000000008df00000| Untracked 
| 224|0x000000008e000000, 0x000000008e000000, 0x000000008e100000|  0%| F|  |TAMS 0x000000008e000000, 0x000000008e000000| Untracked 
| 225|0x000000008e100000, 0x000000008e100000, 0x000000008e200000|  0%| F|  |TAMS 0x000000008e100000, 0x000000008e100000| Untracked 
| 226|0x000000008e200000, 0x000000008e200000, 0x000000008e300000|  0%| F|  |TAMS 0x000000008e200000, 0x000000008e200000| Untracked 
| 227|0x000000008e300000, 0x000000008e300000, 0x000000008e400000|  0%| F|  |TAMS 0x000000008e300000, 0x000000008e300000| Untracked 
| 228|0x000000008e400000, 0x000000008e400000, 0x000000008e500000|  0%| F|  |TAMS 0x000000008e400000, 0x000000008e400000| Untracked 
| 229|0x000000008e500000, 0x000000008e500000, 0x000000008e600000|  0%| F|  |TAMS 0x000000008e500000, 0x000000008e500000| Untracked 
| 230|0x000000008e600000, 0x000000008e600000, 0x000000008e700000|  0%| F|  |TAMS 0x000000008e600000, 0x000000008e600000| Untracked 
| 231|0x000000008e700000, 0x000000008e700000, 0x000000008e800000|  0%| F|  |TAMS 0x000000008e700000, 0x000000008e700000| Untracked 
| 232|0x000000008e800000, 0x000000008e800000, 0x000000008e900000|  0%| F|  |TAMS 0x000000008e800000, 0x000000008e800000| Untracked 
| 233|0x000000008e900000, 0x000000008e900000, 0x000000008ea00000|  0%| F|  |TAMS 0x000000008e900000, 0x000000008e900000| Untracked 
| 234|0x000000008ea00000, 0x000000008ea00000, 0x000000008eb00000|  0%| F|  |TAMS 0x000000008ea00000, 0x000000008ea00000| Untracked 
| 235|0x000000008eb00000, 0x000000008eb00000, 0x000000008ec00000|  0%| F|  |TAMS 0x000000008eb00000, 0x000000008eb00000| Untracked 
| 236|0x000000008ec00000, 0x000000008ec00000, 0x000000008ed00000|  0%| F|  |TAMS 0x000000008ec00000, 0x000000008ec00000| Untracked 
| 237|0x000000008ed00000, 0x000000008ed00000, 0x000000008ee00000|  0%| F|  |TAMS 0x000000008ed00000, 0x000000008ed00000| Untracked 
| 238|0x000000008ee00000, 0x000000008ee00000, 0x000000008ef00000|  0%| F|  |TAMS 0x000000008ee00000, 0x000000008ee00000| Untracked 
| 239|0x000000008ef00000, 0x000000008ef00000, 0x000000008f000000|  0%| F|  |TAMS 0x000000008ef00000, 0x000000008ef00000| Untracked 
| 240|0x000000008f000000, 0x000000008f000000, 0x000000008f100000|  0%| F|  |TAMS 0x000000008f000000, 0x000000008f000000| Untracked 
| 241|0x000000008f100000, 0x000000008f100000, 0x000000008f200000|  0%| F|  |TAMS 0x000000008f100000, 0x000000008f100000| Untracked 
| 242|0x000000008f200000, 0x000000008f200000, 0x000000008f300000|  0%| F|  |TAMS 0x000000008f200000, 0x000000008f200000| Untracked 
| 243|0x000000008f300000, 0x000000008f300000, 0x000000008f400000|  0%| F|  |TAMS 0x000000008f300000, 0x000000008f300000| Untracked 
| 244|0x000000008f400000, 0x000000008f400000, 0x000000008f500000|  0%| F|  |TAMS 0x000000008f400000, 0x000000008f400000| Untracked 
| 245|0x000000008f500000, 0x000000008f500000, 0x000000008f600000|  0%| F|  |TAMS 0x000000008f500000, 0x000000008f500000| Untracked 
| 246|0x000000008f600000, 0x000000008f600000, 0x000000008f700000|  0%| F|  |TAMS 0x000000008f600000, 0x000000008f600000| Untracked 
| 247|0x000000008f700000, 0x000000008f700000, 0x000000008f800000|  0%| F|  |TAMS 0x000000008f700000, 0x000000008f700000| Untracked 
| 248|0x000000008f800000, 0x000000008f800000, 0x000000008f900000|  0%| F|  |TAMS 0x000000008f800000, 0x000000008f800000| Untracked 
| 249|0x000000008f900000, 0x000000008f900000, 0x000000008fa00000|  0%| F|  |TAMS 0x000000008f900000, 0x000000008f900000| Untracked 
| 250|0x000000008fa00000, 0x000000008fa00000, 0x000000008fb00000|  0%| F|  |TAMS 0x000000008fa00000, 0x000000008fa00000| Untracked 
| 251|0x000000008fb00000, 0x000000008fb00000, 0x000000008fc00000|  0%| F|  |TAMS 0x000000008fb00000, 0x000000008fb00000| Untracked 
| 252|0x000000008fc00000, 0x000000008fc00000, 0x000000008fd00000|  0%| F|  |TAMS 0x000000008fc00000, 0x000000008fc00000| Untracked 
| 253|0x000000008fd00000, 0x000000008fd00000, 0x000000008fe00000|  0%| F|  |TAMS 0x000000008fd00000, 0x000000008fd00000| Untracked 
| 254|0x000000008fe00000, 0x000000008fe00000, 0x000000008ff00000|  0%| F|  |TAMS 0x000000008fe00000, 0x000000008fe00000| Untracked 
| 255|0x000000008ff00000, 0x000000008ff00000, 0x0000000090000000|  0%| F|  |TAMS 0x000000008ff00000, 0x000000008ff00000| Untracked 

Card table byte_map: [0x000002167d170000,0x000002167d570000] _byte_map_base: 0x000002167cd70000

Marking Bits (Prev, Next): (CMBitMap*) 0x0000021677283ab0, (CMBitMap*) 0x0000021677283a78
 Prev Bits: [0x000002160f000000, 0x0000021611000000)
 Next Bits: [0x000002167d970000, 0x000002167f970000)

Polling page: 0x0000021677310000

Metaspace:

Usage:
  Non-class:    105.94 MB capacity,   104.04 MB ( 98%) used,     1.53 MB (  1%) free+waste,   384.81 KB ( <1%) overhead. 
      Class:     16.07 MB capacity,    14.92 MB ( 93%) used,  1006.39 KB (  6%) free+waste,   170.25 KB (  1%) overhead. 
       Both:    122.01 MB capacity,   118.96 MB ( 97%) used,     2.51 MB (  2%) free+waste,   555.06 KB ( <1%) overhead. 

Virtual space:
  Non-class space:      108.00 MB reserved,     106.16 MB ( 98%) committed 
      Class space:        1.00 GB reserved,      16.13 MB (  2%) committed 
             Both:        1.11 GB reserved,     122.29 MB ( 11%) committed 

Chunk freelists:
   Non-Class:  33.00 KB
       Class:  0 bytes
        Both:  33.00 KB

MaxMetaspaceSize: 17179869184.00 GB
CompressedClassSpaceSize: 1.00 GB

CodeHeap 'non-profiled nmethods': size=120064Kb used=11745Kb max_used=11745Kb free=108318Kb
 bounds [0x0000021607ac0000, 0x0000021608640000, 0x000002160f000000]
CodeHeap 'profiled nmethods': size=120000Kb used=40110Kb max_used=40110Kb free=79889Kb
 bounds [0x0000021600590000, 0x0000021602ce0000, 0x0000021607ac0000]
CodeHeap 'non-nmethods': size=5696Kb used=2417Kb max_used=2499Kb free=3278Kb
 bounds [0x0000021600000000, 0x0000021600280000, 0x0000021600590000]
 total_blobs=18935 nmethods=17853 adapters=992
 compilation: enabled
              stopped_count=0, restarted_count=0
 full_count=0

Compilation events (20 events):
Event: 30.235 Thread 0x0000021613bb3000 19592       4       com.android.tools.r8.internal.Mg::f (30 bytes)
Event: 30.248 Thread 0x0000021613bb3000 nmethod 19592 0x0000021608634790 code [0x00000216086349a0, 0x0000021608635838]
Event: 30.248 Thread 0x0000021613bb3000 19595       4       com.android.tools.r8.graph.X::a (10 bytes)
Event: 30.260 Thread 0x0000021613bbe000 19617       2       com.android.tools.r8.internal.X4::a (1165 bytes)
Event: 30.263 Thread 0x0000021613bbe000 nmethod 19617 0x0000021602cc6c10 code [0x0000021602cc7420, 0x0000021602cca178]
Event: 30.263 Thread 0x0000021613bbe000 19634 %     3       com.android.tools.r8.internal.Fa::a @ 122 (225 bytes)
Event: 30.265 Thread 0x0000021613bbe000 nmethod 19634% 0x0000021602ccbc10 code [0x0000021602ccc0e0, 0x0000021602ccf0e8]
Event: 30.265 Thread 0x0000021613bbe000 19625       2       com.android.tools.r8.internal.g9::c (81 bytes)
Event: 30.265 Thread 0x0000021613bbe000 nmethod 19625 0x0000021602ccff10 code [0x0000021602cd0140, 0x0000021602cd0698]
Event: 30.265 Thread 0x0000021613bbe000 19623       2       com.android.tools.r8.internal.F7::a (679 bytes)
Event: 30.277 Thread 0x0000021613bb3000 nmethod 19595 0x0000021608635e90 code [0x0000021608636100, 0x0000021608637170]
Event: 30.277 Thread 0x0000021613bb3000 19632       4       com.android.tools.r8.ir.regalloc.c::a (43 bytes)
Event: 30.277 Thread 0x0000021613bb3000 nmethod 19632 0x0000021608638010 code [0x00000216086381a0, 0x0000021608638238]
Event: 30.277 Thread 0x0000021613bb3000 19633       4       com.android.tools.r8.internal.X4::d (13 bytes)
Event: 30.280 Thread 0x0000021613bb3000 nmethod 19633 0x0000021608638310 code [0x00000216086384e0, 0x00000216086387f8]
Event: 30.280 Thread 0x0000021613bb3000 19624       4       com.android.tools.r8.internal.Ah::<init> (89 bytes)
Event: 30.285 Thread 0x0000021613bb3000 nmethod 19624 0x0000021608638990 code [0x0000021608638ba0, 0x00000216086392f8]
Event: 30.285 Thread 0x0000021613bb3000 19662       4       com.android.tools.r8.internal.Of::b (226 bytes)
Event: 30.300 Thread 0x0000021613bb3000 nmethod 19662 0x0000021608639710 code [0x0000021608639940, 0x000002160863a788]
Event: 30.300 Thread 0x0000021613bb3000 19678       4       com.android.tools.r8.internal.X4::a (1165 bytes)

GC Heap History (20 events):
Event: 27.410 GC heap after
{Heap after GC invocations=28 (full 0):
 garbage-first heap   total 262144K, used 115624K [0x0000000080000000, 0x0000000100000000)
  region size 1024K, 12 young (12288K), 12 survivors (12288K)
 Metaspace       used 112311K, capacity 114891K, committed 114980K, reserved 1148928K
  class space    used 13969K, capacity 14926K, committed 14976K, reserved 1048576K
}
Event: 27.900 GC heap before
{Heap before GC invocations=28 (full 0):
 garbage-first heap   total 262144K, used 221096K [0x0000000080000000, 0x0000000100000000)
  region size 1024K, 116 young (118784K), 12 survivors (12288K)
 Metaspace       used 116155K, capacity 118866K, committed 118948K, reserved 1153024K
  class space    used 14572K, capacity 15599K, committed 15616K, reserved 1048576K
}
Event: 27.909 GC heap after
{Heap after GC invocations=29 (full 0):
 garbage-first heap   total 262144K, used 120421K [0x0000000080000000, 0x0000000100000000)
  region size 1024K, 11 young (11264K), 11 survivors (11264K)
 Metaspace       used 116155K, capacity 118866K, committed 118948K, reserved 1153024K
  class space    used 14572K, capacity 15599K, committed 15616K, reserved 1048576K
}
Event: 28.321 GC heap before
{Heap before GC invocations=29 (full 0):
 garbage-first heap   total 262144K, used 222821K [0x0000000080000000, 0x0000000100000000)
  region size 1024K, 112 young (114688K), 11 survivors (11264K)
 Metaspace       used 117751K, capacity 120529K, committed 120868K, reserved 1155072K
  class space    used 14829K, capacity 15889K, committed 16000K, reserved 1048576K
}
Event: 28.341 GC heap after
{Heap after GC invocations=30 (full 0):
 garbage-first heap   total 262144K, used 142468K [0x0000000080000000, 0x0000000100000000)
  region size 1024K, 14 young (14336K), 14 survivors (14336K)
 Metaspace       used 117751K, capacity 120529K, committed 120868K, reserved 1155072K
  class space    used 14829K, capacity 15889K, committed 16000K, reserved 1048576K
}
Event: 28.556 GC heap before
{Heap before GC invocations=30 (full 0):
 garbage-first heap   total 262144K, used 213124K [0x0000000080000000, 0x0000000100000000)
  region size 1024K, 83 young (84992K), 14 survivors (14336K)
 Metaspace       used 118964K, capacity 121805K, committed 122020K, reserved 1155072K
  class space    used 14995K, capacity 16073K, committed 16128K, reserved 1048576K
}
Event: 28.583 GC heap after
{Heap after GC invocations=31 (full 0):
 garbage-first heap   total 262144K, used 153527K [0x0000000080000000, 0x0000000100000000)
  region size 1024K, 11 young (11264K), 11 survivors (11264K)
 Metaspace       used 118964K, capacity 121805K, committed 122020K, reserved 1155072K
  class space    used 14995K, capacity 16073K, committed 16128K, reserved 1048576K
}
Event: 28.882 GC heap before
{Heap before GC invocations=32 (full 0):
 garbage-first heap   total 262144K, used 202679K [0x0000000080000000, 0x0000000100000000)
  region size 1024K, 70 young (71680K), 11 survivors (11264K)
 Metaspace       used 119589K, capacity 122493K, committed 122660K, reserved 1155072K
  class space    used 15083K, capacity 16193K, committed 16256K, reserved 1048576K
}
Event: 28.897 GC heap after
{Heap after GC invocations=33 (full 0):
 garbage-first heap   total 262144K, used 151713K [0x0000000080000000, 0x0000000100000000)
  region size 1024K, 8 young (8192K), 8 survivors (8192K)
 Metaspace       used 119589K, capacity 122493K, committed 122660K, reserved 1155072K
  class space    used 15083K, capacity 16193K, committed 16256K, reserved 1048576K
}
Event: 28.911 GC heap before
{Heap before GC invocations=33 (full 0):
 garbage-first heap   total 262144K, used 155809K [0x0000000080000000, 0x0000000100000000)
  region size 1024K, 12 young (12288K), 8 survivors (8192K)
 Metaspace       used 119593K, capacity 122493K, committed 122660K, reserved 1155072K
  class space    used 15083K, capacity 16193K, committed 16256K, reserved 1048576K
}
Event: 28.918 GC heap after
{Heap after GC invocations=34 (full 0):
 garbage-first heap   total 262144K, used 149396K [0x0000000080000000, 0x0000000100000000)
  region size 1024K, 2 young (2048K), 2 survivors (2048K)
 Metaspace       used 119593K, capacity 122493K, committed 122660K, reserved 1155072K
  class space    used 15083K, capacity 16193K, committed 16256K, reserved 1048576K
}
Event: 29.235 GC heap before
{Heap before GC invocations=34 (full 0):
 garbage-first heap   total 262144K, used 209812K [0x0000000080000000, 0x0000000100000000)
  region size 1024K, 62 young (63488K), 2 survivors (2048K)
 Metaspace       used 120601K, capacity 123552K, committed 123812K, reserved 1157120K
  class space    used 15179K, capacity 16304K, committed 16384K, reserved 1048576K
}
Event: 29.242 GC heap after
{Heap after GC invocations=35 (full 0):
 garbage-first heap   total 262144K, used 152835K [0x0000000080000000, 0x0000000100000000)
  region size 1024K, 5 young (5120K), 5 survivors (5120K)
 Metaspace       used 120601K, capacity 123552K, committed 123812K, reserved 1157120K
  class space    used 15179K, capacity 16304K, committed 16384K, reserved 1048576K
}
Event: 29.784 GC heap before
{Heap before GC invocations=36 (full 0):
 garbage-first heap   total 262144K, used 214275K [0x0000000080000000, 0x0000000100000000)
  region size 1024K, 65 young (66560K), 5 survivors (5120K)
 Metaspace       used 121620K, capacity 124655K, committed 124964K, reserved 1157120K
  class space    used 15275K, capacity 16451K, committed 16512K, reserved 1048576K
}
Event: 29.792 GC heap after
{Heap after GC invocations=37 (full 0):
 garbage-first heap   total 262144K, used 155369K [0x0000000080000000, 0x0000000100000000)
  region size 1024K, 7 young (7168K), 7 survivors (7168K)
 Metaspace       used 121620K, capacity 124655K, committed 124964K, reserved 1157120K
  class space    used 15275K, capacity 16451K, committed 16512K, reserved 1048576K
}
Event: 29.818 GC heap before
{Heap before GC invocations=37 (full 0):
 garbage-first heap   total 262144K, used 160489K [0x0000000080000000, 0x0000000100000000)
  region size 1024K, 12 young (12288K), 7 survivors (7168K)
 Metaspace       used 121626K, capacity 124655K, committed 124964K, reserved 1157120K
  class space    used 15275K, capacity 16451K, committed 16512K, reserved 1048576K
}
Event: 29.825 GC heap after
{Heap after GC invocations=38 (full 0):
 garbage-first heap   total 262144K, used 151180K [0x0000000080000000, 0x0000000100000000)
  region size 1024K, 1 young (1024K), 1 survivors (1024K)
 Metaspace       used 121626K, capacity 124655K, committed 124964K, reserved 1157120K
  class space    used 15275K, capacity 16451K, committed 16512K, reserved 1048576K
}
Event: 30.065 GC heap before
{Heap before GC invocations=38 (full 0):
 garbage-first heap   total 262144K, used 213644K [0x0000000080000000, 0x0000000100000000)
  region size 1024K, 63 young (64512K), 1 survivors (1024K)
 Metaspace       used 121753K, capacity 124863K, committed 124964K, reserved 1157120K
  class space    used 15275K, capacity 16452K, committed 16512K, reserved 1048576K
}
Event: 30.075 GC heap after
{Heap after GC invocations=39 (full 0):
 garbage-first heap   total 262144K, used 157115K [0x0000000080000000, 0x0000000100000000)
  region size 1024K, 7 young (7168K), 7 survivors (7168K)
 Metaspace       used 121753K, capacity 124863K, committed 124964K, reserved 1157120K
  class space    used 15275K, capacity 16452K, committed 16512K, reserved 1048576K
}
Event: 30.314 GC heap before
{Heap before GC invocations=40 (full 0):
 garbage-first heap   total 262144K, used 216507K [0x0000000080000000, 0x0000000100000000)
  region size 1024K, 66 young (67584K), 7 survivors (7168K)
 Metaspace       used 121811K, capacity 124936K, committed 125220K, reserved 1159168K
  class space    used 15276K, capacity 16453K, committed 16512K, reserved 1048576K
}

Deoptimization events (20 events):
Event: 30.058 Thread 0x0000021617dfb000 DEOPT PACKING pc=0x000002160818fa5c sp=0x00000039809f9fa0
Event: 30.058 Thread 0x0000021617dfb000 DEOPT UNPACKING pc=0x000002160002662f sp=0x00000039809f9f88 mode 2
Event: 30.058 Thread 0x0000021617dfb000 Uncommon trap: trap_request=0xffffffbe fr.pc=0x000002160818fa5c relative=0x00000000000009fc
Event: 30.058 Thread 0x0000021617dfb000 Uncommon trap: reason=profile_predicate action=maybe_recompile pc=0x000002160818fa5c method=com.android.tools.r8.internal.i8.a(Ljava/util/Iterator;Ljava/util/Iterator;Lcom/android/tools/r8/internal/EE$a;)I @ 5 c2
Event: 30.058 Thread 0x0000021617dfb000 DEOPT PACKING pc=0x000002160818fa5c sp=0x00000039809f9fa0
Event: 30.058 Thread 0x0000021617dfb000 DEOPT UNPACKING pc=0x000002160002662f sp=0x00000039809f9f88 mode 2
Event: 30.091 Thread 0x0000021613ebc000 DEOPT PACKING pc=0x0000021601a8b1c1 sp=0x00000039817f9eb0
Event: 30.091 Thread 0x0000021613ebc000 DEOPT UNPACKING pc=0x0000021600026dde sp=0x00000039817f9540 mode 0
Event: 30.181 Thread 0x00000216191f5000 Uncommon trap: trap_request=0xffffff4d fr.pc=0x0000021607dae2cc relative=0x000000000000028c
Event: 30.181 Thread 0x00000216191f5000 Uncommon trap: reason=unstable_if action=reinterpret pc=0x0000021607dae2cc method=com.android.tools.r8.graph.c0.a([C)I @ 29 c2
Event: 30.181 Thread 0x00000216191f5000 DEOPT PACKING pc=0x0000021607dae2cc sp=0x0000003982ff9c00
Event: 30.181 Thread 0x00000216191f5000 DEOPT UNPACKING pc=0x000002160002662f sp=0x0000003982ff9b80 mode 2
Event: 30.230 Thread 0x0000021613ebc000 Uncommon trap: trap_request=0xfffffff4 fr.pc=0x0000021608618298 relative=0x0000000000007d58
Event: 30.230 Thread 0x0000021613ebc000 Uncommon trap: reason=null_check action=make_not_entrant pc=0x0000021608618298 method=com.android.tools.r8.internal.g9.equals(Ljava/lang/Object;)Z @ 8 c2
Event: 30.230 Thread 0x0000021613ebc000 DEOPT PACKING pc=0x0000021608618298 sp=0x00000039817f9bc0
Event: 30.230 Thread 0x0000021613ebc000 DEOPT UNPACKING pc=0x000002160002662f sp=0x00000039817f9b88 mode 2
Event: 30.289 Thread 0x0000021613ebc000 Uncommon trap: trap_request=0xffffff4d fr.pc=0x000002160862e294 relative=0x00000000000058f4
Event: 30.289 Thread 0x0000021613ebc000 Uncommon trap: reason=unstable_if action=reinterpret pc=0x000002160862e294 method=com.android.tools.r8.ir.regalloc.b.g(I)Lcom/android/tools/r8/ir/regalloc/b; @ 153 c2
Event: 30.289 Thread 0x0000021613ebc000 DEOPT PACKING pc=0x000002160862e294 sp=0x00000039817f9ec0
Event: 30.289 Thread 0x0000021613ebc000 DEOPT UNPACKING pc=0x000002160002662f sp=0x00000039817f9d48 mode 2

Classes redefined (0 events):
No events

Internal exceptions (20 events):
Event: 27.691 Thread 0x000002161a920000 Exception <a 'java/lang/NoSuchMethodError'{0x000000008bd00d28}: 'void java.lang.invoke.DirectMethodHandle$Holder.invokeVirtual(java.lang.Object, java.lang.Object, int, java.lang.Object)'> (0x000000008bd00d28) thrown at [./src/hotspot/share/interpreter/linkResolver.cpp, line 773]
Event: 27.764 Thread 0x0000021617dfb000 Exception <a 'sun/nio/fs/WindowsException'{0x000000008a1481b8}> (0x000000008a1481b8) thrown at [./src/hotspot/share/prims/jni.cpp, line 615]
Event: 27.990 Thread 0x00000216141af800 Exception <a 'sun/nio/fs/WindowsException'{0x000000008e94fbe0}> (0x000000008e94fbe0) thrown at [./src/hotspot/share/prims/jni.cpp, line 615]
Event: 28.071 Thread 0x00000216191f5000 Exception <a 'sun/nio/fs/WindowsException'{0x000000008d79fff0}> (0x000000008d79fff0) thrown at [./src/hotspot/share/prims/jni.cpp, line 615]
Event: 28.158 Thread 0x0000021613ebc000 Exception <a 'sun/nio/fs/WindowsException'{0x000000008c3e6100}> (0x000000008c3e6100) thrown at [./src/hotspot/share/prims/jni.cpp, line 615]
Event: 28.362 Thread 0x000002161a920000 Exception <a 'java/lang/IncompatibleClassChangeError'{0x000000008fb53440}: Found class java.lang.Object, but interface was expected> (0x000000008fb53440) thrown at [./src/hotspot/share/interpreter/linkResolver.cpp, line 839]
Event: 28.399 Thread 0x000002161a920000 Exception <a 'java/lang/NoSuchMethodError'{0x000000008ed79410}: 'void java.lang.invoke.DirectMethodHandle$Holder.invokeSpecial(java.lang.Object, java.lang.Object, int, java.lang.Object, java.lang.Object, java.lang.Object, java.lang.Object)'> (0x000000008ed79410) thrown at [./src/hotspot/share/interpreter/linkResolver.cpp, line 773]
Event: 28.408 Thread 0x000002161a920000 Exception <a 'java/lang/NoSuchMethodError'{0x000000008ec9bc90}: 'java.lang.Object java.lang.invoke.Invokers$Holder.linkToTargetMethod(java.lang.Object, int, java.lang.Object, java.lang.Object, java.lang.Object, java.lang.Object)'> (0x000000008ec9bc90) thrown at [./src/hotspot/share/interpreter/linkResolver.cpp, line 773]
Event: 28.408 Thread 0x000002161a920000 Exception <a 'java/lang/NoSuchMethodError'{0x000000008eca0140}: 'void java.lang.invoke.DirectMethodHandle$Holder.invokeSpecial(java.lang.Object, java.lang.Object, java.lang.Object, java.lang.Object, java.lang.Object, java.lang.Object, java.lang.Object, java.lang.Object, java.lang.Object)'> (0x000000008eca0140) thrown at [./src/hotspot/share/interpreter/linkResolver.cpp, line 773]
Event: 28.410 Thread 0x000002161a920000 Exception <a 'java/lang/NoSuchMethodError'{0x000000008e5ceaf8}: 'void java.lang.invoke.DirectMethodHandle$Holder.invokeStatic(java.lang.Object, java.lang.Object, java.lang.Object, java.lang.Object, java.lang.Object, java.lang.Object, java.lang.Object, java.lang.Object)'> (0x000000008e5ceaf8) thrown at [./src/hotspot/share/interpreter/linkResolver.cpp, line 773]
Event: 28.503 Thread 0x000002161a920000 Exception <a 'java/lang/IncompatibleClassChangeError'{0x000000008c5c2928}: Found class java.lang.Object, but interface was expected> (0x000000008c5c2928) thrown at [./src/hotspot/share/interpreter/linkResolver.cpp, line 839]
Event: 28.634 Thread 0x000002161a920000 Exception <a 'java/lang/NoSuchMethodError'{0x000000008f8af238}: 'void java.lang.invoke.DirectMethodHandle$Holder.invokeVirtual(java.lang.Object, java.lang.Object, int)'> (0x000000008f8af238) thrown at [./src/hotspot/share/interpreter/linkResolver.cpp, line 773]
Event: 28.787 Thread 0x000002161a920000 Exception <a 'sun/nio/fs/WindowsException'{0x000000008dfcb300}> (0x000000008dfcb300) thrown at [./src/hotspot/share/prims/jni.cpp, line 615]
Event: 28.950 Thread 0x00000216141af800 Exception <a 'java/lang/NoSuchMethodError'{0x000000008f420310}: 'java.lang.Object java.lang.invoke.DirectMethodHandle$Holder.invokeSpecial(java.lang.Object, java.lang.Object, java.lang.Object, java.lang.Object, java.lang.Object, java.lang.Object, java.lang.Object, java.lang.Object, java.lang.Object, java.lang.Object, java.lang.Object)'> (0x000000008f420310) thrown at [./src/hotspot/share/interpreter/linkResolver.cpp, line 773]
Event: 28.950 Thread 0x00000216141af800 Exception <a 'java/lang/NoSuchMethodError'{0x000000008f305348}: 'java.lang.Object java.lang.invoke.Invokers$Holder.linkToTargetMethod(java.lang.Object, java.lang.Object, java.lang.Object, java.lang.Object, java.lang.Object, java.lang.Object, java.lang.Object, java.lang.Object, java.lang.Object, java.lang.Object)'> (0x000000008f305348) thrown at [./src/hotspot/share/interpreter/linkResolver.cpp, line 773]
Event: 29.006 Thread 0x00000216141af800 Exception <a 'java/lang/IncompatibleClassChangeError'{0x000000008e286958}: Found class java.lang.Object, but interface was expected> (0x000000008e286958) thrown at [./src/hotspot/share/interpreter/linkResolver.cpp, line 839]
Event: 29.648 Thread 0x00000216141af800 Exception <a 'sun/nio/fs/WindowsException'{0x000000008d390f40}> (0x000000008d390f40) thrown at [./src/hotspot/share/prims/jni.cpp, line 615]
Event: 30.021 Thread 0x000002161a920000 Exception <a 'sun/nio/fs/WindowsException'{0x000000008ca3f020}> (0x000000008ca3f020) thrown at [./src/hotspot/share/prims/jni.cpp, line 615]
Event: 30.168 Thread 0x0000021617dfb000 Exception <a 'sun/nio/fs/WindowsException'{0x000000008e9d2968}> (0x000000008e9d2968) thrown at [./src/hotspot/share/prims/jni.cpp, line 615]
Event: 30.230 Thread 0x0000021613ebc000 Implicit null exception at 0x00000216086144a3 to 0x0000021608618248

Events (20 events):
Event: 30.171 Executing VM operation: RevokeBias done
Event: 30.171 Executing VM operation: RevokeBias
Event: 30.171 Executing VM operation: RevokeBias done
Event: 30.171 Executing VM operation: RevokeBias
Event: 30.171 Executing VM operation: RevokeBias done
Event: 30.186 Executing VM operation: RevokeBias
Event: 30.189 Executing VM operation: RevokeBias done
Event: 30.189 Executing VM operation: RevokeBias
Event: 30.189 Executing VM operation: RevokeBias done
Event: 30.189 Executing VM operation: RevokeBias
Event: 30.190 Executing VM operation: RevokeBias done
Event: 30.190 Executing VM operation: RevokeBias
Event: 30.190 Executing VM operation: RevokeBias done
Event: 30.190 Executing VM operation: BulkRevokeBias
Event: 30.193 Executing VM operation: BulkRevokeBias done
Event: 30.196 Executing VM operation: CGC_Operation
Event: 30.206 Executing VM operation: CGC_Operation done
Event: 30.267 Executing VM operation: CGC_Operation
Event: 30.273 Executing VM operation: CGC_Operation done
Event: 30.312 Executing VM operation: G1CollectForAllocation


Dynamic libraries:
0x00007ff6503b0000 - 0x00007ff6503ba000 	C:\Program Files\Android\Android Studio\jre\bin\java.exe
0x00007ffbc3810000 - 0x00007ffbc3a05000 	C:\Windows\SYSTEM32\ntdll.dll
0x00007ffb95d80000 - 0x00007ffb95d96000 	C:\Program Files\Avast Software\Avast\aswhook.dll
0x00007ffbc2670000 - 0x00007ffbc272e000 	C:\Windows\System32\KERNEL32.DLL
0x00007ffbc0f20000 - 0x00007ffbc11e8000 	C:\Windows\System32\KERNELBASE.dll
0x00007ffbbe420000 - 0x00007ffbbe4b0000 	C:\Windows\SYSTEM32\apphelp.dll
0x00007ffbc1680000 - 0x00007ffbc1780000 	C:\Windows\System32\ucrtbase.dll
0x00007ffba6a90000 - 0x00007ffba6aa9000 	C:\Program Files\Android\Android Studio\jre\bin\jli.dll
0x00007ffba8640000 - 0x00007ffba8657000 	C:\Program Files\Android\Android Studio\jre\bin\VCRUNTIME140.dll
0x00007ffbc3620000 - 0x00007ffbc37c1000 	C:\Windows\System32\USER32.dll
0x00007ffbc11f0000 - 0x00007ffbc1212000 	C:\Windows\System32\win32u.dll
0x00007ffbc1850000 - 0x00007ffbc187b000 	C:\Windows\System32\GDI32.dll
0x00007ffbc1360000 - 0x00007ffbc146d000 	C:\Windows\System32\gdi32full.dll
0x00007ffbc1780000 - 0x00007ffbc181d000 	C:\Windows\System32\msvcp_win.dll
0x00007ffbb5fa0000 - 0x00007ffbb623a000 	C:\Windows\WinSxS\amd64_microsoft.windows.common-controls_6595b64144ccf1df_6.0.19041.1110_none_60b5254171f9507e\COMCTL32.dll
0x00007ffbc24d0000 - 0x00007ffbc256e000 	C:\Windows\System32\msvcrt.dll
0x00007ffbc2430000 - 0x00007ffbc2460000 	C:\Windows\System32\IMM32.DLL
0x00007ffb84f30000 - 0x00007ffb84fcd000 	C:\Program Files\Android\Android Studio\jre\bin\msvcp140.dll
0x00007ffb3c4c0000 - 0x00007ffb3cf95000 	C:\Program Files\Android\Android Studio\jre\bin\server\jvm.dll
0x00007ffbc19b0000 - 0x00007ffbc1a5e000 	C:\Windows\System32\ADVAPI32.dll
0x00007ffbc1c70000 - 0x00007ffbc1d0c000 	C:\Windows\System32\sechost.dll
0x00007ffbc2300000 - 0x00007ffbc2425000 	C:\Windows\System32\RPCRT4.dll
0x00007ffbc2db0000 - 0x00007ffbc2db8000 	C:\Windows\System32\PSAPI.DLL
0x00007ffbb7300000 - 0x00007ffbb7327000 	C:\Windows\SYSTEM32\WINMM.dll
0x00007ffbb9390000 - 0x00007ffbb939a000 	C:\Windows\SYSTEM32\VERSION.dll
0x00007ffbacad0000 - 0x00007ffbacad9000 	C:\Windows\SYSTEM32\WSOCK32.dll
0x00007ffbc2460000 - 0x00007ffbc24cb000 	C:\Windows\System32\WS2_32.dll
0x00007ffbbf7c0000 - 0x00007ffbbf7d2000 	C:\Windows\SYSTEM32\kernel.appcore.dll
0x00007ffb9a4b0000 - 0x00007ffb9a4c1000 	C:\Program Files\Android\Android Studio\jre\bin\verify.dll
0x00007ffbbec70000 - 0x00007ffbbee54000 	C:\Windows\SYSTEM32\DBGHELP.DLL
0x00007ffbb6940000 - 0x00007ffbb696c000 	C:\Windows\SYSTEM32\dbgcore.DLL
0x00007ffbc12d0000 - 0x00007ffbc1352000 	C:\Windows\System32\bcryptPrimitives.dll
0x00007ffb971b0000 - 0x00007ffb971d9000 	C:\Program Files\Android\Android Studio\jre\bin\java.dll
0x00007ffbbbd40000 - 0x00007ffbbbd4b000 	C:\Program Files\Android\Android Studio\jre\bin\jimage.dll
0x00007ffb97190000 - 0x00007ffb971a8000 	C:\Program Files\Android\Android Studio\jre\bin\zip.dll
0x00007ffbc2dc0000 - 0x00007ffbc3504000 	C:\Windows\System32\SHELL32.dll
0x00007ffbbf010000 - 0x00007ffbbf7a5000 	C:\Windows\SYSTEM32\windows.storage.dll
0x00007ffbc2860000 - 0x00007ffbc2bb5000 	C:\Windows\System32\combase.dll
0x00007ffbc0970000 - 0x00007ffbc099e000 	C:\Windows\SYSTEM32\Wldp.dll
0x00007ffbc3570000 - 0x00007ffbc361d000 	C:\Windows\System32\SHCORE.dll
0x00007ffbc2570000 - 0x00007ffbc25c5000 	C:\Windows\System32\shlwapi.dll
0x00007ffbc0e60000 - 0x00007ffbc0e7f000 	C:\Windows\SYSTEM32\profapi.dll
0x00007ffb97170000 - 0x00007ffb9718a000 	C:\Program Files\Android\Android Studio\jre\bin\net.dll
0x00007ffbb78c0000 - 0x00007ffbb79cc000 	C:\Windows\SYSTEM32\WINHTTP.dll
0x00007ffbc06d0000 - 0x00007ffbc073a000 	C:\Windows\system32\mswsock.dll
0x00007ffb96dd0000 - 0x00007ffb96de4000 	C:\Program Files\Android\Android Studio\jre\bin\nio.dll
0x00007ffb97a60000 - 0x00007ffb97a87000 	C:\Users\mohit\.gradle\native\e1d6ef7f7dcc3fd88c89a11ec53ec762bb8ba0a96d01ffa2cd45eb1d1d8dd5c5\windows-amd64\native-platform.dll
0x00007ffb55830000 - 0x00007ffb55974000 	C:\Users\mohit\.gradle\native\5664cfc778a61ccfe75a443a1ab52a65af34e5dc3c78e0209fed803814484fcb\windows-amd64\native-platform-file-events.dll
0x00007ffbbb310000 - 0x00007ffbbb31a000 	C:\Program Files\Android\Android Studio\jre\bin\management.dll
0x00007ffba9100000 - 0x00007ffba910d000 	C:\Program Files\Android\Android Studio\jre\bin\management_ext.dll
0x00007ffbc08d0000 - 0x00007ffbc08e8000 	C:\Windows\SYSTEM32\CRYPTSP.dll
0x00007ffbbffe0000 - 0x00007ffbc0014000 	C:\Windows\system32\rsaenh.dll
0x00007ffbc1820000 - 0x00007ffbc1847000 	C:\Windows\System32\bcrypt.dll
0x00007ffbc0de0000 - 0x00007ffbc0e0e000 	C:\Windows\SYSTEM32\USERENV.dll
0x00007ffbc08c0000 - 0x00007ffbc08cc000 	C:\Windows\SYSTEM32\CRYPTBASE.dll
0x00007ffbc0370000 - 0x00007ffbc03ab000 	C:\Windows\SYSTEM32\IPHLPAPI.DLL
0x00007ffbc2730000 - 0x00007ffbc2738000 	C:\Windows\System32\NSI.dll
0x00007ffbb9810000 - 0x00007ffbb9827000 	C:\Windows\SYSTEM32\dhcpcsvc6.DLL
0x00007ffbb97f0000 - 0x00007ffbb980d000 	C:\Windows\SYSTEM32\dhcpcsvc.DLL
0x00007ffbc03b0000 - 0x00007ffbc047b000 	C:\Windows\SYSTEM32\DNSAPI.dll
0x00007ffb56600000 - 0x00007ffb567a5000 	C:\Program Files\Android\Android Studio\jre\bin\awt.dll
0x00007ffbc18e0000 - 0x00007ffbc19ad000 	C:\Windows\System32\OLEAUT32.dll
0x00007ffbbe800000 - 0x00007ffbbe82f000 	C:\Windows\SYSTEM32\dwmapi.dll
0x00007ffbbe5d0000 - 0x00007ffbbe66e000 	C:\Windows\system32\uxtheme.dll
0x00007ffb90cf0000 - 0x00007ffb90d17000 	C:\Program Files\Android\Android Studio\jre\bin\sunec.dll
0x0000000076100000 - 0x0000000076126000 	C:\Program Files\Bonjour\mdnsNSP.dll
0x00007ffbb92a0000 - 0x00007ffbb92aa000 	C:\Windows\System32\rasadhlp.dll
0x00007ffbb75f0000 - 0x00007ffbb766f000 	C:\Windows\System32\fwpuclnt.dll

dbghelp: loaded successfully - version: 4.0.5 - missing functions: none
symbol engine: initialized successfully - sym options: 0x614 - pdb path: .;C:\Program Files\Android\Android Studio\jre\bin;C:\Windows\SYSTEM32;C:\Program Files\Avast Software\Avast;C:\Windows\WinSxS\amd64_microsoft.windows.common-controls_6595b64144ccf1df_6.0.19041.1110_none_60b5254171f9507e;C:\Program Files\Android\Android Studio\jre\bin\server;C:\Users\mohit\.gradle\native\e1d6ef7f7dcc3fd88c89a11ec53ec762bb8ba0a96d01ffa2cd45eb1d1d8dd5c5\windows-amd64;C:\Users\mohit\.gradle\native\5664cfc778a61ccfe75a443a1ab52a65af34e5dc3c78e0209fed803814484fcb\windows-amd64;C:\Program Files\Bonjour

VM Arguments:
jvm_args: --add-opens=java.base/java.util=ALL-UNNAMED --add-opens=java.base/java.lang=ALL-UNNAMED --add-opens=java.base/java.lang.invoke=ALL-UNNAMED --add-opens=java.base/java.util=ALL-UNNAMED --add-opens=java.prefs/java.util.prefs=ALL-UNNAMED --add-opens=java.prefs/java.util.prefs=ALL-UNNAMED --add-opens=java.base/java.nio.charset=ALL-UNNAMED --add-opens=java.base/java.net=ALL-UNNAMED --add-opens=java.base/java.util.concurrent.atomic=ALL-UNNAMED -Xmx2048m -Dfile.encoding=UTF-8 -Duser.country=US -Duser.language=en -Duser.variant 
java_command: org.gradle.launcher.daemon.bootstrap.GradleDaemon 7.3.3
java_class_path (initial): C:\Users\mohit\.gradle\wrapper\dists\gradle-7.3.3-bin\6a41zxkdtcxs8rphpq6y0069z\gradle-7.3.3\lib\gradle-launcher-7.3.3.jar
Launcher Type: SUN_STANDARD

[Global flags]
     intx CICompilerCount                          = 3                                         {product} {ergonomic}
     uint ConcGCThreads                            = 2                                         {product} {ergonomic}
     uint G1ConcRefinementThreads                  = 6                                         {product} {ergonomic}
   size_t G1HeapRegionSize                         = 1048576                                   {product} {ergonomic}
    uintx GCDrainStackTargetSize                   = 64                                        {product} {ergonomic}
   size_t InitialHeapSize                          = 268435456                                 {product} {ergonomic}
   size_t MarkStackSize                            = 4194304                                   {product} {ergonomic}
   size_t MaxHeapSize                              = 2147483648                                {product} {command line}
   size_t MaxNewSize                               = 1287651328                                {product} {ergonomic}
   size_t MinHeapDeltaBytes                        = 1048576                                   {product} {ergonomic}
    uintx NonNMethodCodeHeapSize                   = 5830732                                {pd product} {ergonomic}
    uintx NonProfiledCodeHeapSize                  = 122913754                              {pd product} {ergonomic}
    uintx ProfiledCodeHeapSize                     = 122913754                              {pd product} {ergonomic}
    uintx ReservedCodeCacheSize                    = 251658240                              {pd product} {ergonomic}
     bool SegmentedCodeCache                       = true                                      {product} {ergonomic}
     bool UseCompressedClassPointers               = true                                 {lp64_product} {ergonomic}
     bool UseCompressedOops                        = true                                 {lp64_product} {ergonomic}
     bool UseG1GC                                  = true                                      {product} {ergonomic}
     bool UseLargePagesIndividualAllocation        = false                                  {pd product} {ergonomic}

Logging:
Log output configuration:
 #0: stdout all=warning uptime,level,tags
 #1: stderr all=off uptime,level,tags

Environment Variables:
PATH=C:\Program Files\Common Files\Oracle\Java\javapath;C:\Program Files (x86)\Common Files\Oracle\Java\javapath;C:\Windows\system32;C:\Windows;C:\Windows\System32\Wbem;C:\Windows\System32\WindowsPowerShell\v1.0\;C:\Windows\System32\OpenSSH\;C:\Program Files (x86)\NVIDIA Corporation\PhysX\Common;;C:\Program Files\NVIDIA Corporation\NVIDIA NvDLISR;C:\Program Files\dotnet\;C:\Users\mohit\AppData\Local\Programs\Python\Python39\Scripts\;C:\Users\mohit\AppData\Local\Programs\Python\Python39\;C:\Users\mohit\AppData\Local\Microsoft\WindowsApps;C:\Users\mohit\.dotnet\tools;C:\Users\mohit\AppData\Local\GitHubDesktop\bin
USERNAME=mohit
OS=Windows_NT
PROCESSOR_IDENTIFIER=Intel64 Family 6 Model 158 Stepping 10, GenuineIntel



---------------  S Y S T E M  ---------------

OS: Windows 10 , 64 bit Build 19041 (10.0.19041.1466)
OS uptime: 0 days 18:01 hours

CPU:total 6 (initial active 6) (6 cores per cpu, 1 threads per core) family 6 model 158 stepping 10 microcode 0xd6, cmov, cx8, fxsr, mmx, sse, sse2, sse3, ssse3, sse4.1, sse4.2, popcnt, avx, avx2, aes, clmul, erms, 3dnowpref, lzcnt, tsc, tscinvbit, bmi1, bmi2, adx, fma

Memory: 4k page, system-wide physical 16313M (3904M free)
TotalPageFile size 16313M (AvailPageFile size 39M)
current process WorkingSet (physical memory assigned to process): 659M, peak: 662M
current process commit charge ("private bytes"): 700M, peak: 750M

vm_info: OpenJDK 64-Bit Server VM (11.0.11+9-b60-7590822) for windows-amd64 JRE (11.0.11+9-b60-7590822), built on Jul 29 2021 21:43:44 by "builder" with MS VC++ 14.0 (VS2015)

END.
